#
# A fatal error has been detected by the Java Runtime Environment:
#
#  EXCEPTION_ACCESS_VIOLATION (0xc0000005) at pc=0x00007ffab73efb5c, pid=13736, tid=0x0000000000004724
#
# JRE version: Java(TM) SE Runtime Environment (8.0_391) (build 1.8.0_391-b13)
# Java VM: Java HotSpot(TM) 64-Bit Server VM (25.391-b13 mixed mode windows-amd64 compressed oops)
# Problematic frame:
# V  [jvm.dll+0x10fb5c]
#
# Failed to write core dump. Minidumps are not enabled by default on client versions of Windows
#
# If you would like to submit a bug report, please visit:
#   http://bugreport.java.com/bugreport/crash.jsp
#

---------------  T H R E A D  ---------------

Current thread (0x000001e1e1dea800):  GCTaskThread [stack: 0x000000cc70400000,0x000000cc70500000] [id=18212]

siginfo: ExceptionCode=0xc0000005, reading address 0x0000000000000008

Registers:
RAX=0x0000000000000000, RBX=0x000000cc704febf0, RCX=0x0000000000000000, RDX=0x0000000000000000
RSP=0x000000cc704fe910, RBP=0x0000000000000001, RSI=0x00007ffab7b05d98, RDI=0x000001e1f5460750
R8 =0x0000000000000000, R9 =0x000001e1f5460750, R10=0x000001e1e1de9140, R11=0x000001e1f5461597
R12=0x00000000000000d1, R13=0x000001e1e1deb1f0, R14=0x0000000000000001, R15=0x00007ffab72e0000
RIP=0x00007ffab73efb5c, EFLAGS=0x0000000000010206

Top of Stack: (sp=0x000000cc704fe910)
0x000000cc704fe910:   000001e1e1dea800 00007ffab73696fc
0x000000cc704fe920:   00003058a5c1a66a 000001e1f5461728
0x000000cc704fe930:   000000cc00000000 00007ffab73f3df7
0x000000cc704fe940:   000000cc704fea40 00007ffab73f08c2
0x000000cc704fe950:   00003058a5c1a89a 000000cc704febf0
0x000000cc704fe960:   00000000000000b2 00000000000000b2
0x000000cc704fe970:   000000cc704febf0 00007ffab73f21af
0x000000cc704fe980:   000000cc704fea40 000000cc704fea40
0x000000cc704fe990:   0000000000000001 0000000000000000
0x000000cc704fe9a0:   000001e1000000b7 00007ffab73696fc
0x000000cc704fe9b0:   000001e1f5461728 000001e1e1dea800
0x000000cc704fe9c0:   000001e1f54615bc 000000cc000000e6
0x000000cc704fe9d0:   000001e1e1dea800 00007ffab73696fc
0x000000cc704fe9e0:   00007ffab72e0000 00000000000000b2
0x000000cc704fe9f0:   00000000000000b2 000001e1f54615c7
0x000000cc704fea00:   000000cc704febf0 00007ffab73f28ff 

Instructions: (pc=0x00007ffab73efb5c)
0x00007ffab73efb3c:   8b cf e8 ad 98 ff ff 8b d0 48 8b cf e8 a3 c2 ff
0x00007ffab73efb4c:   ff 48 63 c8 48 8d 35 41 62 71 00 48 8b 44 cf 50
0x00007ffab73efb5c:   0f b6 48 08 8b 05 2e 62 71 00 80 f9 4c 74 3d 80
0x00007ffab73efb6c:   f9 5b 74 38 80 f9 4a 74 24 80 f9 44 74 1f 80 f9 


Register to memory mapping:

RAX=0x0000000000000000 is an unknown value
RBX=0x000000cc704febf0 is an unknown value
RCX=0x0000000000000000 is an unknown value
RDX=0x0000000000000000 is an unknown value
RSP=0x000000cc704fe910 is an unknown value
RBP=0x0000000000000001 is an unknown value
RSI=0x00007ffab7b05d98 is an unknown value
RDI=0x000001e1f5460750 is pointing into metadata
R8 =0x0000000000000000 is an unknown value
R9 =0x000001e1f5460750 is pointing into metadata
R10=0x000001e1e1de9140 is an unknown value
R11=0x000001e1f5461597 is pointing into metadata
R12=0x00000000000000d1 is an unknown value
R13=0x000001e1e1deb1f0 is an unknown value
R14=0x0000000000000001 is an unknown value
R15=0x00007ffab72e0000 is an unknown value


Stack: [0x000000cc70400000,0x000000cc70500000],  sp=0x000000cc704fe910,  free space=1018k
Native frames: (J=compiled Java code, j=interpreted, Vv=VM code, C=native code)
V  [jvm.dll+0x10fb5c]
V  [jvm.dll+0x1121af]
V  [jvm.dll+0x1128ff]
V  [jvm.dll+0x10fe65]
V  [jvm.dll+0x10ef2d]
V  [jvm.dll+0xd3a4b]
V  [jvm.dll+0xd45b9]
V  [jvm.dll+0x11c7d4]
V  [jvm.dll+0x141427]
V  [jvm.dll+0x216fa9]
V  [jvm.dll+0x21686b]
V  [jvm.dll+0x24fa5f]
V  [jvm.dll+0x3fda4a]
V  [jvm.dll+0x3ebac9]
V  [jvm.dll+0x2accfc]
C  [ucrtbase.dll+0x21bb2]
C  [KERNEL32.DLL+0x17344]
C  [ntdll.dll+0x526b1]

JavaThread 0x000001e1e1dd4800 (nid = 14584) was being processed
Java frames: (J=compiled Java code, j=interpreted, Vv=VM code)
j  in.redbus.BusBooking.method6()V+0
v  ~StubRoutines::call_stub
j  sun.reflect.NativeMethodAccessorImpl.invoke0(Ljava/lang/reflect/Method;Ljava/lang/Object;[Ljava/lang/Object;)Ljava/lang/Object;+0
j  sun.reflect.NativeMethodAccessorImpl.invoke(Ljava/lang/Object;[Ljava/lang/Object;)Ljava/lang/Object;+100
j  sun.reflect.DelegatingMethodAccessorImpl.invoke(Ljava/lang/Object;[Ljava/lang/Object;)Ljava/lang/Object;+6
j  java.lang.reflect.Method.invoke(Ljava/lang/Object;[Ljava/lang/Object;)Ljava/lang/Object;+56
j  org.junit.runners.model.FrameworkMethod$1.runReflectiveCall()Ljava/lang/Object;+15
j  org.junit.internal.runners.model.ReflectiveCallable.run()Ljava/lang/Object;+1
j  org.junit.runners.model.FrameworkMethod.invokeExplosively(Ljava/lang/Object;[Ljava/lang/Object;)Ljava/lang/Object;+10
j  org.junit.internal.runners.statements.InvokeMethod.evaluate()V+12
j  org.junit.runners.ParentRunner$3.evaluate()V+4
j  org.junit.runners.BlockJUnit4ClassRunner$1.evaluate()V+11
j  org.junit.runners.ParentRunner.runLeaf(Lorg/junit/runners/model/Statement;Lorg/junit/runner/Description;Lorg/junit/runner/notification/RunNotifier;)V+17
j  org.junit.runners.BlockJUnit4ClassRunner.runChild(Lorg/junit/runners/model/FrameworkMethod;Lorg/junit/runner/notification/RunNotifier;)V+38
j  org.junit.runners.BlockJUnit4ClassRunner.runChild(Ljava/lang/Object;Lorg/junit/runner/notification/RunNotifier;)V+6
j  org.junit.runners.ParentRunner$4.run()V+12
j  org.junit.runners.ParentRunner$1.schedule(Ljava/lang/Runnable;)V+1
j  org.junit.runners.ParentRunner.runChildren(Lorg/junit/runner/notification/RunNotifier;)V+44
j  org.junit.runners.ParentRunner.access$100(Lorg/junit/runners/ParentRunner;Lorg/junit/runner/notification/RunNotifier;)V+2
j  org.junit.runners.ParentRunner$2.evaluate()V+8
j  org.junit.runners.ParentRunner$3.evaluate()V+4
j  org.junit.runners.ParentRunner.run(Lorg/junit/runner/notification/RunNotifier;)V+24
j  org.eclipse.jdt.internal.junit4.runner.JUnit4TestReference.run(Lorg/eclipse/jdt/internal/junit/runner/TestExecution;)V+72
j  org.eclipse.jdt.internal.junit.runner.TestExecution.run([Lorg/eclipse/jdt/internal/junit/runner/ITestReference;)V+27
j  org.eclipse.jdt.internal.junit.runner.RemoteTestRunner.runTests([Ljava/lang/String;Ljava/lang/String;Lorg/eclipse/jdt/internal/junit/runner/TestExecution;)V+62
j  org.eclipse.jdt.internal.junit.runner.RemoteTestRunner.runTests(Lorg/eclipse/jdt/internal/junit/runner/TestExecution;)V+10
j  org.eclipse.jdt.internal.junit.runner.RemoteTestRunner.run()V+70
j  org.eclipse.jdt.internal.junit.runner.RemoteTestRunner.main([Ljava/lang/String;)V+14
v  ~StubRoutines::call_stub

---------------  P R O C E S S  ---------------

Java Threads: ( => current thread )
  0x000001e1f59a1000 JavaThread "AsyncHttpClient-1-4" daemon [_thread_in_native, id=7064, stack(0x000000cc72100000,0x000000cc72200000)]
  0x000001e1f599f800 JavaThread "AsyncHttpClient-1-3" daemon [_thread_in_native, id=2456, stack(0x000000cc71f00000,0x000000cc72000000)]
  0x000001e1f59a0000 JavaThread "AsyncHttpClient-1-2" daemon [_thread_in_native, id=2900, stack(0x000000cc72000000,0x000000cc72100000)]
  0x000001e1f833e000 JavaThread "Driver Service Executor" daemon [_thread_blocked, id=11720, stack(0x000000cc71c00000,0x000000cc71d00000)]
  0x000001e1f9abf000 JavaThread "Driver Service Executor" daemon [_thread_blocked, id=15008, stack(0x000000cc71b00000,0x000000cc71c00000)]
  0x000001e1f98a1000 JavaThread "Exec Stream Pumper" daemon [_thread_in_native, id=8720, stack(0x000000cc71a00000,0x000000cc71b00000)]
  0x000001e1f8421000 JavaThread "Exec Stream Pumper" daemon [_thread_in_native, id=4436, stack(0x000000cc71900000,0x000000cc71a00000)]
  0x000001e1fa058800 JavaThread "Exec Default Executor" daemon [_thread_in_native, id=18032, stack(0x000000cc71800000,0x000000cc71900000)]
  0x000001e1f927a800 JavaThread "AsyncHttpClient-1-1" daemon [_thread_blocked, id=16264, stack(0x000000cc71700000,0x000000cc71800000)]
  0x000001e1f76f9800 JavaThread "ReaderThread" [_thread_in_native, id=10840, stack(0x000000cc71500000,0x000000cc71600000)]
  0x000001e1f7321000 JavaThread "Service Thread" daemon [_thread_blocked, id=16216, stack(0x000000cc71300000,0x000000cc71400000)]
  0x000001e1f732a000 JavaThread "C1 CompilerThread2" daemon [_thread_blocked, id=14872, stack(0x000000cc71200000,0x000000cc71300000)]
  0x000001e1f7329800 JavaThread "C2 CompilerThread1" daemon [_thread_blocked, id=5628, stack(0x000000cc71100000,0x000000cc71200000)]
  0x000001e1f7328800 JavaThread "C2 CompilerThread0" daemon [_thread_blocked, id=19316, stack(0x000000cc71000000,0x000000cc71100000)]
  0x000001e1f599e800 JavaThread "JDWP Command Reader" daemon [_thread_in_native, id=5200, stack(0x000000cc70f00000,0x000000cc71000000)]
  0x000001e1f5991800 JavaThread "JDWP Event Helper Thread" daemon [_thread_blocked, id=8376, stack(0x000000cc70e00000,0x000000cc70f00000)]
  0x000001e1f598a000 JavaThread "JDWP Transport Listener: dt_socket" daemon [_thread_blocked, id=13356, stack(0x000000cc70d00000,0x000000cc70e00000)]
  0x000001e1f596b800 JavaThread "Attach Listener" daemon [_thread_blocked, id=19936, stack(0x000000cc70c00000,0x000000cc70d00000)]
  0x000001e1f596a800 JavaThread "Signal Dispatcher" daemon [_thread_blocked, id=5620, stack(0x000000cc70b00000,0x000000cc70c00000)]
  0x000001e1f5944800 JavaThread "Finalizer" daemon [_thread_blocked, id=16336, stack(0x000000cc70a00000,0x000000cc70b00000)]
  0x000001e1f593d800 JavaThread "Reference Handler" daemon [_thread_blocked, id=2044, stack(0x000000cc70900000,0x000000cc70a00000)]
  0x000001e1e1dd4800 JavaThread "main" [_thread_blocked, id=14584, stack(0x000000cc70300000,0x000000cc70400000)]

Other Threads:
  0x000001e1f5912000 VMThread [stack: 0x000000cc70800000,0x000000cc70900000] [id=6964]
  0x000001e1f743e800 WatcherThread [stack: 0x000000cc71400000,0x000000cc71500000] [id=7524]

=>0x000001e1e1dea800 (exited) GCTaskThread [stack: 0x000000cc70400000,0x000000cc70500000] [id=18212]

VM state:at safepoint (normal execution)

VM Mutex/Monitor currently owned by a thread:  ([mutex/lock_event])
[0x000001e1e1dd2430] Threads_lock - owner thread: 0x000001e1f5912000
[0x000001e1e1dd1db0] Heap_lock - owner thread: 0x000001e1f598a000

heap address: 0x00000000c1600000, size: 1002 MB, Compressed Oops mode: 32-bit
Narrow klass base: 0x0000000000000000, Narrow klass shift: 3
Compressed class space size: 1073741824 Address: 0x0000000100000000

Heap:
 PSYoungGen      total 36864K, used 32207K [0x00000000eb200000, 0x00000000eec80000, 0x0000000100000000)
  eden space 30208K, 100% used [0x00000000eb200000,0x00000000ecf80000,0x00000000ecf80000)
  from space 6656K, 30% used [0x00000000ed600000,0x00000000ed7f3e50,0x00000000edc80000)
  to   space 6656K, 80% used [0x00000000ecf80000,0x00000000ed4b8010,0x00000000ed600000)
 ParOldGen       total 35840K, used 8539K [0x00000000c1600000, 0x00000000c3900000, 0x00000000eb200000)
  object space 35840K, 23% used [0x00000000c1600000,0x00000000c1e56d50,0x00000000c3900000)
 Metaspace       used 24319K, capacity 25292K, committed 25600K, reserved 1071104K
  class space    used 3023K, capacity 3246K, committed 3328K, reserved 1048576K

Card table byte_map: [0x000001e1f2ac0000,0x000001e1f2cc0000] byte_map_base: 0x000001e1f24b5000

Marking Bits: (ParMarkBitMap*) 0x00007ffab7b16040
 Begin Bits: [0x000001e1f2e10000, 0x000001e1f3db8000)
 End Bits:   [0x000001e1f3db8000, 0x000001e1f4d60000)

Polling page: 0x000001e1e1f00000

CodeCache: size=245760Kb used=7023Kb max_used=8100Kb free=238736Kb
 bounds [0x000001e1e3700000, 0x000001e1e3ef0000, 0x000001e1f2700000]
 total_blobs=2479 nmethods=2004 adapters=395
 compilation: enabled

Compilation events (10 events):
Event: 5688.925 Thread 0x000001e1f7328800 2246   !   4       io.netty.util.HashedWheelTimer::start (103 bytes)
Event: 5688.958 Thread 0x000001e1f7328800 nmethod 2246 0x000001e1e3ade690 code [0x000001e1e3ade7e0, 0x000001e1e3ade958]
Event: 5690.030 Thread 0x000001e1f7329800 2247       4       io.netty.util.HashedWheelTimer::newTimeout (167 bytes)
Event: 5690.089 Thread 0x000001e1f7329800 nmethod 2247 0x000001e1e3bb4f10 code [0x000001e1e3bb50c0, 0x000001e1e3bb5ad0]
Event: 5709.821 Thread 0x000001e1f7328800 2248       4       io.netty.util.concurrent.ImmediateExecutor::execute (15 bytes)
Event: 5709.925 Thread 0x000001e1f7328800 nmethod 2248 0x000001e1e3a5d050 code [0x000001e1e3a5d260, 0x000001e1e3a5e7b8]
Event: 6045.290 Thread 0x000001e1f732a000 2249 %     3       io.netty.util.HashedWheelTimer$Worker::run @ 42 (204 bytes)
Event: 6045.637 Thread 0x000001e1f732a000 nmethod 2249% 0x000001e1e3840b50 code [0x000001e1e3840e20, 0x000001e1e3842190]
Event: 6147.923 Thread 0x000001e1f732a000 2250       3       io.netty.util.HashedWheelTimer$Worker::run (204 bytes)
Event: 6147.932 Thread 0x000001e1f732a000 nmethod 2250 0x000001e1e383ec10 code [0x000001e1e383eee0, 0x000001e1e38401b0]

GC Heap History (10 events):
Event: 2.843 GC heap after
Heap after GC invocations=5 (full 0):
 PSYoungGen      total 34304K, used 2531K [0x00000000eb200000, 0x00000000ede00000, 0x0000000100000000)
  eden space 31744K, 0% used [0x00000000eb200000,0x00000000eb200000,0x00000000ed100000)
  from space 2560K, 98% used [0x00000000ed200000,0x00000000ed478f98,0x00000000ed480000)
  to   space 6656K, 0% used [0x00000000ed780000,0x00000000ed780000,0x00000000ede00000)
 ParOldGen       total 44032K, used 7242K [0x00000000c1600000, 0x00000000c4100000, 0x00000000eb200000)
  object space 44032K, 16% used [0x00000000c1600000,0x00000000c1d12a90,0x00000000c4100000)
 Metaspace       used 14674K, capacity 15076K, committed 15232K, reserved 1062912K
  class space    used 1672K, capacity 1814K, committed 1920K, reserved 1048576K
}
Event: 3.761 GC heap before
{Heap before GC invocations=6 (full 0):
 PSYoungGen      total 34304K, used 34275K [0x00000000eb200000, 0x00000000ede00000, 0x0000000100000000)
  eden space 31744K, 100% used [0x00000000eb200000,0x00000000ed100000,0x00000000ed100000)
  from space 2560K, 98% used [0x00000000ed200000,0x00000000ed478f98,0x00000000ed480000)
  to   space 6656K, 0% used [0x00000000ed780000,0x00000000ed780000,0x00000000ede00000)
 ParOldGen       total 44032K, used 7242K [0x00000000c1600000, 0x00000000c4100000, 0x00000000eb200000)
  object space 44032K, 16% used [0x00000000c1600000,0x00000000c1d12a90,0x00000000c4100000)
 Metaspace       used 18073K, capacity 18436K, committed 18688K, reserved 1064960K
  class space    used 2105K, capacity 2230K, committed 2304K, reserved 1048576K
Event: 3.767 GC heap after
Heap after GC invocations=6 (full 0):
 PSYoungGen      total 37376K, used 5343K [0x00000000eb200000, 0x00000000ede00000, 0x0000000100000000)
  eden space 30720K, 0% used [0x00000000eb200000,0x00000000eb200000,0x00000000ed000000)
  from space 6656K, 80% used [0x00000000ed780000,0x00000000edcb7c88,0x00000000ede00000)
  to   space 7168K, 0% used [0x00000000ed000000,0x00000000ed000000,0x00000000ed700000)
 ParOldGen       total 44032K, used 7250K [0x00000000c1600000, 0x00000000c4100000, 0x00000000eb200000)
  object space 44032K, 16% used [0x00000000c1600000,0x00000000c1d14a90,0x00000000c4100000)
 Metaspace       used 18073K, capacity 18436K, committed 18688K, reserved 1064960K
  class space    used 2105K, capacity 2230K, committed 2304K, reserved 1048576K
}
Event: 4.919 GC heap before
{Heap before GC invocations=7 (full 0):
 PSYoungGen      total 37376K, used 29758K [0x00000000eb200000, 0x00000000ede00000, 0x0000000100000000)
  eden space 30720K, 79% used [0x00000000eb200000,0x00000000ec9d7f20,0x00000000ed000000)
  from space 6656K, 80% used [0x00000000ed780000,0x00000000edcb7c88,0x00000000ede00000)
  to   space 7168K, 0% used [0x00000000ed000000,0x00000000ed000000,0x00000000ed700000)
 ParOldGen       total 44032K, used 7250K [0x00000000c1600000, 0x00000000c4100000, 0x00000000eb200000)
  object space 44032K, 16% used [0x00000000c1600000,0x00000000c1d14a90,0x00000000c4100000)
 Metaspace       used 20406K, capacity 21188K, committed 21296K, reserved 1069056K
  class space    used 2466K, capacity 2676K, committed 2688K, reserved 1048576K
Event: 4.924 GC heap after
Heap after GC invocations=7 (full 0):
 PSYoungGen      total 34816K, used 4312K [0x00000000eb200000, 0x00000000edc80000, 0x0000000100000000)
  eden space 30208K, 0% used [0x00000000eb200000,0x00000000eb200000,0x00000000ecf80000)
  from space 4608K, 93% used [0x00000000ed000000,0x00000000ed436170,0x00000000ed480000)
  to   space 6656K, 0% used [0x00000000ed600000,0x00000000ed600000,0x00000000edc80000)
 ParOldGen       total 44032K, used 8214K [0x00000000c1600000, 0x00000000c4100000, 0x00000000eb200000)
  object space 44032K, 18% used [0x00000000c1600000,0x00000000c1e05a88,0x00000000c4100000)
 Metaspace       used 20406K, capacity 21188K, committed 21296K, reserved 1069056K
  class space    used 2466K, capacity 2676K, committed 2688K, reserved 1048576K
}
Event: 4.924 GC heap before
{Heap before GC invocations=8 (full 1):
 PSYoungGen      total 34816K, used 4312K [0x00000000eb200000, 0x00000000edc80000, 0x0000000100000000)
  eden space 30208K, 0% used [0x00000000eb200000,0x00000000eb200000,0x00000000ecf80000)
  from space 4608K, 93% used [0x00000000ed000000,0x00000000ed436170,0x00000000ed480000)
  to   space 6656K, 0% used [0x00000000ed600000,0x00000000ed600000,0x00000000edc80000)
 ParOldGen       total 44032K, used 8214K [0x00000000c1600000, 0x00000000c4100000, 0x00000000eb200000)
  object space 44032K, 18% used [0x00000000c1600000,0x00000000c1e05a88,0x00000000c4100000)
 Metaspace       used 20406K, capacity 21188K, committed 21296K, reserved 1069056K
  class space    used 2466K, capacity 2676K, committed 2688K, reserved 1048576K
Event: 4.954 GC heap after
Heap after GC invocations=8 (full 1):
 PSYoungGen      total 34816K, used 0K [0x00000000eb200000, 0x00000000edc80000, 0x0000000100000000)
  eden space 30208K, 0% used [0x00000000eb200000,0x00000000eb200000,0x00000000ecf80000)
  from space 4608K, 0% used [0x00000000ed000000,0x00000000ed000000,0x00000000ed480000)
  to   space 6656K, 0% used [0x00000000ed600000,0x00000000ed600000,0x00000000edc80000)
 ParOldGen       total 35840K, used 8523K [0x00000000c1600000, 0x00000000c3900000, 0x00000000eb200000)
  object space 35840K, 23% used [0x00000000c1600000,0x00000000c1e52d50,0x00000000c3900000)
 Metaspace       used 20406K, capacity 21188K, committed 21296K, reserved 1069056K
  class space    used 2466K, capacity 2676K, committed 2688K, reserved 1048576K
}
Event: 6.070 GC heap before
{Heap before GC invocations=9 (full 1):
 PSYoungGen      total 34816K, used 26951K [0x00000000eb200000, 0x00000000edc80000, 0x0000000100000000)
  eden space 30208K, 89% used [0x00000000eb200000,0x00000000ecc51d20,0x00000000ecf80000)
  from space 4608K, 0% used [0x00000000ed000000,0x00000000ed000000,0x00000000ed480000)
  to   space 6656K, 0% used [0x00000000ed600000,0x00000000ed600000,0x00000000edc80000)
 ParOldGen       total 35840K, used 8523K [0x00000000c1600000, 0x00000000c3900000, 0x00000000eb200000)
  object space 35840K, 23% used [0x00000000c1600000,0x00000000c1e52d50,0x00000000c3900000)
 Metaspace       used 22403K, capacity 23160K, committed 23472K, reserved 1069056K
  class space    used 2756K, capacity 2946K, committed 3072K, reserved 1048576K
Event: 6.076 GC heap after
Heap after GC invocations=9 (full 1):
 PSYoungGen      total 36864K, used 1999K [0x00000000eb200000, 0x00000000eec80000, 0x0000000100000000)
  eden space 30208K, 0% used [0x00000000eb200000,0x00000000eb200000,0x00000000ecf80000)
  from space 6656K, 30% used [0x00000000ed600000,0x00000000ed7f3e50,0x00000000edc80000)
  to   space 6656K, 0% used [0x00000000ecf80000,0x00000000ecf80000,0x00000000ed600000)
 ParOldGen       total 35840K, used 8531K [0x00000000c1600000, 0x00000000c3900000, 0x00000000eb200000)
  object space 35840K, 23% used [0x00000000c1600000,0x00000000c1e54d50,0x00000000c3900000)
 Metaspace       used 22403K, capacity 23160K, committed 23472K, reserved 1069056K
  class space    used 2756K, capacity 2946K, committed 3072K, reserved 1048576K
}
Event: 7345.106 GC heap before
{Heap before GC invocations=10 (full 1):
 PSYoungGen      total 36864K, used 32207K [0x00000000eb200000, 0x00000000eec80000, 0x0000000100000000)
  eden space 30208K, 100% used [0x00000000eb200000,0x00000000ecf80000,0x00000000ecf80000)
  from space 6656K, 30% used [0x00000000ed600000,0x00000000ed7f3e50,0x00000000edc80000)
  to   space 6656K, 0% used [0x00000000ecf80000,0x00000000ecf80000,0x00000000ed600000)
 ParOldGen       total 35840K, used 8531K [0x00000000c1600000, 0x00000000c3900000, 0x00000000eb200000)
  object space 35840K, 23% used [0x00000000c1600000,0x00000000c1e54d50,0x00000000c3900000)
 Metaspace       used 24319K, capacity 25292K, committed 25600K, reserved 1071104K
  class space    used 3023K, capacity 3246K, committed 3328K, reserved 1048576K

Deoptimization events (10 events):
Event: 3.498 Thread 0x000001e1e1dd4800 Uncommon trap: reason=class_check action=maybe_recompile pc=0x000001e1e3b2599c method=java.util.regex.Pattern$Curly.match(Ljava/util/regex/Matcher;ILjava/lang/CharSequence;)Z @ 19
Event: 3.498 Thread 0x000001e1e1dd4800 Uncommon trap: reason=class_check action=maybe_recompile pc=0x000001e1e3b2599c method=java.util.regex.Pattern$Curly.match(Ljava/util/regex/Matcher;ILjava/lang/CharSequence;)Z @ 19
Event: 3.498 Thread 0x000001e1e1dd4800 Uncommon trap: reason=class_check action=maybe_recompile pc=0x000001e1e3b2599c method=java.util.regex.Pattern$Curly.match(Ljava/util/regex/Matcher;ILjava/lang/CharSequence;)Z @ 19
Event: 3.498 Thread 0x000001e1e1dd4800 Uncommon trap: reason=class_check action=maybe_recompile pc=0x000001e1e3b2599c method=java.util.regex.Pattern$Curly.match(Ljava/util/regex/Matcher;ILjava/lang/CharSequence;)Z @ 19
Event: 3.500 Thread 0x000001e1e1dd4800 Uncommon trap: reason=unstable_if action=reinterpret pc=0x000001e1e3c976a4 method=java.io.WinNTFileSystem.isLetter(C)Z @ 3
Event: 3.563 Thread 0x000001e1e1dd4800 Uncommon trap: reason=unstable_if action=reinterpret pc=0x000001e1e3c61118 method=java.lang.ThreadLocal$ThreadLocalMap.getEntry(Ljava/lang/ThreadLocal;)Ljava/lang/ThreadLocal$ThreadLocalMap$Entry; @ 29
Event: 3.566 Thread 0x000001e1e1dd4800 Uncommon trap: reason=unstable_if action=reinterpret pc=0x000001e1e3cea758 method=org.eclipse.jdt.launching.internal.org.objectweb.asm.ClassReader.readMethod(Lorg/eclipse/jdt/launching/internal/org/objectweb/asm/ClassVisitor;Lorg/eclipse/jdt/launching/int
Event: 3.881 Thread 0x000001e1e1dd4800 Uncommon trap: reason=unstable_if action=reinterpret pc=0x000001e1e38c8e68 method=java.lang.String.replace(CC)Ljava/lang/String; @ 2
Event: 5.706 Thread 0x000001e1f59a0000 Uncommon trap: reason=unstable_if action=reinterpret pc=0x000001e1e3815ec0 method=java.lang.CharacterData.of(I)Ljava/lang/CharacterData; @ 4
Event: 11.494 Thread 0x000001e1e1dd4800 Uncommon trap: reason=class_check action=maybe_recompile pc=0x000001e1e3b576c4 method=java.util.HashMap.putVal(ILjava/lang/Object;Ljava/lang/Object;ZZ)Ljava/lang/Object; @ 253

Classes redefined (6 events):
Event: 390.865 Thread 0x000001e1f5912000 redefined class name=in.redbus.BusBooking, count=1
Event: 5442.221 Thread 0x000001e1f5912000 redefined class name=in.redbus.BusBooking, count=2
Event: 6385.177 Thread 0x000001e1f5912000 redefined class name=in.redbus.BusBooking, count=3
Event: 6477.271 Thread 0x000001e1f5912000 redefined class name=in.redbus.BusBooking, count=4
Event: 6593.347 Thread 0x000001e1f5912000 redefined class name=in.redbus.BusBooking, count=5
Event: 6922.404 Thread 0x000001e1f5912000 redefined class name=in.redbus.BusBooking, count=6

Internal exceptions (10 events):
Event: 2.846 Thread 0x000001e1e1dd4800 Exception <a 'java/lang/NoClassDefFoundError': org/apache/log4j/Priority> (0x00000000eb21ebb8) thrown at [C:\jenkins\workspace\8-2-build-windows-x64-cygwin-sans-NAS\jdk8u391\514\hotspot\src\share\vm\classfile\systemDictionary.cpp, line 202]
Event: 3.800 Thread 0x000001e1e1dd4800 Exception <a 'java/lang/NoSuchMethodError': java.lang.Object.lambda$andFinally$1(Lorg/openqa/selenium/remote/http/HttpHandler;Lorg/openqa/selenium/remote/http/HttpRequest;)Lorg/openqa/selenium/remote/http/HttpResponse;> (0x00000000eb59e0e0) thrown at [C:\
Event: 3.853 Thread 0x000001e1e1dd4800 Exception <a 'java/lang/IncompatibleClassChangeError': Found class java.lang.Object, but interface was expected> (0x00000000eb8ffcc0) thrown at [C:\jenkins\workspace\8-2-build-windows-x64-cygwin-sans-NAS\jdk8u391\514\hotspot\src\share\vm\interpreter\linkR
Event: 3.858 Thread 0x000001e1e1dd4800 Exception <a 'java/lang/NoSuchMethodError': java.lang.Object.lambda$or$2(Ljava/util/function/Predicate;Ljava/lang/Object;)Z> (0x00000000eb90b2e8) thrown at [C:\jenkins\workspace\8-2-build-windows-x64-cygwin-sans-NAS\jdk8u391\514\hotspot\src\share\vm\inter
Event: 4.627 Thread 0x000001e1f994d800 Exception <a 'java/net/SocketTimeoutException': connect timed out> (0x00000000ebd76ed0) thrown at [C:\jenkins\workspace\8-2-build-windows-x64-cygwin-sans-NAS\jdk8u391\514\hotspot\src\share\vm\prims\jni.cpp, line 737]
Event: 4.697 Thread 0x000001e1e1dd4800 Exception <a 'java/lang/NoSuchMethodError': java.lang.Object.lambda$andThen$1(Ljava/util/function/Function;Ljava/lang/Object;)Ljava/lang/Object;> (0x00000000ebe8dd80) thrown at [C:\jenkins\workspace\8-2-build-windows-x64-cygwin-sans-NAS\jdk8u391\514\hotsp
Event: 4.824 Thread 0x000001e1e1dd4800 Exception <a 'java/lang/NoSuchMethodError': java.lang.Object.lambda$chars$0()Ljava/util/Spliterator$OfInt;> (0x00000000ec1f7970) thrown at [C:\jenkins\workspace\8-2-build-windows-x64-cygwin-sans-NAS\jdk8u391\514\hotspot\src\share\vm\interpreter\linkResolv
Event: 4.902 Thread 0x000001e1e1dd4800 Exception <a 'java/lang/NoSuchMethodError': java.lang.Object.lambda$negate$1(Ljava/lang/Object;)Z> (0x00000000ec82d1b0) thrown at [C:\jenkins\workspace\8-2-build-windows-x64-cygwin-sans-NAS\jdk8u391\514\hotspot\src\share\vm\interpreter\linkResolver.cpp, l
Event: 11.485 Thread 0x000001e1e1dd4800 Exception <a 'java/lang/NoSuchMethodError': java.lang.Object.lambda$getResponseFunction$0(Lorg/openqa/selenium/remote/InitialHandshakeResponse;)Lorg/openqa/selenium/remote/ProtocolHandshake$Result;> (0x00000000ebf22a88) thrown at [C:\jenkins\workspace\8-2
Event: 11.732 Thread 0x000001e1e1dd4800 Exception <a 'java/lang/NoSuchMethodError': java.lang.Object.FIND_ELEMENT(Ljava/lang/String;Ljava/lang/Object;)Lorg/openqa/selenium/remote/CommandPayload;> (0x00000000ecbf82c0) thrown at [C:\jenkins\workspace\8-2-build-windows-x64-cygwin-sans-NAS\jdk8u391

Events (10 events):
Event: 7266.782 Executing VM operation: GetOwnedMonitorInfo done
Event: 7290.815 Executing VM operation: GetCurrentContendedMonitor
Event: 7290.815 Executing VM operation: GetCurrentContendedMonitor done
Event: 7290.815 Executing VM operation: GetOwnedMonitorInfo
Event: 7290.815 Executing VM operation: GetOwnedMonitorInfo done
Event: 7292.054 Executing VM operation: GetOwnedMonitorInfo
Event: 7292.054 Executing VM operation: GetOwnedMonitorInfo done
Event: 7292.054 Executing VM operation: GetCurrentContendedMonitor
Event: 7292.054 Executing VM operation: GetCurrentContendedMonitor done
Event: 7345.101 Executing VM operation: ParallelGCFailedAllocation


Dynamic libraries:
0x00007ff651aa0000 - 0x00007ff651aea000 	C:\Program Files\Java\jdk-1.8\bin\javaw.exe
0x00007ffaeb550000 - 0x00007ffaeb748000 	C:\WINDOWS\SYSTEM32\ntdll.dll
0x00007ffaea990000 - 0x00007ffaeaa4d000 	C:\WINDOWS\System32\KERNEL32.DLL
0x00007ffae8ca0000 - 0x00007ffae8f96000 	C:\WINDOWS\System32\KERNELBASE.dll
0x00007ffaea720000 - 0x00007ffaea7d0000 	C:\WINDOWS\System32\ADVAPI32.dll
0x00007ffaea8f0000 - 0x00007ffaea98e000 	C:\WINDOWS\System32\msvcrt.dll
0x00007ffae9c60000 - 0x00007ffae9d00000 	C:\WINDOWS\System32\sechost.dll
0x00007ffaeaa50000 - 0x00007ffaeab73000 	C:\WINDOWS\System32\RPCRT4.dll
0x00007ffae8c00000 - 0x00007ffae8c27000 	C:\WINDOWS\System32\bcrypt.dll
0x00007ffae96f0000 - 0x00007ffae988f000 	C:\WINDOWS\System32\USER32.dll
0x00007ffae9550000 - 0x00007ffae9572000 	C:\WINDOWS\System32\win32u.dll
0x00007ffaea7e0000 - 0x00007ffaea80b000 	C:\WINDOWS\System32\GDI32.dll
0x00007ffae9380000 - 0x00007ffae9497000 	C:\WINDOWS\System32\gdi32full.dll
0x00007ffae8fa0000 - 0x00007ffae903d000 	C:\WINDOWS\System32\msvcp_win.dll
0x00007ffae9090000 - 0x00007ffae9190000 	C:\WINDOWS\System32\ucrtbase.dll
0x00007ffac8f20000 - 0x00007ffac91ba000 	C:\WINDOWS\WinSxS\amd64_microsoft.windows.common-controls_6595b64144ccf1df_6.0.19041.4355_none_60b8b9eb71f62e16\COMCTL32.dll
0x00007ffae9c20000 - 0x00007ffae9c52000 	C:\WINDOWS\System32\IMM32.DLL
0x00007ffae4190000 - 0x00007ffae41ab000 	C:\Program Files\Java\jdk-1.8\jre\bin\vcruntime140.dll
0x00007ffae3910000 - 0x00007ffae391c000 	C:\Program Files\Java\jdk-1.8\jre\bin\vcruntime140_1.dll
0x00007ffad2ea0000 - 0x00007ffad2f2e000 	C:\Program Files\Java\jdk-1.8\jre\bin\msvcp140.dll
0x00007ffab72e0000 - 0x00007ffab7b90000 	C:\Program Files\Java\jdk-1.8\jre\bin\server\jvm.dll
0x00007ffaea2c0000 - 0x00007ffaea2c8000 	C:\WINDOWS\System32\PSAPI.DLL
0x00007ffae3900000 - 0x00007ffae3909000 	C:\WINDOWS\SYSTEM32\WSOCK32.dll
0x00007ffac9ec0000 - 0x00007ffac9ee7000 	C:\WINDOWS\SYSTEM32\WINMM.dll
0x00007ffaea2d0000 - 0x00007ffaea33b000 	C:\WINDOWS\System32\WS2_32.dll
0x00007ffae04f0000 - 0x00007ffae04fa000 	C:\WINDOWS\SYSTEM32\VERSION.dll
0x00007ffae6aa0000 - 0x00007ffae6ab2000 	C:\WINDOWS\SYSTEM32\kernel.appcore.dll
0x00007ffae28b0000 - 0x00007ffae28c0000 	C:\Program Files\Java\jdk-1.8\jre\bin\verify.dll
0x00007ffade640000 - 0x00007ffade66b000 	C:\Program Files\Java\jdk-1.8\jre\bin\java.dll
0x00007ffadb0b0000 - 0x00007ffadb0e6000 	C:\Program Files\Java\jdk-1.8\jre\bin\jdwp.dll
0x00007ffae1bd0000 - 0x00007ffae1bd9000 	C:\Program Files\Java\jdk-1.8\jre\bin\npt.dll
0x00007ffad5470000 - 0x00007ffad54a4000 	C:\Program Files\Java\jdk-1.8\jre\bin\instrument.dll
0x00007ffade620000 - 0x00007ffade638000 	C:\Program Files\Java\jdk-1.8\jre\bin\zip.dll
0x00007ffaeada0000 - 0x00007ffaeb50b000 	C:\WINDOWS\System32\SHELL32.dll
0x00007ffae6ca0000 - 0x00007ffae743d000 	C:\WINDOWS\SYSTEM32\windows.storage.dll
0x00007ffaea340000 - 0x00007ffaea693000 	C:\WINDOWS\System32\combase.dll
0x00007ffae8550000 - 0x00007ffae857e000 	C:\WINDOWS\SYSTEM32\Wldp.dll
0x00007ffaeaba0000 - 0x00007ffaeac6d000 	C:\WINDOWS\System32\OLEAUT32.dll
0x00007ffae9d10000 - 0x00007ffae9dbd000 	C:\WINDOWS\System32\SHCORE.dll
0x00007ffae9a40000 - 0x00007ffae9a95000 	C:\WINDOWS\System32\shlwapi.dll
0x00007ffae8b30000 - 0x00007ffae8b54000 	C:\WINDOWS\SYSTEM32\profapi.dll
0x00007ffae1bc0000 - 0x00007ffae1bca000 	C:\Program Files\Java\jdk-1.8\jre\bin\dt_socket.dll
0x00007ffaa7a50000 - 0x00007ffaa7a67000 	C:\WINDOWS\system32\napinsp.dll
0x00007ffaa7a30000 - 0x00007ffaa7a4b000 	C:\WINDOWS\system32\pnrpnsp.dll
0x00007ffadbb30000 - 0x00007ffadbb45000 	C:\WINDOWS\system32\wshbth.dll
0x00007ffae3ff0000 - 0x00007ffae400d000 	C:\WINDOWS\system32\NLAapi.dll
0x00007ffae7f90000 - 0x00007ffae7fcb000 	C:\WINDOWS\SYSTEM32\IPHLPAPI.DLL
0x00007ffae82b0000 - 0x00007ffae831a000 	C:\WINDOWS\System32\mswsock.dll
0x00007ffae7fd0000 - 0x00007ffae809b000 	C:\WINDOWS\SYSTEM32\DNSAPI.dll
0x00007ffae9d00000 - 0x00007ffae9d08000 	C:\WINDOWS\System32\NSI.dll
0x00007ffaa7a10000 - 0x00007ffaa7a22000 	C:\WINDOWS\System32\winrnr.dll
0x00007ffae1900000 - 0x00007ffae1980000 	C:\WINDOWS\System32\fwpuclnt.dll
0x00007ffae1810000 - 0x00007ffae181a000 	C:\Windows\System32\rasadhlp.dll
0x00007ffadb3e0000 - 0x00007ffadb3fc000 	C:\Program Files\Java\jdk-1.8\jre\bin\net.dll
0x00007ffadb370000 - 0x00007ffadb383000 	C:\Program Files\Java\jdk-1.8\jre\bin\nio.dll
0x00007ffad5440000 - 0x00007ffad5465000 	C:\Program Files\Java\jdk-1.8\jre\bin\sunec.dll
0x00007ffae3b70000 - 0x00007ffae3b87000 	C:\WINDOWS\SYSTEM32\dhcpcsvc6.DLL
0x00007ffae3a80000 - 0x00007ffae3a9d000 	C:\WINDOWS\SYSTEM32\dhcpcsvc.DLL
0x00007ffae84a0000 - 0x00007ffae84b8000 	C:\WINDOWS\SYSTEM32\CRYPTSP.dll
0x00007ffae7bd0000 - 0x00007ffae7c04000 	C:\WINDOWS\system32\rsaenh.dll
0x00007ffae8ae0000 - 0x00007ffae8b0e000 	C:\WINDOWS\SYSTEM32\USERENV.dll
0x00007ffae92f0000 - 0x00007ffae9372000 	C:\WINDOWS\System32\bcryptprimitives.dll
0x00007ffae84c0000 - 0x00007ffae84cc000 	C:\WINDOWS\SYSTEM32\CRYPTBASE.dll
0x00007ffadea60000 - 0x00007ffadea6d000 	C:\Program Files\Java\jdk-1.8\jre\bin\management.dll
0x00007ffae3d60000 - 0x00007ffae3f44000 	C:\WINDOWS\SYSTEM32\dbghelp.dll

VM Arguments:
jvm_args: -agentlib:jdwp=transport=dt_socket,suspend=y,address=localhost:54845 -ea -javaagent:C:\Users\user\Downloads\eclipse-java-2023-12-R-win32-x86_64\eclipse\configuration\org.eclipse.osgi\249\0\.cp\lib\javaagent-shaded.jar -Dfile.encoding=UTF-8 -Dstdout.encoding=UTF-8 -Dstderr.encoding=UTF-8 
java_command: org.eclipse.jdt.internal.junit.runner.RemoteTestRunner -version 3 -port 54844 -testLoaderClass org.eclipse.jdt.internal.junit4.runner.JUnit4TestLoader -loaderpluginname org.eclipse.jdt.junit4.runtime -classNames in.redbus.BusBooking
java_class_path (initial): C:\Users\user\Desktop\PRAVEEN\PROJECT CLASS 5 task\RedBus\target\test-classes;C:\Users\user\Desktop\PRAVEEN\PROJECT CLASS 5 task\RedBus\target\classes;C:\Users\user\.m2\repository\junit\junit\4.13.2\junit-4.13.2.jar;C:\Users\user\.m2\repository\org\hamcrest\hamcrest-core\1.3\hamcrest-core-1.3.jar;C:\Users\user\.m2\repository\org\seleniumhq\selenium\selenium-java\4.10.0\selenium-java-4.10.0.jar;C:\Users\user\.m2\repository\org\seleniumhq\selenium\selenium-api\4.10.0\selenium-api-4.10.0.jar;C:\Users\user\.m2\repository\org\seleniumhq\selenium\selenium-chrome-driver\4.10.0\selenium-chrome-driver-4.10.0.jar;C:\Users\user\.m2\repository\com\google\auto\service\auto-service-annotations\1.0.1\auto-service-annotations-1.0.1.jar;C:\Users\user\.m2\repository\com\google\auto\service\auto-service\1.0.1\auto-service-1.0.1.jar;C:\Users\user\.m2\repository\com\google\auto\auto-common\1.2\auto-common-1.2.jar;C:\Users\user\.m2\repository\com\google\guava\guava\31.1-jre\guava-31.1-jre.jar;C:\Users\user\.m2\repository\com\google\guava\failureaccess\1.0.1\failureaccess-1.0.1.jar;C:\Users\user\.m2\repository\com\google\guava\listenablefuture\9999.0-empty-to-avoid-conflict-with-guava\listenablefuture-9999.0-empty-to-avoid-conflict-with-guava.jar;C:\Users\user\.m2\repository\com\google\code\findbugs\jsr305\3.0.2\jsr305-3.0.2.jar;C:\Users\user\.m2\repository\org\checkerframework\checker-qual\3.12.0\checker-qual-3.12.0.jar;C:\Users\user\.m2\repository\com\google\errorprone\error_prone_annotations\2.11.0\error_prone_annotations-2.11.0.jar;C:\Users\user\.m2\repository\com\google\j2objc\j2objc-annotations\1.3\j2objc-annotations-1.3.jar;C:\Users\user\.m2\repository\org\seleniumhq\selenium\selenium-chromium-driver\4.10.0\selenium-chromium-driver-4.10.0.jar;C:\Users\user\.m2\repository\org\seleniumhq\selenium\selenium-json\4.10.0\selenium-json-4.10.0.jar;C:\Users\user\.m2\repository\org\seleniumhq\selenium\selenium-manager\4.10.0\selenium-manager-4.10.0.jar;C:\Users\u
Launcher Type: SUN_STANDARD

Environment Variables:
JAVA_HOME=C:\Program Files\Java\jdk-1.8
PATH=C:\Program Files\Java\jdk-1.8\jre\bin;C:/Users/user/Downloads/eclipse-java-2023-12-R-win32-x86_64/eclipse//plugins/org.eclipse.justj.openjdk.hotspot.jre.full.win32.x86_64_17.0.9.v20231028-0858/jre/bin/server;C:/Users/user/Downloads/eclipse-java-2023-12-R-win32-x86_64/eclipse//plugins/org.eclipse.justj.openjdk.hotspot.jre.full.win32.x86_64_17.0.9.v20231028-0858/jre/bin;C:\Program Files (x86)\Common Files\Oracle\Java\javapath;C:\Program Files\Java\jdk1.8.0_202\bin;C:\Program Files\Java\jdk-1.8\bin;C:\Program Files\Git\cmd;C:\Users\user\Downloads\apache-maven-3.9.6-bin\apache-maven-3.9.6\bin;C:\Program Files\Java\jdk-1.8\bin;C:\Program Files\Java\jre-1.8\bin;C:\Program Files\nodejs\;C:\Users\user\AppData\Local\Microsoft\WindowsApps;C:\Users\user\AppData\Local\Programs\Microsoft VS Code\bin;C:\Users\user\Downloads\apache-maven-3.9.6-bin\apache-maven-3.9.6\bin;C:\Users\user\AppData\Roaming\npm;C:\Users\user\Downloads\eclipse-java-2023-12-R-win32-x86_64\eclipse;
USERNAME=user
OS=Windows_NT
PROCESSOR_IDENTIFIER=Intel64 Family 6 Model 60 Stepping 3, GenuineIntel



---------------  S Y S T E M  ---------------

OS: Windows 10 , 64 bit Build 19041 (10.0.19041.3636)

CPU:total 4 (initial active 4) (4 cores per cpu, 1 threads per core) family 6 model 60 stepping 3, cmov, cx8, fxsr, mmx, sse, sse2, sse3, ssse3, sse4.1, sse4.2, popcnt, avx, avx2, aes, clmul, erms, lzcnt, tsc, tscinvbit, bmi1, bmi2

Memory: 4k page, physical 4100224k(181588k free), swap 13204144k(2088980k free)

vm_info: Java HotSpot(TM) 64-Bit Server VM (25.391-b13) for windows-amd64 JRE (1.8.0_391-b13), built on Oct  4 2023 07:54:08 by "java_re" with MS VC++ 17.1 (VS2022)

time: Mon Jun  3 17:30:06 2024
timezone: India Standard Time
elapsed time: 7345.386636 seconds (0d 2h 2m 25s)

