#
# A fatal error has been detected by the Java Runtime Environment:
#
#  EXCEPTION_ACCESS_VIOLATION (0xc0000005) at pc=0x00007ffab73efb5c, pid=15696, tid=0x0000000000003e18
#
# JRE version: Java(TM) SE Runtime Environment (8.0_391) (build 1.8.0_391-b13)
# Java VM: Java HotSpot(TM) 64-Bit Server VM (25.391-b13 mixed mode windows-amd64 compressed oops)
# Problematic frame:
# V  [jvm.dll+0x10fb5c]
#
# Failed to write core dump. Minidumps are not enabled by default on client versions of Windows
#
# If you would like to submit a bug report, please visit:
#   http://bugreport.java.com/bugreport/crash.jsp
#

---------------  T H R E A D  ---------------

Current thread (0x00000255fe09f000):  VMThread [stack: 0x00000075bf100000,0x00000075bf200000] [id=15896]

siginfo: ExceptionCode=0xc0000005, reading address 0x0000000000000008

Registers:
RAX=0x0000000000000000, RBX=0x00000075bf1ff510, RCX=0x0000000000000000, RDX=0x000000000000fdb5
RSP=0x00000075bf1ff230, RBP=0x0000000000000001, RSI=0x00007ffab7b05d98, RDI=0x00000255fdbf0738
R8 =0x0000000000000000, R9 =0x00000255fdbf0738, R10=0x00000255f951f4c0, R11=0x00000255fdbf157f
R12=0x00000000000000d1, R13=0x00000255fdfbf640, R14=0x0000000000000001, R15=0x00007ffab72e0000
RIP=0x00007ffab73efb5c, EFLAGS=0x0000000000010206

Top of Stack: (sp=0x00000075bf1ff230)
0x00000075bf1ff230:   00000255fe09f000 00007ffab73696fc
0x00000075bf1ff240:   00004ea92c098047 00000255fdbf1710
0x00000075bf1ff250:   0000007500000000 00007ffab73f3df7
0x00000075bf1ff260:   00000075bf1ff360 00007ffab73f08c2
0x00000075bf1ff270:   00004ea92c098377 00000075bf1ff510
0x00000075bf1ff280:   00000000000000b2 00000000000000b2
0x00000075bf1ff290:   00000075bf1ff510 00007ffab73f21af
0x00000075bf1ff2a0:   00000075bf1ff360 00000075bf1ff360
0x00000075bf1ff2b0:   0000000000000001 0000000000000000
0x00000075bf1ff2c0:   00000255000000b7 00007ffab73696fc
0x00000075bf1ff2d0:   00000255fdbf1710 00000255fe09f000
0x00000075bf1ff2e0:   00000255fdbf15a4 00000075000000e6
0x00000075bf1ff2f0:   00000255fe09f000 00007ffab73696fc
0x00000075bf1ff300:   00007ffab72e0000 00000000000000b2
0x00000075bf1ff310:   00000000000000b2 00000255fdbf15af
0x00000075bf1ff320:   00000075bf1ff510 00007ffab73f28ff 

Instructions: (pc=0x00007ffab73efb5c)
0x00007ffab73efb3c:   8b cf e8 ad 98 ff ff 8b d0 48 8b cf e8 a3 c2 ff
0x00007ffab73efb4c:   ff 48 63 c8 48 8d 35 41 62 71 00 48 8b 44 cf 50
0x00007ffab73efb5c:   0f b6 48 08 8b 05 2e 62 71 00 80 f9 4c 74 3d 80
0x00007ffab73efb6c:   f9 5b 74 38 80 f9 4a 74 24 80 f9 44 74 1f 80 f9 


Register to memory mapping:

RAX=0x0000000000000000 is an unknown value
RBX=0x00000075bf1ff510 is an unknown value
RCX=0x0000000000000000 is an unknown value
RDX=0x000000000000fdb5 is an unknown value
RSP=0x00000075bf1ff230 is an unknown value
RBP=0x0000000000000001 is an unknown value
RSI=0x00007ffab7b05d98 is an unknown value
RDI=0x00000255fdbf0738 is pointing into metadata
R8 =0x0000000000000000 is an unknown value
R9 =0x00000255fdbf0738 is pointing into metadata
R10=0x00000255f951f4c0 is an unknown value
R11=0x00000255fdbf157f is pointing into metadata
R12=0x00000000000000d1 is an unknown value
R13=0x00000255fdfbf640 is an unknown value
R14=0x0000000000000001 is an unknown value
R15=0x00007ffab72e0000 is an unknown value


Stack: [0x00000075bf100000,0x00000075bf200000],  sp=0x00000075bf1ff230,  free space=1020k
Native frames: (J=compiled Java code, j=interpreted, Vv=VM code, C=native code)
V  [jvm.dll+0x10fb5c]
V  [jvm.dll+0x1121af]
V  [jvm.dll+0x1128ff]
V  [jvm.dll+0x10fe65]
V  [jvm.dll+0x10ef2d]
V  [jvm.dll+0xd3a4b]
V  [jvm.dll+0xd45b9]
V  [jvm.dll+0x11c7d4]
V  [jvm.dll+0x141427]
V  [jvm.dll+0x1c8151]
V  [jvm.dll+0x259a87]
V  [jvm.dll+0x2581af]
V  [jvm.dll+0x258938]
V  [jvm.dll+0x258c04]
V  [jvm.dll+0x2accfc]
C  [ucrtbase.dll+0x21bb2]
C  [KERNEL32.DLL+0x17344]
C  [ntdll.dll+0x526b1]

VM_Operation (0x00000075bf6ff4e0): GetOrSetLocal, mode: safepoint, requested by thread 0x00000255fe11a800


---------------  P R O C E S S  ---------------

Java Threads: ( => current thread )
  0x00000255fe12b800 JavaThread "AsyncHttpClient-1-4" daemon [_thread_in_native, id=7196, stack(0x00000075c0a00000,0x00000075c0b00000)]
  0x00000255fe12a800 JavaThread "AsyncHttpClient-1-3" daemon [_thread_in_native, id=11280, stack(0x00000075c0800000,0x00000075c0900000)]
  0x00000255fe127000 JavaThread "AsyncHttpClient-1-2" daemon [_thread_in_native, id=17724, stack(0x00000075c0900000,0x00000075c0a00000)]
  0x000002559074f000 JavaThread "Driver Service Executor" daemon [_thread_blocked, id=13116, stack(0x00000075c0500000,0x00000075c0600000)]
  0x0000025590792800 JavaThread "Driver Service Executor" daemon [_thread_blocked, id=11936, stack(0x00000075c0400000,0x00000075c0500000)]
  0x0000025590d36000 JavaThread "Exec Stream Pumper" daemon [_thread_in_native, id=14464, stack(0x00000075c0300000,0x00000075c0400000)]
  0x0000025590754800 JavaThread "Exec Stream Pumper" daemon [_thread_in_native, id=19648, stack(0x00000075c0200000,0x00000075c0300000)]
  0x000002558f9ff800 JavaThread "Exec Default Executor" daemon [_thread_in_native, id=4948, stack(0x00000075c0100000,0x00000075c0200000)]
  0x000002559020c800 JavaThread "AsyncHttpClient-1-1" daemon [_thread_blocked, id=7128, stack(0x00000075c0000000,0x00000075c0100000)]
  0x000002558f274000 JavaThread "ReaderThread" [_thread_in_native, id=16480, stack(0x00000075bfe00000,0x00000075bff00000)]
  0x000002558f0f8800 JavaThread "Service Thread" daemon [_thread_blocked, id=17896, stack(0x00000075bfc00000,0x00000075bfd00000)]
  0x000002558f079800 JavaThread "C1 CompilerThread2" daemon [_thread_blocked, id=4256, stack(0x00000075bfb00000,0x00000075bfc00000)]
  0x000002558f06c000 JavaThread "C2 CompilerThread1" daemon [_thread_blocked, id=9864, stack(0x00000075bfa00000,0x00000075bfb00000)]
  0x000002558f06b000 JavaThread "C2 CompilerThread0" daemon [_thread_blocked, id=15968, stack(0x00000075bf900000,0x00000075bfa00000)]
  0x00000255fe126000 JavaThread "JDWP Command Reader" daemon [_thread_in_native, id=16408, stack(0x00000075bf800000,0x00000075bf900000)]
  0x00000255fe121800 JavaThread "JDWP Event Helper Thread" daemon [_thread_blocked, id=15844, stack(0x00000075bf700000,0x00000075bf800000)]
  0x00000255fe11a800 JavaThread "JDWP Transport Listener: dt_socket" daemon [_thread_blocked, id=12700, stack(0x00000075bf600000,0x00000075bf700000)]
  0x00000255fe0f9000 JavaThread "Attach Listener" daemon [_thread_blocked, id=19020, stack(0x00000075bf500000,0x00000075bf600000)]
  0x00000255fe0f7800 JavaThread "Signal Dispatcher" daemon [_thread_blocked, id=15416, stack(0x00000075bf400000,0x00000075bf500000)]
  0x00000255fe0d1800 JavaThread "Finalizer" daemon [_thread_blocked, id=10892, stack(0x00000075bf300000,0x00000075bf400000)]
  0x00000255fe0ca000 JavaThread "Reference Handler" daemon [_thread_blocked, id=11024, stack(0x00000075bf200000,0x00000075bf300000)]
  0x00000255f9504000 JavaThread "main" [_thread_blocked, id=20152, stack(0x00000075bec00000,0x00000075bed00000)]

Other Threads:
=>0x00000255fe09f000 VMThread [stack: 0x00000075bf100000,0x00000075bf200000] [id=15896]
  0x000002558f19d000 WatcherThread [stack: 0x00000075bfd00000,0x00000075bfe00000] [id=13716]

VM state:at safepoint (normal execution)

VM Mutex/Monitor currently owned by a thread:  ([mutex/lock_event])
[0x00000255f95019c0] Threads_lock - owner thread: 0x00000255fe09f000

heap address: 0x00000000c1600000, size: 1002 MB, Compressed Oops mode: 32-bit
Narrow klass base: 0x0000000000000000, Narrow klass shift: 3
Compressed class space size: 1073741824 Address: 0x0000000100000000

Heap:
 PSYoungGen      total 68096K, used 57664K [0x00000000eb200000, 0x00000000f3700000, 0x0000000100000000)
  eden space 60928K, 94% used [0x00000000eb200000,0x00000000eea50110,0x00000000eed80000)
  from space 7168K, 0% used [0x00000000eed80000,0x00000000eed80000,0x00000000ef480000)
  to   space 7168K, 0% used [0x00000000f3000000,0x00000000f3000000,0x00000000f3700000)
 ParOldGen       total 36864K, used 9900K [0x00000000c1600000, 0x00000000c3a00000, 0x00000000eb200000)
  object space 36864K, 26% used [0x00000000c1600000,0x00000000c1fab0e0,0x00000000c3a00000)
 Metaspace       used 24432K, capacity 25364K, committed 25600K, reserved 1071104K
  class space    used 3031K, capacity 3248K, committed 3328K, reserved 1048576K

Card table byte_map: [0x00000255fb250000,0x00000255fb450000] byte_map_base: 0x00000255fac45000

Marking Bits: (ParMarkBitMap*) 0x00007ffab7b16040
 Begin Bits: [0x00000255fb5a0000, 0x00000255fc548000)
 End Bits:   [0x00000255fc548000, 0x00000255fd4f0000)

Polling page: 0x00000255f9690000

CodeCache: size=245760Kb used=7374Kb max_used=8319Kb free=238385Kb
 bounds [0x0000025580000000, 0x0000025580830000, 0x000002558f000000]
 total_blobs=2566 nmethods=2091 adapters=395
 compilation: enabled

Compilation events (10 events):
Event: 5710.997 Thread 0x000002558f06b000 2341       4       io.netty.util.concurrent.ImmediateExecutor::execute (15 bytes)
Event: 5711.096 Thread 0x000002558f06b000 nmethod 2341 0x0000025580157e50 code [0x0000025580158060, 0x00000255801595b8]
Event: 6045.299 Thread 0x000002558f079800 2342 %     3       io.netty.util.HashedWheelTimer$Worker::run @ 42 (204 bytes)
Event: 6045.316 Thread 0x000002558f079800 nmethod 2342% 0x000002558034d210 code [0x000002558034d4e0, 0x000002558034e850]
Event: 6147.692 Thread 0x000002558f079800 2343       3       io.netty.util.HashedWheelTimer$Worker::run (204 bytes)
Event: 6147.696 Thread 0x000002558f079800 nmethod 2343 0x000002558034b2d0 code [0x000002558034b5a0, 0x000002558034c870]
Event: 7710.304 Thread 0x000002558f079800 2344       3       org.asynchttpclient.cookie.CookieEvictionTask::run (30 bytes)
Event: 7710.375 Thread 0x000002558f079800 nmethod 2344 0x00000255801a1b90 code [0x00000255801a1d20, 0x00000255801a2040]
Event: 7710.393 Thread 0x000002558f079800 2345       3       org.asynchttpclient.cookie.ThreadSafeCookieStore::evictExpired (5 bytes)
Event: 7710.393 Thread 0x000002558f079800 nmethod 2345 0x000002558011d490 code [0x000002558011d600, 0x000002558011d790]

GC Heap History (10 events):
Event: 2.545 GC heap before
{Heap before GC invocations=4 (full 0):
 PSYoungGen      total 18944K, used 18928K [0x00000000eb200000, 0x00000000ed500000, 0x0000000100000000)
  eden space 16384K, 100% used [0x00000000eb200000,0x00000000ec200000,0x00000000ec200000)
  from space 2560K, 99% used [0x00000000ec200000,0x00000000ec47c010,0x00000000ec480000)
  to   space 2560K, 0% used [0x00000000ed280000,0x00000000ed280000,0x00000000ed500000)
 ParOldGen       total 44032K, used 2607K [0x00000000c1600000, 0x00000000c4100000, 0x00000000eb200000)
  object space 44032K, 5% used [0x00000000c1600000,0x00000000c188bde0,0x00000000c4100000)
 Metaspace       used 11897K, capacity 12156K, committed 12416K, reserved 1060864K
  class space    used 1299K, capacity 1398K, committed 1408K, reserved 1048576K
Event: 2.552 GC heap after
Heap after GC invocations=4 (full 0):
 PSYoungGen      total 33280K, used 2531K [0x00000000eb200000, 0x00000000ed700000, 0x0000000100000000)
  eden space 30720K, 0% used [0x00000000eb200000,0x00000000eb200000,0x00000000ed000000)
  from space 2560K, 98% used [0x00000000ed280000,0x00000000ed4f8f78,0x00000000ed500000)
  to   space 2560K, 0% used [0x00000000ed000000,0x00000000ed000000,0x00000000ed280000)
 ParOldGen       total 44032K, used 3586K [0x00000000c1600000, 0x00000000c4100000, 0x00000000eb200000)
  object space 44032K, 8% used [0x00000000c1600000,0x00000000c1980b88,0x00000000c4100000)
 Metaspace       used 11897K, capacity 12156K, committed 12416K, reserved 1060864K
  class space    used 1299K, capacity 1398K, committed 1408K, reserved 1048576K
}
Event: 3.057 GC heap before
{Heap before GC invocations=5 (full 0):
 PSYoungGen      total 33280K, used 33251K [0x00000000eb200000, 0x00000000ed700000, 0x0000000100000000)
  eden space 30720K, 100% used [0x00000000eb200000,0x00000000ed000000,0x00000000ed000000)
  from space 2560K, 98% used [0x00000000ed280000,0x00000000ed4f8f78,0x00000000ed500000)
  to   space 2560K, 0% used [0x00000000ed000000,0x00000000ed000000,0x00000000ed280000)
 ParOldGen       total 44032K, used 3586K [0x00000000c1600000, 0x00000000c4100000, 0x00000000eb200000)
  object space 44032K, 8% used [0x00000000c1600000,0x00000000c1980b88,0x00000000c4100000)
 Metaspace       used 14535K, capacity 14904K, committed 15104K, reserved 1062912K
  class space    used 1655K, capacity 1780K, committed 1792K, reserved 1048576K
Event: 3.069 GC heap after
Heap after GC invocations=5 (full 0):
 PSYoungGen      total 33280K, used 2531K [0x00000000eb200000, 0x00000000efb00000, 0x0000000100000000)
  eden space 30720K, 0% used [0x00000000eb200000,0x00000000eb200000,0x00000000ed000000)
  from space 2560K, 98% used [0x00000000ed000000,0x00000000ed278fa8,0x00000000ed280000)
  to   space 6656K, 0% used [0x00000000ef480000,0x00000000ef480000,0x00000000efb00000)
 ParOldGen       total 44032K, used 7129K [0x00000000c1600000, 0x00000000c4100000, 0x00000000eb200000)
  object space 44032K, 16% used [0x00000000c1600000,0x00000000c1cf64c0,0x00000000c4100000)
 Metaspace       used 14535K, capacity 14904K, committed 15104K, reserved 1062912K
  class space    used 1655K, capacity 1780K, committed 1792K, reserved 1048576K
}
Event: 3.942 GC heap before
{Heap before GC invocations=6 (full 0):
 PSYoungGen      total 33280K, used 33251K [0x00000000eb200000, 0x00000000efb00000, 0x0000000100000000)
  eden space 30720K, 100% used [0x00000000eb200000,0x00000000ed000000,0x00000000ed000000)
  from space 2560K, 98% used [0x00000000ed000000,0x00000000ed278fa8,0x00000000ed280000)
  to   space 6656K, 0% used [0x00000000ef480000,0x00000000ef480000,0x00000000efb00000)
 ParOldGen       total 44032K, used 7129K [0x00000000c1600000, 0x00000000c4100000, 0x00000000eb200000)
  object space 44032K, 16% used [0x00000000c1600000,0x00000000c1cf64c0,0x00000000c4100000)
 Metaspace       used 17785K, capacity 18148K, committed 18432K, reserved 1064960K
  class space    used 2064K, capacity 2198K, committed 2304K, reserved 1048576K
Event: 3.951 GC heap after
Heap after GC invocations=6 (full 0):
 PSYoungGen      total 67584K, used 5308K [0x00000000eb200000, 0x00000000efc00000, 0x0000000100000000)
  eden space 60928K, 0% used [0x00000000eb200000,0x00000000eb200000,0x00000000eed80000)
  from space 6656K, 79% used [0x00000000ef480000,0x00000000ef9af018,0x00000000efb00000)
  to   space 7168K, 0% used [0x00000000eed80000,0x00000000eed80000,0x00000000ef480000)
 ParOldGen       total 44032K, used 7137K [0x00000000c1600000, 0x00000000c4100000, 0x00000000eb200000)
  object space 44032K, 16% used [0x00000000c1600000,0x00000000c1cf84c0,0x00000000c4100000)
 Metaspace       used 17785K, capacity 18148K, committed 18432K, reserved 1064960K
  class space    used 2064K, capacity 2198K, committed 2304K, reserved 1048576K
}
Event: 4.488 GC heap before
{Heap before GC invocations=7 (full 0):
 PSYoungGen      total 67584K, used 35196K [0x00000000eb200000, 0x00000000efc00000, 0x0000000100000000)
  eden space 60928K, 49% used [0x00000000eb200000,0x00000000ecf30118,0x00000000eed80000)
  from space 6656K, 79% used [0x00000000ef480000,0x00000000ef9af018,0x00000000efb00000)
  to   space 7168K, 0% used [0x00000000eed80000,0x00000000eed80000,0x00000000ef480000)
 ParOldGen       total 44032K, used 7137K [0x00000000c1600000, 0x00000000c4100000, 0x00000000eb200000)
  object space 44032K, 16% used [0x00000000c1600000,0x00000000c1cf84c0,0x00000000c4100000)
 Metaspace       used 20536K, capacity 21288K, committed 21296K, reserved 1069056K
  class space    used 2481K, capacity 2686K, committed 2688K, reserved 1048576K
Event: 4.495 GC heap after
Heap after GC invocations=7 (full 0):
 PSYoungGen      total 68096K, used 4851K [0x00000000eb200000, 0x00000000f3700000, 0x0000000100000000)
  eden space 60928K, 0% used [0x00000000eb200000,0x00000000eb200000,0x00000000eed80000)
  from space 7168K, 67% used [0x00000000eed80000,0x00000000ef23ce30,0x00000000ef480000)
  to   space 7168K, 0% used [0x00000000f3000000,0x00000000f3000000,0x00000000f3700000)
 ParOldGen       total 44032K, used 7929K [0x00000000c1600000, 0x00000000c4100000, 0x00000000eb200000)
  object space 44032K, 18% used [0x00000000c1600000,0x00000000c1dbe4c8,0x00000000c4100000)
 Metaspace       used 20536K, capacity 21288K, committed 21296K, reserved 1069056K
  class space    used 2481K, capacity 2686K, committed 2688K, reserved 1048576K
}
Event: 4.495 GC heap before
{Heap before GC invocations=8 (full 1):
 PSYoungGen      total 68096K, used 4851K [0x00000000eb200000, 0x00000000f3700000, 0x0000000100000000)
  eden space 60928K, 0% used [0x00000000eb200000,0x00000000eb200000,0x00000000eed80000)
  from space 7168K, 67% used [0x00000000eed80000,0x00000000ef23ce30,0x00000000ef480000)
  to   space 7168K, 0% used [0x00000000f3000000,0x00000000f3000000,0x00000000f3700000)
 ParOldGen       total 44032K, used 7929K [0x00000000c1600000, 0x00000000c4100000, 0x00000000eb200000)
  object space 44032K, 18% used [0x00000000c1600000,0x00000000c1dbe4c8,0x00000000c4100000)
 Metaspace       used 20536K, capacity 21288K, committed 21296K, reserved 1069056K
  class space    used 2481K, capacity 2686K, committed 2688K, reserved 1048576K
Event: 4.541 GC heap after
Heap after GC invocations=8 (full 1):
 PSYoungGen      total 68096K, used 0K [0x00000000eb200000, 0x00000000f3700000, 0x0000000100000000)
  eden space 60928K, 0% used [0x00000000eb200000,0x00000000eb200000,0x00000000eed80000)
  from space 7168K, 0% used [0x00000000eed80000,0x00000000eed80000,0x00000000ef480000)
  to   space 7168K, 0% used [0x00000000f3000000,0x00000000f3000000,0x00000000f3700000)
 ParOldGen       total 36864K, used 9900K [0x00000000c1600000, 0x00000000c3a00000, 0x00000000eb200000)
  object space 36864K, 26% used [0x00000000c1600000,0x00000000c1fab0e0,0x00000000c3a00000)
 Metaspace       used 20536K, capacity 21288K, committed 21296K, reserved 1069056K
  class space    used 2481K, capacity 2686K, committed 2688K, reserved 1048576K
}

Deoptimization events (10 events):
Event: 3.657 Thread 0x00000255f9504000 Uncommon trap: reason=class_check action=maybe_recompile pc=0x0000025580456b9c method=java.util.regex.Pattern$Curly.match(Ljava/util/regex/Matcher;ILjava/lang/CharSequence;)Z @ 19
Event: 3.662 Thread 0x00000255f9504000 Uncommon trap: reason=unstable_if action=reinterpret pc=0x00000255805b0424 method=java.io.WinNTFileSystem.isLetter(C)Z @ 3
Event: 3.701 Thread 0x00000255f9504000 Uncommon trap: reason=unstable_if action=reinterpret pc=0x00000255805dabd8 method=org.eclipse.jdt.launching.internal.org.objectweb.asm.ByteVector.putInt(I)Lorg/eclipse/jdt/launching/internal/org/objectweb/asm/ByteVector; @ 13
Event: 3.740 Thread 0x00000255f9504000 Uncommon trap: reason=unstable_if action=reinterpret pc=0x0000025580585a98 method=java.lang.ThreadLocal$ThreadLocalMap.getEntry(Ljava/lang/ThreadLocal;)Ljava/lang/ThreadLocal$ThreadLocalMap$Entry; @ 29
Event: 3.742 Thread 0x00000255f9504000 Uncommon trap: reason=unstable_if action=reinterpret pc=0x0000025580586070 method=java.lang.ThreadLocal$ThreadLocalMap.getEntry(Ljava/lang/ThreadLocal;)Ljava/lang/ThreadLocal$ThreadLocalMap$Entry; @ 29
Event: 3.748 Thread 0x00000255f9504000 Uncommon trap: reason=unstable_if action=reinterpret pc=0x00000255805e5a54 method=org.eclipse.jdt.launching.internal.org.objectweb.asm.ClassReader.readMethod(Lorg/eclipse/jdt/launching/internal/org/objectweb/asm/ClassVisitor;Lorg/eclipse/jdt/launching/int
Event: 3.748 Thread 0x00000255f9504000 Uncommon trap: reason=unstable_if action=reinterpret pc=0x0000025580644fa8 method=org.eclipse.jdt.launching.internal.org.objectweb.asm.MethodWriter.putMethodInfo(Lorg/eclipse/jdt/launching/internal/org/objectweb/asm/ByteVector;)V @ 150
Event: 4.156 Thread 0x00000255f9504000 Uncommon trap: reason=unstable_if action=reinterpret pc=0x00000255801c4ca8 method=java.lang.String.replace(CC)Ljava/lang/String; @ 2
Event: 4.859 Thread 0x00000255fe127000 Uncommon trap: reason=unstable_if action=reinterpret pc=0x0000025580116180 method=java.lang.CharacterData.of(I)Ljava/lang/CharacterData; @ 4
Event: 9.947 Thread 0x00000255f9504000 Uncommon trap: reason=class_check action=maybe_recompile pc=0x0000025580482304 method=java.util.HashMap.putVal(ILjava/lang/Object;Ljava/lang/Object;ZZ)Ljava/lang/Object; @ 253

Classes redefined (6 events):
Event: 1832.835 Thread 0x00000255fe09f000 redefined class name=in.redbus.BusBooking, count=1
Event: 6890.387 Thread 0x00000255fe09f000 redefined class name=in.redbus.BusBooking, count=2
Event: 7831.675 Thread 0x00000255fe09f000 redefined class name=in.redbus.BusBooking, count=3
Event: 7927.075 Thread 0x00000255fe09f000 redefined class name=in.redbus.BusBooking, count=4
Event: 8042.556 Thread 0x00000255fe09f000 redefined class name=in.redbus.BusBooking, count=5
Event: 8372.467 Thread 0x00000255fe09f000 redefined class name=in.redbus.BusBooking, count=6

Internal exceptions (10 events):
Event: 3.164 Thread 0x00000255f9504000 Exception <a 'java/lang/NoClassDefFoundError': org/apache/log4j/Priority> (0x00000000eb410170) thrown at [C:\jenkins\workspace\8-2-build-windows-x64-cygwin-sans-NAS\jdk8u391\514\hotspot\src\share\vm\classfile\systemDictionary.cpp, line 202]
Event: 4.042 Thread 0x00000255f9504000 Exception <a 'java/lang/NoSuchMethodError': java.lang.Object.lambda$andFinally$1(Lorg/openqa/selenium/remote/http/HttpHandler;Lorg/openqa/selenium/remote/http/HttpRequest;)Lorg/openqa/selenium/remote/http/HttpResponse;> (0x00000000eb8c10f8) thrown at [C:\
Event: 4.127 Thread 0x00000255f9504000 Exception <a 'java/lang/IncompatibleClassChangeError': Found class java.lang.Object, but interface was expected> (0x00000000ebc35a40) thrown at [C:\jenkins\workspace\8-2-build-windows-x64-cygwin-sans-NAS\jdk8u391\514\hotspot\src\share\vm\interpreter\linkR
Event: 4.135 Thread 0x00000255f9504000 Exception <a 'java/lang/NoSuchMethodError': java.lang.Object.lambda$or$2(Ljava/util/function/Predicate;Ljava/lang/Object;)Z> (0x00000000ebc41070) thrown at [C:\jenkins\workspace\8-2-build-windows-x64-cygwin-sans-NAS\jdk8u391\514\hotspot\src\share\vm\inter
Event: 4.271 Thread 0x00000255f9504000 Exception <a 'java/lang/NoSuchMethodError': java.lang.Object.lambda$andThen$1(Ljava/util/function/Function;Ljava/lang/Object;)Ljava/lang/Object;> (0x00000000ec2099a0) thrown at [C:\jenkins\workspace\8-2-build-windows-x64-cygwin-sans-NAS\jdk8u391\514\hotsp
Event: 4.336 Thread 0x00000255f9504000 Exception <a 'java/lang/NoSuchMethodError': java.lang.Object.lambda$chars$0()Ljava/util/Spliterator$OfInt;> (0x00000000ec56bc98) thrown at [C:\jenkins\workspace\8-2-build-windows-x64-cygwin-sans-NAS\jdk8u391\514\hotspot\src\share\vm\interpreter\linkResolv
Event: 4.454 Thread 0x00000255f9504000 Exception <a 'java/lang/NoSuchMethodError': java.lang.Object.lambda$negate$1(Ljava/lang/Object;)Z> (0x00000000ecba0da8) thrown at [C:\jenkins\workspace\8-2-build-windows-x64-cygwin-sans-NAS\jdk8u391\514\hotspot\src\share\vm\interpreter\linkResolver.cpp, l
Event: 9.924 Thread 0x00000255f9504000 Exception <a 'java/lang/NoSuchMethodError': java.lang.Object.lambda$getResponseFunction$0(Lorg/openqa/selenium/remote/InitialHandshakeResponse;)Lorg/openqa/selenium/remote/ProtocolHandshake$Result;> (0x00000000ed7ed5d8) thrown at [C:\jenkins\workspace\8-2
Event: 10.548 Thread 0x00000255f9504000 Exception <a 'java/lang/NoSuchMethodError': java.lang.Object.FIND_ELEMENT(Ljava/lang/String;Ljava/lang/Object;)Lorg/openqa/selenium/remote/CommandPayload;> (0x00000000ee4e9d38) thrown at [C:\jenkins\workspace\8-2-build-windows-x64-cygwin-sans-NAS\jdk8u391
Event: 15.697 Thread 0x00000255f9504000 Exception <a 'java/lang/NoSuchMethodError': java.lang.Object.FIND_ELEMENTS(Ljava/lang/String;Ljava/lang/Object;)Lorg/openqa/selenium/remote/CommandPayload;> (0x00000000ee64e788) thrown at [C:\jenkins\workspace\8-2-build-windows-x64-cygwin-sans-NAS\jdk8u39

Events (10 events):
Event: 8631.110 Executing VM operation: GetOwnedMonitorInfo done
Event: 8644.178 Executing VM operation: GetCurrentContendedMonitor
Event: 8644.178 Executing VM operation: GetCurrentContendedMonitor done
Event: 8644.178 Executing VM operation: GetOwnedMonitorInfo
Event: 8644.178 Executing VM operation: GetOwnedMonitorInfo done
Event: 8645.687 Executing VM operation: GetOwnedMonitorInfo
Event: 8645.687 Executing VM operation: GetOwnedMonitorInfo done
Event: 8645.687 Executing VM operation: GetCurrentContendedMonitor
Event: 8645.687 Executing VM operation: GetCurrentContendedMonitor done
Event: 8646.284 Executing VM operation: GetOrSetLocal


Dynamic libraries:
0x00007ff651aa0000 - 0x00007ff651aea000 	C:\Program Files\Java\jdk-1.8\bin\javaw.exe
0x00007ffaeb550000 - 0x00007ffaeb748000 	C:\WINDOWS\SYSTEM32\ntdll.dll
0x00007ffaea990000 - 0x00007ffaeaa4d000 	C:\WINDOWS\System32\KERNEL32.DLL
0x00007ffae8ca0000 - 0x00007ffae8f96000 	C:\WINDOWS\System32\KERNELBASE.dll
0x00007ffaea720000 - 0x00007ffaea7d0000 	C:\WINDOWS\System32\ADVAPI32.dll
0x00007ffaea8f0000 - 0x00007ffaea98e000 	C:\WINDOWS\System32\msvcrt.dll
0x00007ffae9c60000 - 0x00007ffae9d00000 	C:\WINDOWS\System32\sechost.dll
0x00007ffaeaa50000 - 0x00007ffaeab73000 	C:\WINDOWS\System32\RPCRT4.dll
0x00007ffae8c00000 - 0x00007ffae8c27000 	C:\WINDOWS\System32\bcrypt.dll
0x00007ffae96f0000 - 0x00007ffae988f000 	C:\WINDOWS\System32\USER32.dll
0x00007ffae9550000 - 0x00007ffae9572000 	C:\WINDOWS\System32\win32u.dll
0x00007ffaea7e0000 - 0x00007ffaea80b000 	C:\WINDOWS\System32\GDI32.dll
0x00007ffae9380000 - 0x00007ffae9497000 	C:\WINDOWS\System32\gdi32full.dll
0x00007ffae8fa0000 - 0x00007ffae903d000 	C:\WINDOWS\System32\msvcp_win.dll
0x00007ffae9090000 - 0x00007ffae9190000 	C:\WINDOWS\System32\ucrtbase.dll
0x00007ffac8f20000 - 0x00007ffac91ba000 	C:\WINDOWS\WinSxS\amd64_microsoft.windows.common-controls_6595b64144ccf1df_6.0.19041.4355_none_60b8b9eb71f62e16\COMCTL32.dll
0x00007ffae9c20000 - 0x00007ffae9c52000 	C:\WINDOWS\System32\IMM32.DLL
0x00007ffae4190000 - 0x00007ffae41ab000 	C:\Program Files\Java\jdk-1.8\jre\bin\vcruntime140.dll
0x00007ffae3910000 - 0x00007ffae391c000 	C:\Program Files\Java\jdk-1.8\jre\bin\vcruntime140_1.dll
0x00007ffad2ea0000 - 0x00007ffad2f2e000 	C:\Program Files\Java\jdk-1.8\jre\bin\msvcp140.dll
0x00007ffab72e0000 - 0x00007ffab7b90000 	C:\Program Files\Java\jdk-1.8\jre\bin\server\jvm.dll
0x00007ffaea2c0000 - 0x00007ffaea2c8000 	C:\WINDOWS\System32\PSAPI.DLL
0x00007ffae3900000 - 0x00007ffae3909000 	C:\WINDOWS\SYSTEM32\WSOCK32.dll
0x00007ffaea2d0000 - 0x00007ffaea33b000 	C:\WINDOWS\System32\WS2_32.dll
0x00007ffae04f0000 - 0x00007ffae04fa000 	C:\WINDOWS\SYSTEM32\VERSION.dll
0x00007ffac9ec0000 - 0x00007ffac9ee7000 	C:\WINDOWS\SYSTEM32\WINMM.dll
0x00007ffae6aa0000 - 0x00007ffae6ab2000 	C:\WINDOWS\SYSTEM32\kernel.appcore.dll
0x00007ffae28b0000 - 0x00007ffae28c0000 	C:\Program Files\Java\jdk-1.8\jre\bin\verify.dll
0x00007ffade640000 - 0x00007ffade66b000 	C:\Program Files\Java\jdk-1.8\jre\bin\java.dll
0x00007ffadb0b0000 - 0x00007ffadb0e6000 	C:\Program Files\Java\jdk-1.8\jre\bin\jdwp.dll
0x00007ffae1bd0000 - 0x00007ffae1bd9000 	C:\Program Files\Java\jdk-1.8\jre\bin\npt.dll
0x00007ffad5470000 - 0x00007ffad54a4000 	C:\Program Files\Java\jdk-1.8\jre\bin\instrument.dll
0x00007ffade620000 - 0x00007ffade638000 	C:\Program Files\Java\jdk-1.8\jre\bin\zip.dll
0x00007ffaeada0000 - 0x00007ffaeb50b000 	C:\WINDOWS\System32\SHELL32.dll
0x00007ffae6ca0000 - 0x00007ffae743d000 	C:\WINDOWS\SYSTEM32\windows.storage.dll
0x00007ffaea340000 - 0x00007ffaea693000 	C:\WINDOWS\System32\combase.dll
0x00007ffae8550000 - 0x00007ffae857e000 	C:\WINDOWS\SYSTEM32\Wldp.dll
0x00007ffaeaba0000 - 0x00007ffaeac6d000 	C:\WINDOWS\System32\OLEAUT32.dll
0x00007ffae9d10000 - 0x00007ffae9dbd000 	C:\WINDOWS\System32\SHCORE.dll
0x00007ffae9a40000 - 0x00007ffae9a95000 	C:\WINDOWS\System32\shlwapi.dll
0x00007ffae8b30000 - 0x00007ffae8b54000 	C:\WINDOWS\SYSTEM32\profapi.dll
0x00007ffae1bc0000 - 0x00007ffae1bca000 	C:\Program Files\Java\jdk-1.8\jre\bin\dt_socket.dll
0x00007ffaa7a50000 - 0x00007ffaa7a67000 	C:\WINDOWS\system32\napinsp.dll
0x00007ffaa7a30000 - 0x00007ffaa7a4b000 	C:\WINDOWS\system32\pnrpnsp.dll
0x00007ffadbb30000 - 0x00007ffadbb45000 	C:\WINDOWS\system32\wshbth.dll
0x00007ffae3ff0000 - 0x00007ffae400d000 	C:\WINDOWS\system32\NLAapi.dll
0x00007ffae7f90000 - 0x00007ffae7fcb000 	C:\WINDOWS\SYSTEM32\IPHLPAPI.DLL
0x00007ffae82b0000 - 0x00007ffae831a000 	C:\WINDOWS\System32\mswsock.dll
0x00007ffae7fd0000 - 0x00007ffae809b000 	C:\WINDOWS\SYSTEM32\DNSAPI.dll
0x00007ffae9d00000 - 0x00007ffae9d08000 	C:\WINDOWS\System32\NSI.dll
0x00007ffaa7a10000 - 0x00007ffaa7a22000 	C:\WINDOWS\System32\winrnr.dll
0x00007ffae1900000 - 0x00007ffae1980000 	C:\WINDOWS\System32\fwpuclnt.dll
0x00007ffae1810000 - 0x00007ffae181a000 	C:\Windows\System32\rasadhlp.dll
0x00007ffadb3e0000 - 0x00007ffadb3fc000 	C:\Program Files\Java\jdk-1.8\jre\bin\net.dll
0x00007ffadb370000 - 0x00007ffadb383000 	C:\Program Files\Java\jdk-1.8\jre\bin\nio.dll
0x00007ffad5440000 - 0x00007ffad5465000 	C:\Program Files\Java\jdk-1.8\jre\bin\sunec.dll
0x00007ffae3b70000 - 0x00007ffae3b87000 	C:\WINDOWS\SYSTEM32\dhcpcsvc6.DLL
0x00007ffae3a80000 - 0x00007ffae3a9d000 	C:\WINDOWS\SYSTEM32\dhcpcsvc.DLL
0x00007ffae84a0000 - 0x00007ffae84b8000 	C:\WINDOWS\SYSTEM32\CRYPTSP.dll
0x00007ffae7bd0000 - 0x00007ffae7c04000 	C:\WINDOWS\system32\rsaenh.dll
0x00007ffae8ae0000 - 0x00007ffae8b0e000 	C:\WINDOWS\SYSTEM32\USERENV.dll
0x00007ffae92f0000 - 0x00007ffae9372000 	C:\WINDOWS\System32\bcryptprimitives.dll
0x00007ffae84c0000 - 0x00007ffae84cc000 	C:\WINDOWS\SYSTEM32\CRYPTBASE.dll
0x00007ffadea60000 - 0x00007ffadea6d000 	C:\Program Files\Java\jdk-1.8\jre\bin\management.dll
0x00007ffae3d60000 - 0x00007ffae3f44000 	C:\WINDOWS\SYSTEM32\dbghelp.dll

VM Arguments:
jvm_args: -agentlib:jdwp=transport=dt_socket,suspend=y,address=localhost:50404 -ea -javaagent:C:\Users\user\Downloads\eclipse-java-2023-12-R-win32-x86_64\eclipse\configuration\org.eclipse.osgi\249\0\.cp\lib\javaagent-shaded.jar -Dfile.encoding=UTF-8 -Dstdout.encoding=UTF-8 -Dstderr.encoding=UTF-8 
java_command: org.eclipse.jdt.internal.junit.runner.RemoteTestRunner -version 3 -port 50403 -testLoaderClass org.eclipse.jdt.internal.junit4.runner.JUnit4TestLoader -loaderpluginname org.eclipse.jdt.junit4.runtime -classNames in.redbus.BusBooking
java_class_path (initial): C:\Users\user\Desktop\PRAVEEN\PROJECT CLASS 5 task\RedBus\target\test-classes;C:\Users\user\Desktop\PRAVEEN\PROJECT CLASS 5 task\RedBus\target\classes;C:\Users\user\.m2\repository\junit\junit\4.13.2\junit-4.13.2.jar;C:\Users\user\.m2\repository\org\hamcrest\hamcrest-core\1.3\hamcrest-core-1.3.jar;C:\Users\user\.m2\repository\org\seleniumhq\selenium\selenium-java\4.10.0\selenium-java-4.10.0.jar;C:\Users\user\.m2\repository\org\seleniumhq\selenium\selenium-api\4.10.0\selenium-api-4.10.0.jar;C:\Users\user\.m2\repository\org\seleniumhq\selenium\selenium-chrome-driver\4.10.0\selenium-chrome-driver-4.10.0.jar;C:\Users\user\.m2\repository\com\google\auto\service\auto-service-annotations\1.0.1\auto-service-annotations-1.0.1.jar;C:\Users\user\.m2\repository\com\google\auto\service\auto-service\1.0.1\auto-service-1.0.1.jar;C:\Users\user\.m2\repository\com\google\auto\auto-common\1.2\auto-common-1.2.jar;C:\Users\user\.m2\repository\com\google\guava\guava\31.1-jre\guava-31.1-jre.jar;C:\Users\user\.m2\repository\com\google\guava\failureaccess\1.0.1\failureaccess-1.0.1.jar;C:\Users\user\.m2\repository\com\google\guava\listenablefuture\9999.0-empty-to-avoid-conflict-with-guava\listenablefuture-9999.0-empty-to-avoid-conflict-with-guava.jar;C:\Users\user\.m2\repository\com\google\code\findbugs\jsr305\3.0.2\jsr305-3.0.2.jar;C:\Users\user\.m2\repository\org\checkerframework\checker-qual\3.12.0\checker-qual-3.12.0.jar;C:\Users\user\.m2\repository\com\google\errorprone\error_prone_annotations\2.11.0\error_prone_annotations-2.11.0.jar;C:\Users\user\.m2\repository\com\google\j2objc\j2objc-annotations\1.3\j2objc-annotations-1.3.jar;C:\Users\user\.m2\repository\org\seleniumhq\selenium\selenium-chromium-driver\4.10.0\selenium-chromium-driver-4.10.0.jar;C:\Users\user\.m2\repository\org\seleniumhq\selenium\selenium-json\4.10.0\selenium-json-4.10.0.jar;C:\Users\user\.m2\repository\org\seleniumhq\selenium\selenium-manager\4.10.0\selenium-manager-4.10.0.jar;C:\Users\u
Launcher Type: SUN_STANDARD

Environment Variables:
JAVA_HOME=C:\Program Files\Java\jdk-1.8
PATH=C:\Program Files\Java\jdk-1.8\jre\bin;C:/Users/user/Downloads/eclipse-java-2023-12-R-win32-x86_64/eclipse//plugins/org.eclipse.justj.openjdk.hotspot.jre.full.win32.x86_64_17.0.9.v20231028-0858/jre/bin/server;C:/Users/user/Downloads/eclipse-java-2023-12-R-win32-x86_64/eclipse//plugins/org.eclipse.justj.openjdk.hotspot.jre.full.win32.x86_64_17.0.9.v20231028-0858/jre/bin;C:\Program Files (x86)\Common Files\Oracle\Java\javapath;C:\Program Files\Java\jdk1.8.0_202\bin;C:\Program Files\Java\jdk-1.8\bin;C:\Program Files\Git\cmd;C:\Users\user\Downloads\apache-maven-3.9.6-bin\apache-maven-3.9.6\bin;C:\Program Files\Java\jdk-1.8\bin;C:\Program Files\Java\jre-1.8\bin;C:\Program Files\nodejs\;C:\Users\user\AppData\Local\Microsoft\WindowsApps;C:\Users\user\AppData\Local\Programs\Microsoft VS Code\bin;C:\Users\user\Downloads\apache-maven-3.9.6-bin\apache-maven-3.9.6\bin;C:\Users\user\AppData\Roaming\npm;C:\Users\user\Downloads\eclipse-java-2023-12-R-win32-x86_64\eclipse;
USERNAME=user
OS=Windows_NT
PROCESSOR_IDENTIFIER=Intel64 Family 6 Model 60 Stepping 3, GenuineIntel



---------------  S Y S T E M  ---------------

OS: Windows 10 , 64 bit Build 19041 (10.0.19041.3636)

CPU:total 4 (initial active 4) (4 cores per cpu, 1 threads per core) family 6 model 60 stepping 3, cmov, cx8, fxsr, mmx, sse, sse2, sse3, ssse3, sse4.1, sse4.2, popcnt, avx, avx2, aes, clmul, erms, lzcnt, tsc, tscinvbit, bmi1, bmi2

Memory: 4k page, physical 4100224k(414460k free), swap 14517188k(2938092k free)

vm_info: Java HotSpot(TM) 64-Bit Server VM (25.391-b13) for windows-amd64 JRE (1.8.0_391-b13), built on Oct  4 2023 07:54:08 by "java_re" with MS VC++ 17.1 (VS2022)

time: Mon Jun  3 17:27:36 2024
timezone: India Standard Time
elapsed time: 8646.425641 seconds (0d 2h 24m 6s)

