#
# A fatal error has been detected by the Java Runtime Environment:
#
#  EXCEPTION_ACCESS_VIOLATION (0xc0000005) at pc=0x00007ffab73efb5c, pid=19140, tid=0x00000000000049dc
#
# JRE version: Java(TM) SE Runtime Environment (8.0_391) (build 1.8.0_391-b13)
# Java VM: Java HotSpot(TM) 64-Bit Server VM (25.391-b13 mixed mode windows-amd64 compressed oops)
# Problematic frame:
# V  [jvm.dll+0x10fb5c]
#
# Failed to write core dump. Minidumps are not enabled by default on client versions of Windows
#
# If you would like to submit a bug report, please visit:
#   http://bugreport.java.com/bugreport/crash.jsp
#

---------------  T H R E A D  ---------------

Current thread (0x00000202c2593000):  VMThread [stack: 0x000000079fa00000,0x000000079fb00000] [id=18908]

siginfo: ExceptionCode=0xc0000005, reading address 0x0000000000000008

Registers:
RAX=0x0000000000000000, RBX=0x000000079faff590, RCX=0x0000000000000000, RDX=0x0000000000000000
RSP=0x000000079faff2b0, RBP=0x0000000000000001, RSI=0x00007ffab7b05d98, RDI=0x00000202c20e0748
R8 =0x0000000000000000, R9 =0x00000202c20e0748, R10=0x00000202aea9e610, R11=0x00000202c20e158f
R12=0x00000000000000d1, R13=0x00000202c24afde0, R14=0x0000000000000001, R15=0x00007ffab72e0000
RIP=0x00007ffab73efb5c, EFLAGS=0x0000000000010206

Top of Stack: (sp=0x000000079faff2b0)
0x000000079faff2b0:   00000202c2593000 00007ffab73696fc
0x000000079faff2c0:   00006a1ba266384b 00000202c20e1720
0x000000079faff2d0:   0000000700000000 00007ffab73f3df7
0x000000079faff2e0:   000000079faff3e0 00007ffab73f08c2
0x000000079faff2f0:   00006a1ba2663b7b 000000079faff590
0x000000079faff300:   00000000000000b2 00000000000000b2
0x000000079faff310:   000000079faff590 00007ffab73f21af
0x000000079faff320:   000000079faff3e0 000000079faff3e0
0x000000079faff330:   0000000000000001 0000000000000000
0x000000079faff340:   00000202000000b7 00007ffab73696fc
0x000000079faff350:   00000202c20e1720 00000202c2593000
0x000000079faff360:   00000202c20e15b4 00000007000000e6
0x000000079faff370:   00000202c2593000 00007ffab73696fc
0x000000079faff380:   00007ffab72e0000 00000000000000b2
0x000000079faff390:   00000000000000b2 00000202c20e15bf
0x000000079faff3a0:   000000079faff590 00007ffab73f28ff 

Instructions: (pc=0x00007ffab73efb5c)
0x00007ffab73efb3c:   8b cf e8 ad 98 ff ff 8b d0 48 8b cf e8 a3 c2 ff
0x00007ffab73efb4c:   ff 48 63 c8 48 8d 35 41 62 71 00 48 8b 44 cf 50
0x00007ffab73efb5c:   0f b6 48 08 8b 05 2e 62 71 00 80 f9 4c 74 3d 80
0x00007ffab73efb6c:   f9 5b 74 38 80 f9 4a 74 24 80 f9 44 74 1f 80 f9 


Register to memory mapping:

RAX=0x0000000000000000 is an unknown value
RBX=0x000000079faff590 is an unknown value
RCX=0x0000000000000000 is an unknown value
RDX=0x0000000000000000 is an unknown value
RSP=0x000000079faff2b0 is an unknown value
RBP=0x0000000000000001 is an unknown value
RSI=0x00007ffab7b05d98 is an unknown value
RDI=0x00000202c20e0748 is pointing into metadata
R8 =0x0000000000000000 is an unknown value
R9 =0x00000202c20e0748 is pointing into metadata
R10=0x00000202aea9e610 is an unknown value
R11=0x00000202c20e158f is pointing into metadata
R12=0x00000000000000d1 is an unknown value
R13=0x00000202c24afde0 is an unknown value
R14=0x0000000000000001 is an unknown value
R15=0x00007ffab72e0000 is an unknown value


Stack: [0x000000079fa00000,0x000000079fb00000],  sp=0x000000079faff2b0,  free space=1020k
Native frames: (J=compiled Java code, j=interpreted, Vv=VM code, C=native code)
V  [jvm.dll+0x10fb5c]
V  [jvm.dll+0x1121af]
V  [jvm.dll+0x1128ff]
V  [jvm.dll+0x10fe65]
V  [jvm.dll+0x10ef2d]
V  [jvm.dll+0xd3a4b]
V  [jvm.dll+0xd45b9]
V  [jvm.dll+0x11c7d4]
V  [jvm.dll+0x141427]
V  [jvm.dll+0x1c8151]
V  [jvm.dll+0x259a87]
V  [jvm.dll+0x2581af]
V  [jvm.dll+0x258938]
V  [jvm.dll+0x258c04]
V  [jvm.dll+0x2accfc]
C  [ucrtbase.dll+0x21bb2]
C  [KERNEL32.DLL+0x17344]
C  [ntdll.dll+0x526b1]

VM_Operation (0x000000079ffff520): GetOrSetLocal, mode: safepoint, requested by thread 0x00000202c260b800


---------------  P R O C E S S  ---------------

Java Threads: ( => current thread )
  0x00000202c3fb4800 JavaThread "AsyncHttpClient-1-4" daemon [_thread_in_native, id=14004, stack(0x00000007a1300000,0x00000007a1400000)]
  0x00000202c3fb0800 JavaThread "AsyncHttpClient-1-3" daemon [_thread_in_native, id=15560, stack(0x00000007a1100000,0x00000007a1200000)]
  0x00000202c3fb6000 JavaThread "AsyncHttpClient-1-2" daemon [_thread_in_native, id=15652, stack(0x00000007a1200000,0x00000007a1300000)]
  0x00000202c515d800 JavaThread "Driver Service Executor" daemon [_thread_blocked, id=8096, stack(0x00000007a0e00000,0x00000007a0f00000)]
  0x00000202c4d3f800 JavaThread "Driver Service Executor" daemon [_thread_blocked, id=7116, stack(0x00000007a0d00000,0x00000007a0e00000)]
  0x00000202c6579800 JavaThread "Exec Stream Pumper" daemon [_thread_in_native, id=17776, stack(0x00000007a0c00000,0x00000007a0d00000)]
  0x00000202c6568800 JavaThread "Exec Stream Pumper" daemon [_thread_in_native, id=17100, stack(0x00000007a0b00000,0x00000007a0c00000)]
  0x00000202c696f800 JavaThread "Exec Default Executor" daemon [_thread_in_native, id=19724, stack(0x00000007a0a00000,0x00000007a0b00000)]
  0x00000202c4c0b800 JavaThread "AsyncHttpClient-1-1" daemon [_thread_blocked, id=17644, stack(0x00000007a0900000,0x00000007a0a00000)]
  0x00000202c49db800 JavaThread "ReaderThread" [_thread_in_native, id=12668, stack(0x00000007a0700000,0x00000007a0800000)]
  0x00000202c4035000 JavaThread "Service Thread" daemon [_thread_blocked, id=14524, stack(0x00000007a0500000,0x00000007a0600000)]
  0x00000202c3fb2000 JavaThread "C1 CompilerThread2" daemon [_thread_blocked, id=13836, stack(0x00000007a0400000,0x00000007a0500000)]
  0x00000202c3fae000 JavaThread "C2 CompilerThread1" daemon [_thread_blocked, id=12092, stack(0x00000007a0300000,0x00000007a0400000)]
  0x00000202c3fc3000 JavaThread "C2 CompilerThread0" daemon [_thread_blocked, id=3084, stack(0x00000007a0200000,0x00000007a0300000)]
  0x00000202c261e800 JavaThread "JDWP Command Reader" daemon [_thread_in_native, id=7080, stack(0x00000007a0100000,0x00000007a0200000)]
  0x00000202c2613800 JavaThread "JDWP Event Helper Thread" daemon [_thread_blocked, id=15448, stack(0x00000007a0000000,0x00000007a0100000)]
  0x00000202c260b800 JavaThread "JDWP Transport Listener: dt_socket" daemon [_thread_blocked, id=12480, stack(0x000000079ff00000,0x00000007a0000000)]
  0x00000202c25ea800 JavaThread "Attach Listener" daemon [_thread_blocked, id=8852, stack(0x000000079fe00000,0x000000079ff00000)]
  0x00000202c25e9800 JavaThread "Signal Dispatcher" daemon [_thread_blocked, id=12336, stack(0x000000079fd00000,0x000000079fe00000)]
  0x00000202c25c4800 JavaThread "Finalizer" daemon [_thread_blocked, id=16252, stack(0x000000079fc00000,0x000000079fd00000)]
  0x00000202c25bd800 JavaThread "Reference Handler" daemon [_thread_blocked, id=7448, stack(0x000000079fb00000,0x000000079fc00000)]
  0x00000202aea84800 JavaThread "main" [_thread_blocked, id=18796, stack(0x000000079f500000,0x000000079f600000)]

Other Threads:
=>0x00000202c2593000 VMThread [stack: 0x000000079fa00000,0x000000079fb00000] [id=18908]
  0x00000202c40a4000 WatcherThread [stack: 0x00000007a0600000,0x00000007a0700000] [id=13724]

VM state:at safepoint (normal execution)

VM Mutex/Monitor currently owned by a thread:  ([mutex/lock_event])
[0x00000202aea81c80] Threads_lock - owner thread: 0x00000202c2593000

heap address: 0x00000000c1600000, size: 1002 MB, Compressed Oops mode: 32-bit
Narrow klass base: 0x0000000000000000, Narrow klass shift: 3
Compressed class space size: 1073741824 Address: 0x0000000100000000

Heap:
 PSYoungGen      total 70656K, used 58603K [0x00000000eb200000, 0x00000000efd00000, 0x0000000100000000)
  eden space 65536K, 89% used [0x00000000eb200000,0x00000000eeb3ad40,0x00000000ef200000)
  from space 5120K, 0% used [0x00000000ef800000,0x00000000ef800000,0x00000000efd00000)
  to   space 5632K, 0% used [0x00000000ef200000,0x00000000ef200000,0x00000000ef780000)
 ParOldGen       total 33792K, used 8813K [0x00000000c1600000, 0x00000000c3700000, 0x00000000eb200000)
  object space 33792K, 26% used [0x00000000c1600000,0x00000000c1e9b610,0x00000000c3700000)
 Metaspace       used 24414K, capacity 25372K, committed 25600K, reserved 1071104K
  class space    used 3029K, capacity 3248K, committed 3328K, reserved 1048576K

Card table byte_map: [0x00000202bf720000,0x00000202bf920000] byte_map_base: 0x00000202bf115000

Marking Bits: (ParMarkBitMap*) 0x00007ffab7b16040
 Begin Bits: [0x00000202bfa70000, 0x00000202c0a18000)
 End Bits:   [0x00000202c0a18000, 0x00000202c19c0000)

Polling page: 0x00000202b0330000

CodeCache: size=245760Kb used=7215Kb max_used=8224Kb free=238544Kb
 bounds [0x00000202b0360000, 0x00000202b0b70000, 0x00000202bf360000]
 total_blobs=2551 nmethods=2076 adapters=395
 compilation: enabled

Compilation events (10 events):
Event: 5710.668 Thread 0x00000202c3fae000 2319       4       io.netty.util.concurrent.ImmediateExecutor::execute (15 bytes)
Event: 5710.802 Thread 0x00000202c3fae000 nmethod 2319 0x00000202b0688390 code [0x00000202b06885a0, 0x00000202b0689af8]
Event: 6044.858 Thread 0x00000202c3fb2000 2320 %     3       io.netty.util.HashedWheelTimer$Worker::run @ 42 (204 bytes)
Event: 6044.883 Thread 0x00000202c3fb2000 nmethod 2320% 0x00000202b0735090 code [0x00000202b0735360, 0x00000202b07366d0]
Event: 6147.263 Thread 0x00000202c3fb2000 2321       3       io.netty.util.HashedWheelTimer$Worker::run (204 bytes)
Event: 6147.269 Thread 0x00000202c3fb2000 nmethod 2321 0x00000202b0733090 code [0x00000202b0733360, 0x00000202b0734630]
Event: 7709.159 Thread 0x00000202c3fb2000 2322       3       org.asynchttpclient.cookie.CookieEvictionTask::run (30 bytes)
Event: 7709.197 Thread 0x00000202c3fb2000 nmethod 2322 0x00000202b0571810 code [0x00000202b05719a0, 0x00000202b0571cc0]
Event: 7709.200 Thread 0x00000202c3fb2000 2323       3       org.asynchttpclient.cookie.ThreadSafeCookieStore::evictExpired (5 bytes)
Event: 7709.203 Thread 0x00000202c3fb2000 nmethod 2323 0x00000202b0688010 code [0x00000202b0688180, 0x00000202b0688310]

GC Heap History (10 events):
Event: 2.609 GC heap before
{Heap before GC invocations=5 (full 0):
 PSYoungGen      total 18944K, used 18931K [0x00000000eb200000, 0x00000000ed700000, 0x0000000100000000)
  eden space 16384K, 100% used [0x00000000eb200000,0x00000000ec200000,0x00000000ec200000)
  from space 2560K, 99% used [0x00000000ec480000,0x00000000ec6fcf68,0x00000000ec700000)
  to   space 2560K, 0% used [0x00000000ec200000,0x00000000ec200000,0x00000000ec480000)
 ParOldGen       total 44032K, used 3644K [0x00000000c1600000, 0x00000000c4100000, 0x00000000eb200000)
  object space 44032K, 8% used [0x00000000c1600000,0x00000000c198f0e0,0x00000000c4100000)
 Metaspace       used 13361K, capacity 13678K, committed 13952K, reserved 1060864K
  class space    used 1493K, capacity 1629K, committed 1664K, reserved 1048576K
Event: 2.617 GC heap after
Heap after GC invocations=5 (full 0):
 PSYoungGen      total 18944K, used 2531K [0x00000000eb200000, 0x00000000edd00000, 0x0000000100000000)
  eden space 16384K, 0% used [0x00000000eb200000,0x00000000eb200000,0x00000000ec200000)
  from space 2560K, 98% used [0x00000000ec200000,0x00000000ec478f88,0x00000000ec480000)
  to   space 5632K, 0% used [0x00000000ed780000,0x00000000ed780000,0x00000000edd00000)
 ParOldGen       total 44032K, used 5958K [0x00000000c1600000, 0x00000000c4100000, 0x00000000eb200000)
  object space 44032K, 13% used [0x00000000c1600000,0x00000000c1bd1a38,0x00000000c4100000)
 Metaspace       used 13361K, capacity 13678K, committed 13952K, reserved 1060864K
  class space    used 1493K, capacity 1629K, committed 1664K, reserved 1048576K
}
Event: 3.061 GC heap before
{Heap before GC invocations=6 (full 0):
 PSYoungGen      total 18944K, used 18915K [0x00000000eb200000, 0x00000000edd00000, 0x0000000100000000)
  eden space 16384K, 100% used [0x00000000eb200000,0x00000000ec200000,0x00000000ec200000)
  from space 2560K, 98% used [0x00000000ec200000,0x00000000ec478f88,0x00000000ec480000)
  to   space 5632K, 0% used [0x00000000ed780000,0x00000000ed780000,0x00000000edd00000)
 ParOldGen       total 44032K, used 5958K [0x00000000c1600000, 0x00000000c4100000, 0x00000000eb200000)
  object space 44032K, 13% used [0x00000000c1600000,0x00000000c1bd1a38,0x00000000c4100000)
 Metaspace       used 14671K, capacity 15070K, committed 15232K, reserved 1062912K
  class space    used 1673K, capacity 1813K, committed 1920K, reserved 1048576K
Event: 3.068 GC heap after
Heap after GC invocations=6 (full 0):
 PSYoungGen      total 38400K, used 3944K [0x00000000eb200000, 0x00000000edd00000, 0x0000000100000000)
  eden space 32768K, 0% used [0x00000000eb200000,0x00000000eb200000,0x00000000ed200000)
  from space 5632K, 70% used [0x00000000ed780000,0x00000000edb5a200,0x00000000edd00000)
  to   space 5632K, 0% used [0x00000000ed200000,0x00000000ed200000,0x00000000ed780000)
 ParOldGen       total 44032K, used 5966K [0x00000000c1600000, 0x00000000c4100000, 0x00000000eb200000)
  object space 44032K, 13% used [0x00000000c1600000,0x00000000c1bd3a38,0x00000000c4100000)
 Metaspace       used 14671K, capacity 15070K, committed 15232K, reserved 1062912K
  class space    used 1673K, capacity 1813K, committed 1920K, reserved 1048576K
}
Event: 3.498 GC heap before
{Heap before GC invocations=7 (full 0):
 PSYoungGen      total 38400K, used 36712K [0x00000000eb200000, 0x00000000edd00000, 0x0000000100000000)
  eden space 32768K, 100% used [0x00000000eb200000,0x00000000ed200000,0x00000000ed200000)
  from space 5632K, 70% used [0x00000000ed780000,0x00000000edb5a200,0x00000000edd00000)
  to   space 5632K, 0% used [0x00000000ed200000,0x00000000ed200000,0x00000000ed780000)
 ParOldGen       total 44032K, used 5966K [0x00000000c1600000, 0x00000000c4100000, 0x00000000eb200000)
  object space 44032K, 13% used [0x00000000c1600000,0x00000000c1bd3a38,0x00000000c4100000)
 Metaspace       used 18128K, capacity 18500K, committed 18688K, reserved 1064960K
  class space    used 2112K, capacity 2230K, committed 2304K, reserved 1048576K
Event: 3.504 GC heap after
Heap after GC invocations=7 (full 0):
 PSYoungGen      total 38400K, used 4845K [0x00000000eb200000, 0x00000000efe00000, 0x0000000100000000)
  eden space 32768K, 0% used [0x00000000eb200000,0x00000000eb200000,0x00000000ed200000)
  from space 5632K, 86% used [0x00000000ed200000,0x00000000ed6bb548,0x00000000ed780000)
  to   space 6144K, 0% used [0x00000000ef800000,0x00000000ef800000,0x00000000efe00000)
 ParOldGen       total 44032K, used 6914K [0x00000000c1600000, 0x00000000c4100000, 0x00000000eb200000)
  object space 44032K, 15% used [0x00000000c1600000,0x00000000c1cc0a30,0x00000000c4100000)
 Metaspace       used 18128K, capacity 18500K, committed 18688K, reserved 1064960K
  class space    used 2112K, capacity 2230K, committed 2304K, reserved 1048576K
}
Event: 4.694 GC heap before
{Heap before GC invocations=8 (full 0):
 PSYoungGen      total 38400K, used 29608K [0x00000000eb200000, 0x00000000efe00000, 0x0000000100000000)
  eden space 32768K, 75% used [0x00000000eb200000,0x00000000eca2ed60,0x00000000ed200000)
  from space 5632K, 86% used [0x00000000ed200000,0x00000000ed6bb548,0x00000000ed780000)
  to   space 6144K, 0% used [0x00000000ef800000,0x00000000ef800000,0x00000000efe00000)
 ParOldGen       total 44032K, used 6914K [0x00000000c1600000, 0x00000000c4100000, 0x00000000eb200000)
  object space 44032K, 15% used [0x00000000c1600000,0x00000000c1cc0a30,0x00000000c4100000)
 Metaspace       used 20513K, capacity 21288K, committed 21296K, reserved 1069056K
  class space    used 2479K, capacity 2686K, committed 2688K, reserved 1048576K
Event: 4.701 GC heap after
Heap after GC invocations=8 (full 0):
 PSYoungGen      total 70656K, used 3766K [0x00000000eb200000, 0x00000000efd00000, 0x0000000100000000)
  eden space 65536K, 0% used [0x00000000eb200000,0x00000000eb200000,0x00000000ef200000)
  from space 5120K, 73% used [0x00000000ef800000,0x00000000efbadb38,0x00000000efd00000)
  to   space 5632K, 0% used [0x00000000ef200000,0x00000000ef200000,0x00000000ef780000)
 ParOldGen       total 44032K, used 7954K [0x00000000c1600000, 0x00000000c4100000, 0x00000000eb200000)
  object space 44032K, 18% used [0x00000000c1600000,0x00000000c1dc4a30,0x00000000c4100000)
 Metaspace       used 20513K, capacity 21288K, committed 21296K, reserved 1069056K
  class space    used 2479K, capacity 2686K, committed 2688K, reserved 1048576K
}
Event: 4.701 GC heap before
{Heap before GC invocations=9 (full 1):
 PSYoungGen      total 70656K, used 3766K [0x00000000eb200000, 0x00000000efd00000, 0x0000000100000000)
  eden space 65536K, 0% used [0x00000000eb200000,0x00000000eb200000,0x00000000ef200000)
  from space 5120K, 73% used [0x00000000ef800000,0x00000000efbadb38,0x00000000efd00000)
  to   space 5632K, 0% used [0x00000000ef200000,0x00000000ef200000,0x00000000ef780000)
 ParOldGen       total 44032K, used 7954K [0x00000000c1600000, 0x00000000c4100000, 0x00000000eb200000)
  object space 44032K, 18% used [0x00000000c1600000,0x00000000c1dc4a30,0x00000000c4100000)
 Metaspace       used 20513K, capacity 21288K, committed 21296K, reserved 1069056K
  class space    used 2479K, capacity 2686K, committed 2688K, reserved 1048576K
Event: 4.736 GC heap after
Heap after GC invocations=9 (full 1):
 PSYoungGen      total 70656K, used 0K [0x00000000eb200000, 0x00000000efd00000, 0x0000000100000000)
  eden space 65536K, 0% used [0x00000000eb200000,0x00000000eb200000,0x00000000ef200000)
  from space 5120K, 0% used [0x00000000ef800000,0x00000000ef800000,0x00000000efd00000)
  to   space 5632K, 0% used [0x00000000ef200000,0x00000000ef200000,0x00000000ef780000)
 ParOldGen       total 33792K, used 8813K [0x00000000c1600000, 0x00000000c3700000, 0x00000000eb200000)
  object space 33792K, 26% used [0x00000000c1600000,0x00000000c1e9b610,0x00000000c3700000)
 Metaspace       used 20513K, capacity 21288K, committed 21296K, reserved 1069056K
  class space    used 2479K, capacity 2686K, committed 2688K, reserved 1048576K
}

Deoptimization events (10 events):
Event: 3.233 Thread 0x00000202aea84800 Uncommon trap: reason=class_check action=maybe_recompile pc=0x00000202b079a05c method=java.util.regex.Pattern$Curly.match(Ljava/util/regex/Matcher;ILjava/lang/CharSequence;)Z @ 19
Event: 3.233 Thread 0x00000202aea84800 Uncommon trap: reason=class_check action=maybe_recompile pc=0x00000202b079a05c method=java.util.regex.Pattern$Curly.match(Ljava/util/regex/Matcher;ILjava/lang/CharSequence;)Z @ 19
Event: 3.266 Thread 0x00000202aea84800 Uncommon trap: reason=unstable_if action=reinterpret pc=0x00000202b0912818 method=org.eclipse.jdt.launching.internal.org.objectweb.asm.ByteVector.putInt(I)Lorg/eclipse/jdt/launching/internal/org/objectweb/asm/ByteVector; @ 13
Event: 3.288 Thread 0x00000202aea84800 Uncommon trap: reason=unstable_if action=reinterpret pc=0x00000202b08c02d8 method=java.lang.ThreadLocal$ThreadLocalMap.getEntry(Ljava/lang/ThreadLocal;)Ljava/lang/ThreadLocal$ThreadLocalMap$Entry; @ 29
Event: 3.289 Thread 0x00000202aea84800 Uncommon trap: reason=unstable_if action=reinterpret pc=0x00000202b08c08b0 method=java.lang.ThreadLocal$ThreadLocalMap.getEntry(Ljava/lang/ThreadLocal;)Ljava/lang/ThreadLocal$ThreadLocalMap$Entry; @ 29
Event: 3.292 Thread 0x00000202aea84800 Uncommon trap: reason=unstable_if action=reinterpret pc=0x00000202b0941d94 method=org.eclipse.jdt.launching.internal.org.objectweb.asm.ClassReader.readMethod(Lorg/eclipse/jdt/launching/internal/org/objectweb/asm/ClassVisitor;Lorg/eclipse/jdt/launching/int
Event: 3.293 Thread 0x00000202aea84800 Uncommon trap: reason=unstable_if action=reinterpret pc=0x00000202b094b2dc method=org.eclipse.jdt.launching.internal.org.objectweb.asm.MethodWriter.putMethodInfo(Lorg/eclipse/jdt/launching/internal/org/objectweb/asm/ByteVector;)V @ 150
Event: 3.606 Thread 0x00000202aea84800 Uncommon trap: reason=unstable_if action=reinterpret pc=0x00000202b0536fa8 method=java.lang.String.replace(CC)Ljava/lang/String; @ 2
Event: 5.191 Thread 0x00000202c3fb6000 Uncommon trap: reason=unstable_if action=reinterpret pc=0x00000202b0483300 method=java.lang.CharacterData.of(I)Ljava/lang/CharacterData; @ 4
Event: 15.927 Thread 0x00000202aea84800 Uncommon trap: reason=class_check action=maybe_recompile pc=0x00000202b07d9cb4 method=java.util.HashMap.putVal(ILjava/lang/Object;Ljava/lang/Object;ZZ)Ljava/lang/Object; @ 253

Classes redefined (6 events):
Event: 2359.670 Thread 0x00000202c2593000 redefined class name=in.redbus.BusBooking, count=1
Event: 7417.644 Thread 0x00000202c2593000 redefined class name=in.redbus.BusBooking, count=2
Event: 8359.009 Thread 0x00000202c2593000 redefined class name=in.redbus.BusBooking, count=3
Event: 8454.310 Thread 0x00000202c2593000 redefined class name=in.redbus.BusBooking, count=4
Event: 8565.692 Thread 0x00000202c2593000 redefined class name=in.redbus.BusBooking, count=5
Event: 8900.093 Thread 0x00000202c2593000 redefined class name=in.redbus.BusBooking, count=6

Internal exceptions (10 events):
Event: 3.528 Thread 0x00000202aea84800 Exception <a 'java/lang/NoSuchMethodError': java.lang.Object.lambda$andFinally$1(Lorg/openqa/selenium/remote/http/HttpHandler;Lorg/openqa/selenium/remote/http/HttpRequest;)Lorg/openqa/selenium/remote/http/HttpResponse;> (0x00000000eb46a850) thrown at [C:\
Event: 3.579 Thread 0x00000202aea84800 Exception <a 'java/lang/IncompatibleClassChangeError': Found class java.lang.Object, but interface was expected> (0x00000000eb7d36b0) thrown at [C:\jenkins\workspace\8-2-build-windows-x64-cygwin-sans-NAS\jdk8u391\514\hotspot\src\share\vm\interpreter\linkR
Event: 3.584 Thread 0x00000202aea84800 Exception <a 'java/lang/NoSuchMethodError': java.lang.Object.lambda$or$2(Ljava/util/function/Predicate;Ljava/lang/Object;)Z> (0x00000000eb7decd8) thrown at [C:\jenkins\workspace\8-2-build-windows-x64-cygwin-sans-NAS\jdk8u391\514\hotspot\src\share\vm\inter
Event: 4.290 Thread 0x00000202c3fb1800 Exception <a 'java/net/SocketTimeoutException': connect timed out> (0x00000000ebc637b0) thrown at [C:\jenkins\workspace\8-2-build-windows-x64-cygwin-sans-NAS\jdk8u391\514\hotspot\src\share\vm\prims\jni.cpp, line 737]
Event: 4.360 Thread 0x00000202aea84800 Exception <a 'java/lang/NoSuchMethodError': java.lang.Object.lambda$andThen$1(Ljava/util/function/Function;Ljava/lang/Object;)Ljava/lang/Object;> (0x00000000ebd7ce90) thrown at [C:\jenkins\workspace\8-2-build-windows-x64-cygwin-sans-NAS\jdk8u391\514\hotsp
Event: 4.424 Thread 0x00000202aea84800 Exception <a 'java/lang/NoSuchMethodError': java.lang.Object.lambda$chars$0()Ljava/util/Spliterator$OfInt;> (0x00000000ec0de680) thrown at [C:\jenkins\workspace\8-2-build-windows-x64-cygwin-sans-NAS\jdk8u391\514\hotspot\src\share\vm\interpreter\linkResolv
Event: 4.660 Thread 0x00000202aea84800 Exception <a 'java/lang/NoSuchMethodError': java.lang.Object.lambda$negate$1(Ljava/lang/Object;)Z> (0x00000000ec7127e0) thrown at [C:\jenkins\workspace\8-2-build-windows-x64-cygwin-sans-NAS\jdk8u391\514\hotspot\src\share\vm\interpreter\linkResolver.cpp, l
Event: 15.913 Thread 0x00000202aea84800 Exception <a 'java/lang/NoSuchMethodError': java.lang.Object.lambda$getResponseFunction$0(Lorg/openqa/selenium/remote/InitialHandshakeResponse;)Lorg/openqa/selenium/remote/ProtocolHandshake$Result;> (0x00000000ed7f2e48) thrown at [C:\jenkins\workspace\8-2
Event: 18.123 Thread 0x00000202aea84800 Exception <a 'java/lang/NoSuchMethodError': java.lang.Object.FIND_ELEMENT(Ljava/lang/String;Ljava/lang/Object;)Lorg/openqa/selenium/remote/CommandPayload;> (0x00000000ee51ed28) thrown at [C:\jenkins\workspace\8-2-build-windows-x64-cygwin-sans-NAS\jdk8u391
Event: 20.069 Thread 0x00000202aea84800 Exception <a 'java/lang/NoSuchMethodError': java.lang.Object.FIND_ELEMENTS(Ljava/lang/String;Ljava/lang/Object;)Lorg/openqa/selenium/remote/CommandPayload;> (0x00000000ee70c780) thrown at [C:\jenkins\workspace\8-2-build-windows-x64-cygwin-sans-NAS\jdk8u39

Events (10 events):
Event: 9202.014 Executing VM operation: GetOrSetLocal done
Event: 9202.015 Executing VM operation: GetOrSetLocal
Event: 9202.015 Executing VM operation: GetOrSetLocal done
Event: 9202.183 Executing VM operation: GetOrSetLocal
Event: 9202.183 Executing VM operation: GetOrSetLocal done
Event: 9202.184 Executing VM operation: GetOrSetLocal
Event: 9202.184 Executing VM operation: GetOrSetLocal done
Event: 9202.186 Executing VM operation: GetOrSetLocal
Event: 9202.186 Executing VM operation: GetOrSetLocal done
Event: 9202.222 Executing VM operation: GetOrSetLocal


Dynamic libraries:
0x00007ff651aa0000 - 0x00007ff651aea000 	C:\Program Files\Java\jdk-1.8\bin\javaw.exe
0x00007ffaeb550000 - 0x00007ffaeb748000 	C:\WINDOWS\SYSTEM32\ntdll.dll
0x00007ffaea990000 - 0x00007ffaeaa4d000 	C:\WINDOWS\System32\KERNEL32.DLL
0x00007ffae8ca0000 - 0x00007ffae8f96000 	C:\WINDOWS\System32\KERNELBASE.dll
0x00007ffaea720000 - 0x00007ffaea7d0000 	C:\WINDOWS\System32\ADVAPI32.dll
0x00007ffaea8f0000 - 0x00007ffaea98e000 	C:\WINDOWS\System32\msvcrt.dll
0x00007ffae9c60000 - 0x00007ffae9d00000 	C:\WINDOWS\System32\sechost.dll
0x00007ffaeaa50000 - 0x00007ffaeab73000 	C:\WINDOWS\System32\RPCRT4.dll
0x00007ffae8c00000 - 0x00007ffae8c27000 	C:\WINDOWS\System32\bcrypt.dll
0x00007ffae96f0000 - 0x00007ffae988f000 	C:\WINDOWS\System32\USER32.dll
0x00007ffae9550000 - 0x00007ffae9572000 	C:\WINDOWS\System32\win32u.dll
0x00007ffaea7e0000 - 0x00007ffaea80b000 	C:\WINDOWS\System32\GDI32.dll
0x00007ffae9380000 - 0x00007ffae9497000 	C:\WINDOWS\System32\gdi32full.dll
0x00007ffae8fa0000 - 0x00007ffae903d000 	C:\WINDOWS\System32\msvcp_win.dll
0x00007ffae9090000 - 0x00007ffae9190000 	C:\WINDOWS\System32\ucrtbase.dll
0x00007ffac8f20000 - 0x00007ffac91ba000 	C:\WINDOWS\WinSxS\amd64_microsoft.windows.common-controls_6595b64144ccf1df_6.0.19041.4355_none_60b8b9eb71f62e16\COMCTL32.dll
0x00007ffae9c20000 - 0x00007ffae9c52000 	C:\WINDOWS\System32\IMM32.DLL
0x00007ffae4190000 - 0x00007ffae41ab000 	C:\Program Files\Java\jdk-1.8\jre\bin\vcruntime140.dll
0x00007ffae3910000 - 0x00007ffae391c000 	C:\Program Files\Java\jdk-1.8\jre\bin\vcruntime140_1.dll
0x00007ffad2ea0000 - 0x00007ffad2f2e000 	C:\Program Files\Java\jdk-1.8\jre\bin\msvcp140.dll
0x00007ffab72e0000 - 0x00007ffab7b90000 	C:\Program Files\Java\jdk-1.8\jre\bin\server\jvm.dll
0x00007ffaea2c0000 - 0x00007ffaea2c8000 	C:\WINDOWS\System32\PSAPI.DLL
0x00007ffae3900000 - 0x00007ffae3909000 	C:\WINDOWS\SYSTEM32\WSOCK32.dll
0x00007ffaea2d0000 - 0x00007ffaea33b000 	C:\WINDOWS\System32\WS2_32.dll
0x00007ffac9ec0000 - 0x00007ffac9ee7000 	C:\WINDOWS\SYSTEM32\WINMM.dll
0x00007ffae04f0000 - 0x00007ffae04fa000 	C:\WINDOWS\SYSTEM32\VERSION.dll
0x00007ffae6aa0000 - 0x00007ffae6ab2000 	C:\WINDOWS\SYSTEM32\kernel.appcore.dll
0x00007ffae28b0000 - 0x00007ffae28c0000 	C:\Program Files\Java\jdk-1.8\jre\bin\verify.dll
0x00007ffade640000 - 0x00007ffade66b000 	C:\Program Files\Java\jdk-1.8\jre\bin\java.dll
0x00007ffadb0b0000 - 0x00007ffadb0e6000 	C:\Program Files\Java\jdk-1.8\jre\bin\jdwp.dll
0x00007ffae1bd0000 - 0x00007ffae1bd9000 	C:\Program Files\Java\jdk-1.8\jre\bin\npt.dll
0x00007ffad5470000 - 0x00007ffad54a4000 	C:\Program Files\Java\jdk-1.8\jre\bin\instrument.dll
0x00007ffade620000 - 0x00007ffade638000 	C:\Program Files\Java\jdk-1.8\jre\bin\zip.dll
0x00007ffaeada0000 - 0x00007ffaeb50b000 	C:\WINDOWS\System32\SHELL32.dll
0x00007ffae6ca0000 - 0x00007ffae743d000 	C:\WINDOWS\SYSTEM32\windows.storage.dll
0x00007ffaea340000 - 0x00007ffaea693000 	C:\WINDOWS\System32\combase.dll
0x00007ffae8550000 - 0x00007ffae857e000 	C:\WINDOWS\SYSTEM32\Wldp.dll
0x00007ffaeaba0000 - 0x00007ffaeac6d000 	C:\WINDOWS\System32\OLEAUT32.dll
0x00007ffae9d10000 - 0x00007ffae9dbd000 	C:\WINDOWS\System32\SHCORE.dll
0x00007ffae9a40000 - 0x00007ffae9a95000 	C:\WINDOWS\System32\shlwapi.dll
0x00007ffae8b30000 - 0x00007ffae8b54000 	C:\WINDOWS\SYSTEM32\profapi.dll
0x00007ffae1bc0000 - 0x00007ffae1bca000 	C:\Program Files\Java\jdk-1.8\jre\bin\dt_socket.dll
0x00007ffaa7a50000 - 0x00007ffaa7a67000 	C:\WINDOWS\system32\napinsp.dll
0x00007ffaa7a30000 - 0x00007ffaa7a4b000 	C:\WINDOWS\system32\pnrpnsp.dll
0x00007ffadbb30000 - 0x00007ffadbb45000 	C:\WINDOWS\system32\wshbth.dll
0x00007ffae3ff0000 - 0x00007ffae400d000 	C:\WINDOWS\system32\NLAapi.dll
0x00007ffae7f90000 - 0x00007ffae7fcb000 	C:\WINDOWS\SYSTEM32\IPHLPAPI.DLL
0x00007ffae82b0000 - 0x00007ffae831a000 	C:\WINDOWS\System32\mswsock.dll
0x00007ffae7fd0000 - 0x00007ffae809b000 	C:\WINDOWS\SYSTEM32\DNSAPI.dll
0x00007ffae9d00000 - 0x00007ffae9d08000 	C:\WINDOWS\System32\NSI.dll
0x00007ffaa7a10000 - 0x00007ffaa7a22000 	C:\WINDOWS\System32\winrnr.dll
0x00007ffae1900000 - 0x00007ffae1980000 	C:\WINDOWS\System32\fwpuclnt.dll
0x00007ffae1810000 - 0x00007ffae181a000 	C:\Windows\System32\rasadhlp.dll
0x00007ffadb3e0000 - 0x00007ffadb3fc000 	C:\Program Files\Java\jdk-1.8\jre\bin\net.dll
0x00007ffadb370000 - 0x00007ffadb383000 	C:\Program Files\Java\jdk-1.8\jre\bin\nio.dll
0x00007ffad5440000 - 0x00007ffad5465000 	C:\Program Files\Java\jdk-1.8\jre\bin\sunec.dll
0x00007ffae3b70000 - 0x00007ffae3b87000 	C:\WINDOWS\SYSTEM32\dhcpcsvc6.DLL
0x00007ffae3a80000 - 0x00007ffae3a9d000 	C:\WINDOWS\SYSTEM32\dhcpcsvc.DLL
0x00007ffae84a0000 - 0x00007ffae84b8000 	C:\WINDOWS\SYSTEM32\CRYPTSP.dll
0x00007ffae7bd0000 - 0x00007ffae7c04000 	C:\WINDOWS\system32\rsaenh.dll
0x00007ffae8ae0000 - 0x00007ffae8b0e000 	C:\WINDOWS\SYSTEM32\USERENV.dll
0x00007ffae92f0000 - 0x00007ffae9372000 	C:\WINDOWS\System32\bcryptprimitives.dll
0x00007ffae84c0000 - 0x00007ffae84cc000 	C:\WINDOWS\SYSTEM32\CRYPTBASE.dll
0x00007ffadea60000 - 0x00007ffadea6d000 	C:\Program Files\Java\jdk-1.8\jre\bin\management.dll
0x00007ffae3d60000 - 0x00007ffae3f44000 	C:\WINDOWS\SYSTEM32\dbghelp.dll

VM Arguments:
jvm_args: -agentlib:jdwp=transport=dt_socket,suspend=y,address=localhost:64983 -ea -javaagent:C:\Users\user\Downloads\eclipse-java-2023-12-R-win32-x86_64\eclipse\configuration\org.eclipse.osgi\249\0\.cp\lib\javaagent-shaded.jar -Dfile.encoding=UTF-8 -Dstdout.encoding=UTF-8 -Dstderr.encoding=UTF-8 
java_command: org.eclipse.jdt.internal.junit.runner.RemoteTestRunner -version 3 -port 64982 -testLoaderClass org.eclipse.jdt.internal.junit4.runner.JUnit4TestLoader -loaderpluginname org.eclipse.jdt.junit4.runtime -classNames in.redbus.BusBooking
java_class_path (initial): C:\Users\user\Desktop\PRAVEEN\PROJECT CLASS 5 task\RedBus\target\test-classes;C:\Users\user\Desktop\PRAVEEN\PROJECT CLASS 5 task\RedBus\target\classes;C:\Users\user\.m2\repository\junit\junit\4.13.2\junit-4.13.2.jar;C:\Users\user\.m2\repository\org\hamcrest\hamcrest-core\1.3\hamcrest-core-1.3.jar;C:\Users\user\.m2\repository\org\seleniumhq\selenium\selenium-java\4.10.0\selenium-java-4.10.0.jar;C:\Users\user\.m2\repository\org\seleniumhq\selenium\selenium-api\4.10.0\selenium-api-4.10.0.jar;C:\Users\user\.m2\repository\org\seleniumhq\selenium\selenium-chrome-driver\4.10.0\selenium-chrome-driver-4.10.0.jar;C:\Users\user\.m2\repository\com\google\auto\service\auto-service-annotations\1.0.1\auto-service-annotations-1.0.1.jar;C:\Users\user\.m2\repository\com\google\auto\service\auto-service\1.0.1\auto-service-1.0.1.jar;C:\Users\user\.m2\repository\com\google\auto\auto-common\1.2\auto-common-1.2.jar;C:\Users\user\.m2\repository\com\google\guava\guava\31.1-jre\guava-31.1-jre.jar;C:\Users\user\.m2\repository\com\google\guava\failureaccess\1.0.1\failureaccess-1.0.1.jar;C:\Users\user\.m2\repository\com\google\guava\listenablefuture\9999.0-empty-to-avoid-conflict-with-guava\listenablefuture-9999.0-empty-to-avoid-conflict-with-guava.jar;C:\Users\user\.m2\repository\com\google\code\findbugs\jsr305\3.0.2\jsr305-3.0.2.jar;C:\Users\user\.m2\repository\org\checkerframework\checker-qual\3.12.0\checker-qual-3.12.0.jar;C:\Users\user\.m2\repository\com\google\errorprone\error_prone_annotations\2.11.0\error_prone_annotations-2.11.0.jar;C:\Users\user\.m2\repository\com\google\j2objc\j2objc-annotations\1.3\j2objc-annotations-1.3.jar;C:\Users\user\.m2\repository\org\seleniumhq\selenium\selenium-chromium-driver\4.10.0\selenium-chromium-driver-4.10.0.jar;C:\Users\user\.m2\repository\org\seleniumhq\selenium\selenium-json\4.10.0\selenium-json-4.10.0.jar;C:\Users\user\.m2\repository\org\seleniumhq\selenium\selenium-manager\4.10.0\selenium-manager-4.10.0.jar;C:\Users\u
Launcher Type: SUN_STANDARD

Environment Variables:
JAVA_HOME=C:\Program Files\Java\jdk-1.8
PATH=C:\Program Files\Java\jdk-1.8\jre\bin;C:/Users/user/Downloads/eclipse-java-2023-12-R-win32-x86_64/eclipse//plugins/org.eclipse.justj.openjdk.hotspot.jre.full.win32.x86_64_17.0.9.v20231028-0858/jre/bin/server;C:/Users/user/Downloads/eclipse-java-2023-12-R-win32-x86_64/eclipse//plugins/org.eclipse.justj.openjdk.hotspot.jre.full.win32.x86_64_17.0.9.v20231028-0858/jre/bin;C:\Program Files (x86)\Common Files\Oracle\Java\javapath;C:\Program Files\Java\jdk1.8.0_202\bin;C:\Program Files\Java\jdk-1.8\bin;C:\Program Files\Git\cmd;C:\Users\user\Downloads\apache-maven-3.9.6-bin\apache-maven-3.9.6\bin;C:\Program Files\Java\jdk-1.8\bin;C:\Program Files\Java\jre-1.8\bin;C:\Program Files\nodejs\;C:\Users\user\AppData\Local\Microsoft\WindowsApps;C:\Users\user\AppData\Local\Programs\Microsoft VS Code\bin;C:\Users\user\Downloads\apache-maven-3.9.6-bin\apache-maven-3.9.6\bin;C:\Users\user\AppData\Roaming\npm;C:\Users\user\Downloads\eclipse-java-2023-12-R-win32-x86_64\eclipse;
USERNAME=user
OS=Windows_NT
PROCESSOR_IDENTIFIER=Intel64 Family 6 Model 60 Stepping 3, GenuineIntel



---------------  S Y S T E M  ---------------

OS: Windows 10 , 64 bit Build 19041 (10.0.19041.3636)

CPU:total 4 (initial active 4) (4 cores per cpu, 1 threads per core) family 6 model 60 stepping 3, cmov, cx8, fxsr, mmx, sse, sse2, sse3, ssse3, sse4.1, sse4.2, popcnt, avx, avx2, aes, clmul, erms, lzcnt, tsc, tscinvbit, bmi1, bmi2

Memory: 4k page, physical 4100224k(574564k free), swap 13607640k(2932816k free)

vm_info: Java HotSpot(TM) 64-Bit Server VM (25.391-b13) for windows-amd64 JRE (1.8.0_391-b13), built on Oct  4 2023 07:54:08 by "java_re" with MS VC++ 17.1 (VS2022)

time: Mon Jun  3 17:28:04 2024
timezone: India Standard Time
elapsed time: 9202.308058 seconds (0d 2h 33m 22s)

