#
# A fatal error has been detected by the Java Runtime Environment:
#
#  Internal Error (javaCalls.cpp:51), pid=13472, tid=0x00000000000044bc
#  guarantee(thread->is_Java_thread()) failed: crucial check - the VM thread cannot and must not escape to Java code
#
# JRE version: Java(TM) SE Runtime Environment (8.0_391) (build 1.8.0_391-b13)
# Java VM: Java HotSpot(TM) 64-Bit Server VM (25.391-b13 mixed mode windows-amd64 compressed oops)
# Failed to write core dump. Minidumps are not enabled by default on client versions of Windows
#
# If you would like to submit a bug report, please visit:
#   http://bugreport.java.com/bugreport/crash.jsp
#

---------------  T H R E A D  ---------------

Current thread (0x0000015dfa182000):  VMThread [stack: 0x0000000947600000,0x0000000947700000] [id=17596]

Stack: [0x0000000947600000,0x0000000947700000]
[error occurred during error reporting (printing stack bounds), id 0xc0000005]

Native frames: (J=compiled Java code, j=interpreted, Vv=VM code, C=native code)
V  [jvm.dll+0x353049]
V  [jvm.dll+0x290062]
V  [jvm.dll+0x290c2d]
V  [jvm.dll+0x2aeda6]
V  [jvm.dll+0x2afa80]
V  [jvm.dll+0x352ca8]
C  [ntdll.dll+0xa247f]
C  [ntdll.dll+0x514b4]
C  [ntdll.dll+0xa0f8e]
C  0x0000015d80000b4a

VM_Operation (0x0000000947bff3c0): GetOrSetLocal, mode: safepoint, requested by thread 0x0000015dfa204000


---------------  P R O C E S S  ---------------

Java Threads: ( => current thread )
  0x0000015dfb9aa800 JavaThread "AsyncHttpClient-1-4" daemon [_thread_in_native, id=16120, stack(0x0000000948f00000,0x0000000949000000)]
  0x0000015dfb9ab000 JavaThread "AsyncHttpClient-1-3" daemon [_thread_in_native, id=19216, stack(0x0000000948d00000,0x0000000948e00000)]
  0x0000015dfb9af000 JavaThread "AsyncHttpClient-1-2" daemon [_thread_in_native, id=1228, stack(0x0000000948e00000,0x0000000948f00000)]
  0x0000015dfe644800 JavaThread "Driver Service Executor" daemon [_thread_blocked, id=20168, stack(0x0000000948a00000,0x0000000948b00000)]
  0x0000015dfcc17800 JavaThread "Driver Service Executor" daemon [_thread_blocked, id=17748, stack(0x0000000948900000,0x0000000948a00000)]
  0x0000015dfcc17000 JavaThread "Exec Stream Pumper" daemon [_thread_in_native, id=15436, stack(0x0000000948800000,0x0000000948900000)]
  0x0000015dfe64a800 JavaThread "Exec Stream Pumper" daemon [_thread_in_native, id=19024, stack(0x0000000948700000,0x0000000948800000)]
  0x0000015dfe1c8800 JavaThread "Exec Default Executor" daemon [_thread_in_native, id=12204, stack(0x0000000948600000,0x0000000948700000)]
  0x0000015dfc5aa000 JavaThread "AsyncHttpClient-1-1" daemon [_thread_blocked, id=15032, stack(0x0000000948500000,0x0000000948600000)]
  0x0000015dfbf3b800 JavaThread "ReaderThread" [_thread_in_native, id=18340, stack(0x0000000948300000,0x0000000948400000)]
  0x0000015dfbbed000 JavaThread "Service Thread" daemon [_thread_blocked, id=13024, stack(0x0000000948100000,0x0000000948200000)]
  0x0000015dfbb77000 JavaThread "C1 CompilerThread2" daemon [_thread_blocked, id=18000, stack(0x0000000948000000,0x0000000948100000)]
  0x0000015dfba86800 JavaThread "C2 CompilerThread1" daemon [_thread_blocked, id=13688, stack(0x0000000947f00000,0x0000000948000000)]
  0x0000015dfbadf800 JavaThread "C2 CompilerThread0" daemon [_thread_blocked, id=9520, stack(0x0000000947e00000,0x0000000947f00000)]
  0x0000015dfa210000 JavaThread "JDWP Command Reader" daemon [_thread_in_native, id=8676, stack(0x0000000947d00000,0x0000000947e00000)]
  0x0000015dfa209000 JavaThread "JDWP Event Helper Thread" daemon [_thread_blocked, id=2992, stack(0x0000000947c00000,0x0000000947d00000)]
  0x0000015dfa204000 JavaThread "JDWP Transport Listener: dt_socket" daemon [_thread_blocked, id=7380, stack(0x0000000947b00000,0x0000000947c00000)]
  0x0000015dfa1db000 JavaThread "Attach Listener" daemon [_thread_blocked, id=13632, stack(0x0000000947a00000,0x0000000947b00000)]
  0x0000015dfa1d9800 JavaThread "Signal Dispatcher" daemon [_thread_blocked, id=7356, stack(0x0000000947900000,0x0000000947a00000)]
  0x0000015dfa1b5000 JavaThread "Finalizer" daemon [_thread_blocked, id=20428, stack(0x0000000947800000,0x0000000947900000)]
  0x0000015dfa1ad000 JavaThread "Reference Handler" daemon [_thread_blocked, id=9000, stack(0x0000000947700000,0x0000000947800000)]
  0x0000015df56a5800 JavaThread "main" [_thread_blocked, id=11976, stack(0x0000000947100000,0x0000000947200000)]

Other Threads:
=>0x0000015dfa182000 VMThread [stack: 0x0000000947600000,0x0000000947700000] [id=17596]
  0x0000015dfbc6a000 WatcherThread [stack: 0x0000000948200000,0x0000000948300000] [id=18112]

VM state:at safepoint (normal execution)

VM Mutex/Monitor currently owned by a thread:  ([mutex/lock_event])
[0x0000015df56a2710] Threads_lock - owner thread: 0x0000015dfa182000

heap address: 0x00000000c1600000, size: 1002 MB, Compressed Oops mode: 32-bit
Narrow klass base: 0x0000000000000000, Narrow klass shift: 3
Compressed class space size: 1073741824 Address: 0x0000000100000000

Heap:
 PSYoungGen      total 72192K, used 58829K [0x00000000eb200000, 0x00000000f3f00000, 0x0000000100000000)
  eden space 65024K, 90% used [0x00000000eb200000,0x00000000eeb73460,0x00000000ef180000)
  from space 7168K, 0% used [0x00000000ef180000,0x00000000ef180000,0x00000000ef880000)
  to   space 7168K, 0% used [0x00000000f3800000,0x00000000f3800000,0x00000000f3f00000)
 ParOldGen       total 34304K, used 8142K [0x00000000c1600000, 0x00000000c3780000, 0x00000000eb200000)
  object space 34304K, 23% used [0x00000000c1600000,0x00000000c1df38d0,0x00000000c3780000)
 Metaspace       used 24338K, capacity 25356K, committed 25600K, reserved 1071104K
  class space    used 3023K, capacity 3246K, committed 3328K, reserved 1048576K

Card table byte_map: [0x0000015df7330000,0x0000015df7530000] byte_map_base: 0x0000015df6d25000

Marking Bits: (ParMarkBitMap*) 0x00007ffab7b16040
 Begin Bits: [0x0000015df7680000, 0x0000015df8628000)
 End Bits:   [0x0000015df8628000, 0x0000015df95d0000)

Polling page: 0x0000015df5750000

CodeCache: size=245760Kb used=7107Kb max_used=8178Kb free=238652Kb
 bounds [0x0000015d80000000, 0x0000015d80810000, 0x0000015d8f000000]
 total_blobs=2497 nmethods=2022 adapters=395
 compilation: enabled

Compilation events (10 events):
Event: 7707.622 Thread 0x0000015dfbb77000 2264       3       org.asynchttpclient.cookie.CookieEvictionTask::run (30 bytes)
Event: 7707.636 Thread 0x0000015dfbb77000 nmethod 2264 0x0000015d801cac50 code [0x0000015d801cade0, 0x0000015d801cb100]
Event: 7707.636 Thread 0x0000015dfbb77000 2265       3       org.asynchttpclient.cookie.ThreadSafeCookieStore::evictExpired (5 bytes)
Event: 7707.637 Thread 0x0000015dfbb77000 nmethod 2265 0x0000015d802439d0 code [0x0000015d80243b40, 0x0000015d80243cd0]
Event: 10139.426 Thread 0x0000015dfba86800 2266 %     4       io.netty.util.HashedWheelTimer$Worker::run @ 42 (204 bytes)
Event: 10139.705 Thread 0x0000015dfba86800 nmethod 2266% 0x0000015d803c2e10 code [0x0000015d803c3020, 0x0000015d803c4328]
Event: 11560.422 Thread 0x0000015dfbb77000 2267       3       org.asynchttpclient.cookie.ThreadSafeCookieStore::removeExpired (56 bytes)
Event: 11560.528 Thread 0x0000015dfbb77000 nmethod 2267 0x0000015d801ac590 code [0x0000015d801ac780, 0x0000015d801ad170]
Event: 11560.553 Thread 0x0000015dfbb77000 2268       3       org.asynchttpclient.cookie.ThreadSafeCookieStore$$Lambda$279/1031503146::get$Lambda (10 bytes)
Event: 11560.554 Thread 0x0000015dfbb77000 nmethod 2268 0x0000015d801a8f50 code [0x0000015d801a90c0, 0x0000015d801a9338]

GC Heap History (10 events):
Event: 1.364 GC heap before
{Heap before GC invocations=4 (full 0):
 PSYoungGen      total 18944K, used 18944K [0x00000000eb200000, 0x00000000ed700000, 0x0000000100000000)
  eden space 16384K, 100% used [0x00000000eb200000,0x00000000ec200000,0x00000000ec200000)
  from space 2560K, 100% used [0x00000000ec200000,0x00000000ec480000,0x00000000ec480000)
  to   space 2560K, 0% used [0x00000000ed480000,0x00000000ed480000,0x00000000ed700000)
 ParOldGen       total 44032K, used 2705K [0x00000000c1600000, 0x00000000c4100000, 0x00000000eb200000)
  object space 44032K, 6% used [0x00000000c1600000,0x00000000c18a4610,0x00000000c4100000)
 Metaspace       used 11866K, capacity 12092K, committed 12160K, reserved 1060864K
  class space    used 1299K, capacity 1398K, committed 1408K, reserved 1048576K
Event: 1.367 GC heap after
Heap after GC invocations=4 (full 0):
 PSYoungGen      total 35328K, used 2531K [0x00000000eb200000, 0x00000000ed700000, 0x0000000100000000)
  eden space 32768K, 0% used [0x00000000eb200000,0x00000000eb200000,0x00000000ed200000)
  from space 2560K, 98% used [0x00000000ed480000,0x00000000ed6f8f78,0x00000000ed700000)
  to   space 2560K, 0% used [0x00000000ed200000,0x00000000ed200000,0x00000000ed480000)
 ParOldGen       total 44032K, used 3689K [0x00000000c1600000, 0x00000000c4100000, 0x00000000eb200000)
  object space 44032K, 8% used [0x00000000c1600000,0x00000000c199a5f8,0x00000000c4100000)
 Metaspace       used 11866K, capacity 12092K, committed 12160K, reserved 1060864K
  class space    used 1299K, capacity 1398K, committed 1408K, reserved 1048576K
}
Event: 1.734 GC heap before
{Heap before GC invocations=5 (full 0):
 PSYoungGen      total 35328K, used 35299K [0x00000000eb200000, 0x00000000ed700000, 0x0000000100000000)
  eden space 32768K, 100% used [0x00000000eb200000,0x00000000ed200000,0x00000000ed200000)
  from space 2560K, 98% used [0x00000000ed480000,0x00000000ed6f8f78,0x00000000ed700000)
  to   space 2560K, 0% used [0x00000000ed200000,0x00000000ed200000,0x00000000ed480000)
 ParOldGen       total 44032K, used 3689K [0x00000000c1600000, 0x00000000c4100000, 0x00000000eb200000)
  object space 44032K, 8% used [0x00000000c1600000,0x00000000c199a5f8,0x00000000c4100000)
 Metaspace       used 14673K, capacity 15070K, committed 15232K, reserved 1062912K
  class space    used 1672K, capacity 1813K, committed 1920K, reserved 1048576K
Event: 1.742 GC heap after
Heap after GC invocations=5 (full 0):
 PSYoungGen      total 35328K, used 2531K [0x00000000eb200000, 0x00000000eff00000, 0x0000000100000000)
  eden space 32768K, 0% used [0x00000000eb200000,0x00000000eb200000,0x00000000ed200000)
  from space 2560K, 98% used [0x00000000ed200000,0x00000000ed478fa8,0x00000000ed480000)
  to   space 6656K, 0% used [0x00000000ef880000,0x00000000ef880000,0x00000000eff00000)
 ParOldGen       total 44032K, used 7326K [0x00000000c1600000, 0x00000000c4100000, 0x00000000eb200000)
  object space 44032K, 16% used [0x00000000c1600000,0x00000000c1d27a30,0x00000000c4100000)
 Metaspace       used 14673K, capacity 15070K, committed 15232K, reserved 1062912K
  class space    used 1672K, capacity 1813K, committed 1920K, reserved 1048576K
}
Event: 2.026 GC heap before
{Heap before GC invocations=6 (full 0):
 PSYoungGen      total 35328K, used 35299K [0x00000000eb200000, 0x00000000eff00000, 0x0000000100000000)
  eden space 32768K, 100% used [0x00000000eb200000,0x00000000ed200000,0x00000000ed200000)
  from space 2560K, 98% used [0x00000000ed200000,0x00000000ed478fa8,0x00000000ed480000)
  to   space 6656K, 0% used [0x00000000ef880000,0x00000000ef880000,0x00000000eff00000)
 ParOldGen       total 44032K, used 7326K [0x00000000c1600000, 0x00000000c4100000, 0x00000000eb200000)
  object space 44032K, 16% used [0x00000000c1600000,0x00000000c1d27a30,0x00000000c4100000)
 Metaspace       used 18119K, capacity 18436K, committed 18688K, reserved 1064960K
  class space    used 2111K, capacity 2230K, committed 2304K, reserved 1048576K
Event: 2.032 GC heap after
Heap after GC invocations=6 (full 0):
 PSYoungGen      total 71680K, used 5471K [0x00000000eb200000, 0x00000000f0000000, 0x0000000100000000)
  eden space 65024K, 0% used [0x00000000eb200000,0x00000000eb200000,0x00000000ef180000)
  from space 6656K, 82% used [0x00000000ef880000,0x00000000efdd7e38,0x00000000eff00000)
  to   space 7168K, 0% used [0x00000000ef180000,0x00000000ef180000,0x00000000ef880000)
 ParOldGen       total 44032K, used 7334K [0x00000000c1600000, 0x00000000c4100000, 0x00000000eb200000)
  object space 44032K, 16% used [0x00000000c1600000,0x00000000c1d29a30,0x00000000c4100000)
 Metaspace       used 18119K, capacity 18436K, committed 18688K, reserved 1064960K
  class space    used 2111K, capacity 2230K, committed 2304K, reserved 1048576K
}
Event: 5.829 GC heap before
{Heap before GC invocations=7 (full 0):
 PSYoungGen      total 71680K, used 32672K [0x00000000eb200000, 0x00000000f0000000, 0x0000000100000000)
  eden space 65024K, 41% used [0x00000000eb200000,0x00000000ecc90580,0x00000000ef180000)
  from space 6656K, 82% used [0x00000000ef880000,0x00000000efdd7e38,0x00000000eff00000)
  to   space 7168K, 0% used [0x00000000ef180000,0x00000000ef180000,0x00000000ef880000)
 ParOldGen       total 44032K, used 7334K [0x00000000c1600000, 0x00000000c4100000, 0x00000000eb200000)
  object space 44032K, 16% used [0x00000000c1600000,0x00000000c1d29a30,0x00000000c4100000)
 Metaspace       used 20512K, capacity 21288K, committed 21296K, reserved 1069056K
  class space    used 2479K, capacity 2686K, committed 2688K, reserved 1048576K
Event: 5.838 GC heap after
Heap after GC invocations=7 (full 0):
 PSYoungGen      total 72192K, used 4485K [0x00000000eb200000, 0x00000000f3f00000, 0x0000000100000000)
  eden space 65024K, 0% used [0x00000000eb200000,0x00000000eb200000,0x00000000ef180000)
  from space 7168K, 62% used [0x00000000ef180000,0x00000000ef5e1460,0x00000000ef880000)
  to   space 7168K, 0% used [0x00000000f3800000,0x00000000f3800000,0x00000000f3f00000)
 ParOldGen       total 44032K, used 8138K [0x00000000c1600000, 0x00000000c4100000, 0x00000000eb200000)
  object space 44032K, 18% used [0x00000000c1600000,0x00000000c1df2a28,0x00000000c4100000)
 Metaspace       used 20512K, capacity 21288K, committed 21296K, reserved 1069056K
  class space    used 2479K, capacity 2686K, committed 2688K, reserved 1048576K
}
Event: 5.838 GC heap before
{Heap before GC invocations=8 (full 1):
 PSYoungGen      total 72192K, used 4485K [0x00000000eb200000, 0x00000000f3f00000, 0x0000000100000000)
  eden space 65024K, 0% used [0x00000000eb200000,0x00000000eb200000,0x00000000ef180000)
  from space 7168K, 62% used [0x00000000ef180000,0x00000000ef5e1460,0x00000000ef880000)
  to   space 7168K, 0% used [0x00000000f3800000,0x00000000f3800000,0x00000000f3f00000)
 ParOldGen       total 44032K, used 8138K [0x00000000c1600000, 0x00000000c4100000, 0x00000000eb200000)
  object space 44032K, 18% used [0x00000000c1600000,0x00000000c1df2a28,0x00000000c4100000)
 Metaspace       used 20512K, capacity 21288K, committed 21296K, reserved 1069056K
  class space    used 2479K, capacity 2686K, committed 2688K, reserved 1048576K
Event: 5.879 GC heap after
Heap after GC invocations=8 (full 1):
 PSYoungGen      total 72192K, used 0K [0x00000000eb200000, 0x00000000f3f00000, 0x0000000100000000)
  eden space 65024K, 0% used [0x00000000eb200000,0x00000000eb200000,0x00000000ef180000)
  from space 7168K, 0% used [0x00000000ef180000,0x00000000ef180000,0x00000000ef880000)
  to   space 7168K, 0% used [0x00000000f3800000,0x00000000f3800000,0x00000000f3f00000)
 ParOldGen       total 34304K, used 8142K [0x00000000c1600000, 0x00000000c3780000, 0x00000000eb200000)
  object space 34304K, 23% used [0x00000000c1600000,0x00000000c1df38d0,0x00000000c3780000)
 Metaspace       used 20512K, capacity 21288K, committed 21296K, reserved 1069056K
  class space    used 2479K, capacity 2686K, committed 2688K, reserved 1048576K
}

Deoptimization events (10 events):
Event: 1.790 Thread 0x0000015df56a5800 Uncommon trap: reason=class_check action=maybe_recompile pc=0x0000015d8043a9dc method=java.util.regex.Pattern$Curly.match(Ljava/util/regex/Matcher;ILjava/lang/CharSequence;)Z @ 19
Event: 1.790 Thread 0x0000015df56a5800 Uncommon trap: reason=class_check action=maybe_recompile pc=0x0000015d8043a9dc method=java.util.regex.Pattern$Curly.match(Ljava/util/regex/Matcher;ILjava/lang/CharSequence;)Z @ 19
Event: 1.790 Thread 0x0000015df56a5800 Uncommon trap: reason=class_check action=maybe_recompile pc=0x0000015d8043a9dc method=java.util.regex.Pattern$Curly.match(Ljava/util/regex/Matcher;ILjava/lang/CharSequence;)Z @ 19
Event: 1.792 Thread 0x0000015df56a5800 Uncommon trap: reason=unstable_if action=reinterpret pc=0x0000015d8058c8a4 method=java.io.WinNTFileSystem.isLetter(C)Z @ 3
Event: 1.845 Thread 0x0000015df56a5800 Uncommon trap: reason=unstable_if action=reinterpret pc=0x0000015d8054e858 method=java.lang.ThreadLocal$ThreadLocalMap.getEntry(Ljava/lang/ThreadLocal;)Ljava/lang/ThreadLocal$ThreadLocalMap$Entry; @ 29
Event: 1.846 Thread 0x0000015df56a5800 Uncommon trap: reason=unstable_if action=reinterpret pc=0x0000015d8054ee30 method=java.lang.ThreadLocal$ThreadLocalMap.getEntry(Ljava/lang/ThreadLocal;)Ljava/lang/ThreadLocal$ThreadLocalMap$Entry; @ 29
Event: 1.897 Thread 0x0000015df56a5800 Uncommon trap: reason=unstable_if action=reinterpret pc=0x0000015d805ca43c method=org.eclipse.jdt.launching.internal.org.objectweb.asm.ClassReader.readMethod(Lorg/eclipse/jdt/launching/internal/org/objectweb/asm/ClassVisitor;Lorg/eclipse/jdt/launching/int
Event: 2.114 Thread 0x0000015df56a5800 Uncommon trap: reason=unstable_if action=reinterpret pc=0x0000015d801c23a8 method=java.lang.String.replace(CC)Ljava/lang/String; @ 2
Event: 6.112 Thread 0x0000015dfb9af000 Uncommon trap: reason=unstable_if action=reinterpret pc=0x0000015d8010d5c0 method=java.lang.CharacterData.of(I)Ljava/lang/CharacterData; @ 4
Event: 16.122 Thread 0x0000015df56a5800 Uncommon trap: reason=class_check action=maybe_recompile pc=0x0000015d8044db6c method=java.util.HashMap.putVal(ILjava/lang/Object;Ljava/lang/Object;ZZ)Ljava/lang/Object; @ 253

Classes redefined (7 events):
Event: 614.929 Thread 0x0000015dfa182000 redefined class name=in.redbus.BusBooking, count=1
Event: 5665.699 Thread 0x0000015dfa182000 redefined class name=in.redbus.BusBooking, count=2
Event: 6608.160 Thread 0x0000015dfa182000 redefined class name=in.redbus.BusBooking, count=3
Event: 6701.616 Thread 0x0000015dfa182000 redefined class name=in.redbus.BusBooking, count=4
Event: 6817.381 Thread 0x0000015dfa182000 redefined class name=in.redbus.BusBooking, count=5
Event: 7146.625 Thread 0x0000015dfa182000 redefined class name=in.redbus.BusBooking, count=6
Event: 7569.064 Thread 0x0000015dfa182000 redefined class name=in.redbus.BusBooking, count=7

Internal exceptions (10 events):
Event: 1.731 Thread 0x0000015df56a5800 Exception <a 'java/lang/NoClassDefFoundError'> (0x00000000ed1dc9a0) thrown at [C:\jenkins\workspace\8-2-build-windows-x64-cygwin-sans-NAS\jdk8u391\514\hotspot\src\share\vm\prims\jvm.cpp, line 1517]
Event: 1.744 Thread 0x0000015df56a5800 Exception <a 'java/lang/NoClassDefFoundError': org/apache/log4j/Priority> (0x00000000eb208ba0) thrown at [C:\jenkins\workspace\8-2-build-windows-x64-cygwin-sans-NAS\jdk8u391\514\hotspot\src\share\vm\classfile\systemDictionary.cpp, line 202]
Event: 2.054 Thread 0x0000015df56a5800 Exception <a 'java/lang/NoSuchMethodError': java.lang.Object.lambda$andFinally$1(Lorg/openqa/selenium/remote/http/HttpHandler;Lorg/openqa/selenium/remote/http/HttpRequest;)Lorg/openqa/selenium/remote/http/HttpResponse;> (0x00000000eb497d30) thrown at [C:\
Event: 2.094 Thread 0x0000015df56a5800 Exception <a 'java/lang/IncompatibleClassChangeError': Found class java.lang.Object, but interface was expected> (0x00000000eb7f9ca0) thrown at [C:\jenkins\workspace\8-2-build-windows-x64-cygwin-sans-NAS\jdk8u391\514\hotspot\src\share\vm\interpreter\linkR
Event: 2.096 Thread 0x0000015df56a5800 Exception <a 'java/lang/NoSuchMethodError': java.lang.Object.lambda$or$2(Ljava/util/function/Predicate;Ljava/lang/Object;)Z> (0x00000000eb8052d0) thrown at [C:\jenkins\workspace\8-2-build-windows-x64-cygwin-sans-NAS\jdk8u391\514\hotspot\src\share\vm\inter
Event: 2.227 Thread 0x0000015df56a5800 Exception <a 'java/lang/NoSuchMethodError': java.lang.Object.lambda$andThen$1(Ljava/util/function/Function;Ljava/lang/Object;)Ljava/lang/Object;> (0x00000000ebefecf8) thrown at [C:\jenkins\workspace\8-2-build-windows-x64-cygwin-sans-NAS\jdk8u391\514\hotsp
Event: 2.411 Thread 0x0000015df56a5800 Exception <a 'java/lang/NoSuchMethodError': java.lang.Object.lambda$chars$0()Ljava/util/Spliterator$OfInt;> (0x00000000ec271370) thrown at [C:\jenkins\workspace\8-2-build-windows-x64-cygwin-sans-NAS\jdk8u391\514\hotspot\src\share\vm\interpreter\linkResolv
Event: 5.796 Thread 0x0000015df56a5800 Exception <a 'java/lang/NoSuchMethodError': java.lang.Object.lambda$negate$1(Ljava/lang/Object;)Z> (0x00000000ec916ab0) thrown at [C:\jenkins\workspace\8-2-build-windows-x64-cygwin-sans-NAS\jdk8u391\514\hotspot\src\share\vm\interpreter\linkResolver.cpp, l
Event: 16.108 Thread 0x0000015df56a5800 Exception <a 'java/lang/NoSuchMethodError': java.lang.Object.lambda$getResponseFunction$0(Lorg/openqa/selenium/remote/InitialHandshakeResponse;)Lorg/openqa/selenium/remote/ProtocolHandshake$Result;> (0x00000000ed8066a0) thrown at [C:\jenkins\workspace\8-2
Event: 18.203 Thread 0x0000015df56a5800 Exception <a 'java/lang/NoSuchMethodError': java.lang.Object.FIND_ELEMENT(Ljava/lang/String;Ljava/lang/Object;)Lorg/openqa/selenium/remote/CommandPayload;> (0x00000000ee5a0470) thrown at [C:\jenkins\workspace\8-2-build-windows-x64-cygwin-sans-NAS\jdk8u391

Events (10 events):
Event: 12623.229 Executing VM operation: GetOrSetLocal done
Event: 12623.231 Executing VM operation: GetOrSetLocal
Event: 12623.231 Executing VM operation: GetOrSetLocal done
Event: 12623.235 Executing VM operation: GetOrSetLocal
Event: 12623.236 Executing VM operation: GetOrSetLocal done
Event: 12623.237 Executing VM operation: GetOrSetLocal
Event: 12623.237 Executing VM operation: GetOrSetLocal done
Event: 12623.237 Executing VM operation: GetOrSetLocal
Event: 12623.237 Executing VM operation: GetOrSetLocal done
Event: 12623.239 Executing VM operation: GetOrSetLocal


Dynamic libraries:
0x00007ff651aa0000 - 0x00007ff651aea000 	C:\Program Files\Java\jdk-1.8\bin\javaw.exe
0x00007ffaeb550000 - 0x00007ffaeb748000 	C:\WINDOWS\SYSTEM32\ntdll.dll
0x00007ffaea990000 - 0x00007ffaeaa4d000 	C:\WINDOWS\System32\KERNEL32.DLL
0x00007ffae8ca0000 - 0x00007ffae8f96000 	C:\WINDOWS\System32\KERNELBASE.dll
0x00007ffaea720000 - 0x00007ffaea7d0000 	C:\WINDOWS\System32\ADVAPI32.dll
0x00007ffaea8f0000 - 0x00007ffaea98e000 	C:\WINDOWS\System32\msvcrt.dll
0x00007ffae9c60000 - 0x00007ffae9d00000 	C:\WINDOWS\System32\sechost.dll
0x00007ffaeaa50000 - 0x00007ffaeab73000 	C:\WINDOWS\System32\RPCRT4.dll
0x00007ffae8c00000 - 0x00007ffae8c27000 	C:\WINDOWS\System32\bcrypt.dll
0x00007ffae96f0000 - 0x00007ffae988f000 	C:\WINDOWS\System32\USER32.dll
0x00007ffae9550000 - 0x00007ffae9572000 	C:\WINDOWS\System32\win32u.dll
0x00007ffaea7e0000 - 0x00007ffaea80b000 	C:\WINDOWS\System32\GDI32.dll
0x00007ffae9380000 - 0x00007ffae9497000 	C:\WINDOWS\System32\gdi32full.dll
0x00007ffae8fa0000 - 0x00007ffae903d000 	C:\WINDOWS\System32\msvcp_win.dll
0x00007ffae9090000 - 0x00007ffae9190000 	C:\WINDOWS\System32\ucrtbase.dll
0x00007ffac8f20000 - 0x00007ffac91ba000 	C:\WINDOWS\WinSxS\amd64_microsoft.windows.common-controls_6595b64144ccf1df_6.0.19041.4355_none_60b8b9eb71f62e16\COMCTL32.dll
0x00007ffae9c20000 - 0x00007ffae9c52000 	C:\WINDOWS\System32\IMM32.DLL
0x00007ffae4190000 - 0x00007ffae41ab000 	C:\Program Files\Java\jdk-1.8\jre\bin\vcruntime140.dll
0x00007ffae3910000 - 0x00007ffae391c000 	C:\Program Files\Java\jdk-1.8\jre\bin\vcruntime140_1.dll
0x00007ffad2ea0000 - 0x00007ffad2f2e000 	C:\Program Files\Java\jdk-1.8\jre\bin\msvcp140.dll
0x00007ffab72e0000 - 0x00007ffab7b90000 	C:\Program Files\Java\jdk-1.8\jre\bin\server\jvm.dll
0x00007ffaea2c0000 - 0x00007ffaea2c8000 	C:\WINDOWS\System32\PSAPI.DLL
0x00007ffac9ec0000 - 0x00007ffac9ee7000 	C:\WINDOWS\SYSTEM32\WINMM.dll
0x00007ffae3900000 - 0x00007ffae3909000 	C:\WINDOWS\SYSTEM32\WSOCK32.dll
0x00007ffaea2d0000 - 0x00007ffaea33b000 	C:\WINDOWS\System32\WS2_32.dll
0x00007ffae04f0000 - 0x00007ffae04fa000 	C:\WINDOWS\SYSTEM32\VERSION.dll
0x00007ffae6aa0000 - 0x00007ffae6ab2000 	C:\WINDOWS\SYSTEM32\kernel.appcore.dll
0x00007ffae28b0000 - 0x00007ffae28c0000 	C:\Program Files\Java\jdk-1.8\jre\bin\verify.dll
0x00007ffade640000 - 0x00007ffade66b000 	C:\Program Files\Java\jdk-1.8\jre\bin\java.dll
0x00007ffadb0b0000 - 0x00007ffadb0e6000 	C:\Program Files\Java\jdk-1.8\jre\bin\jdwp.dll
0x00007ffae1bd0000 - 0x00007ffae1bd9000 	C:\Program Files\Java\jdk-1.8\jre\bin\npt.dll
0x00007ffad5470000 - 0x00007ffad54a4000 	C:\Program Files\Java\jdk-1.8\jre\bin\instrument.dll
0x00007ffade620000 - 0x00007ffade638000 	C:\Program Files\Java\jdk-1.8\jre\bin\zip.dll
0x00007ffaeada0000 - 0x00007ffaeb50b000 	C:\WINDOWS\System32\SHELL32.dll
0x00007ffae6ca0000 - 0x00007ffae743d000 	C:\WINDOWS\SYSTEM32\windows.storage.dll
0x00007ffaea340000 - 0x00007ffaea693000 	C:\WINDOWS\System32\combase.dll
0x00007ffae8550000 - 0x00007ffae857e000 	C:\WINDOWS\SYSTEM32\Wldp.dll
0x00007ffaeaba0000 - 0x00007ffaeac6d000 	C:\WINDOWS\System32\OLEAUT32.dll
0x00007ffae9d10000 - 0x00007ffae9dbd000 	C:\WINDOWS\System32\SHCORE.dll
0x00007ffae9a40000 - 0x00007ffae9a95000 	C:\WINDOWS\System32\shlwapi.dll
0x00007ffae8b30000 - 0x00007ffae8b54000 	C:\WINDOWS\SYSTEM32\profapi.dll
0x00007ffae1bc0000 - 0x00007ffae1bca000 	C:\Program Files\Java\jdk-1.8\jre\bin\dt_socket.dll
0x00007ffaa7a50000 - 0x00007ffaa7a67000 	C:\WINDOWS\system32\napinsp.dll
0x00007ffaa7a30000 - 0x00007ffaa7a4b000 	C:\WINDOWS\system32\pnrpnsp.dll
0x00007ffadbb30000 - 0x00007ffadbb45000 	C:\WINDOWS\system32\wshbth.dll
0x00007ffae3ff0000 - 0x00007ffae400d000 	C:\WINDOWS\system32\NLAapi.dll
0x00007ffae7f90000 - 0x00007ffae7fcb000 	C:\WINDOWS\SYSTEM32\IPHLPAPI.DLL
0x00007ffae82b0000 - 0x00007ffae831a000 	C:\WINDOWS\System32\mswsock.dll
0x00007ffae7fd0000 - 0x00007ffae809b000 	C:\WINDOWS\SYSTEM32\DNSAPI.dll
0x00007ffae9d00000 - 0x00007ffae9d08000 	C:\WINDOWS\System32\NSI.dll
0x00007ffaa7a10000 - 0x00007ffaa7a22000 	C:\WINDOWS\System32\winrnr.dll
0x00007ffae1900000 - 0x00007ffae1980000 	C:\WINDOWS\System32\fwpuclnt.dll
0x00007ffae1810000 - 0x00007ffae181a000 	C:\Windows\System32\rasadhlp.dll
0x00007ffadb3e0000 - 0x00007ffadb3fc000 	C:\Program Files\Java\jdk-1.8\jre\bin\net.dll
0x00007ffadb370000 - 0x00007ffadb383000 	C:\Program Files\Java\jdk-1.8\jre\bin\nio.dll
0x00007ffad5440000 - 0x00007ffad5465000 	C:\Program Files\Java\jdk-1.8\jre\bin\sunec.dll
0x00007ffae3b70000 - 0x00007ffae3b87000 	C:\WINDOWS\SYSTEM32\dhcpcsvc6.DLL
0x00007ffae3a80000 - 0x00007ffae3a9d000 	C:\WINDOWS\SYSTEM32\dhcpcsvc.DLL
0x00007ffae84a0000 - 0x00007ffae84b8000 	C:\WINDOWS\SYSTEM32\CRYPTSP.dll
0x00007ffae7bd0000 - 0x00007ffae7c04000 	C:\WINDOWS\system32\rsaenh.dll
0x00007ffae8ae0000 - 0x00007ffae8b0e000 	C:\WINDOWS\SYSTEM32\USERENV.dll
0x00007ffae92f0000 - 0x00007ffae9372000 	C:\WINDOWS\System32\bcryptprimitives.dll
0x00007ffae84c0000 - 0x00007ffae84cc000 	C:\WINDOWS\SYSTEM32\CRYPTBASE.dll
0x00007ffadea60000 - 0x00007ffadea6d000 	C:\Program Files\Java\jdk-1.8\jre\bin\management.dll
0x00007ffae3d60000 - 0x00007ffae3f44000 	C:\WINDOWS\SYSTEM32\dbghelp.dll

VM Arguments:
jvm_args: -agentlib:jdwp=transport=dt_socket,suspend=y,address=localhost:54116 -ea -javaagent:C:\Users\user\Downloads\eclipse-java-2023-12-R-win32-x86_64\eclipse\configuration\org.eclipse.osgi\249\0\.cp\lib\javaagent-shaded.jar -Dfile.encoding=UTF-8 -Dstdout.encoding=UTF-8 -Dstderr.encoding=UTF-8 
java_command: org.eclipse.jdt.internal.junit.runner.RemoteTestRunner -version 3 -port 54115 -testLoaderClass org.eclipse.jdt.internal.junit4.runner.JUnit4TestLoader -loaderpluginname org.eclipse.jdt.junit4.runtime -classNames in.redbus.BusBooking
java_class_path (initial): C:\Users\user\Desktop\PRAVEEN\PROJECT CLASS 5 task\RedBus\target\test-classes;C:\Users\user\Desktop\PRAVEEN\PROJECT CLASS 5 task\RedBus\target\classes;C:\Users\user\.m2\repository\junit\junit\4.13.2\junit-4.13.2.jar;C:\Users\user\.m2\repository\org\hamcrest\hamcrest-core\1.3\hamcrest-core-1.3.jar;C:\Users\user\.m2\repository\org\seleniumhq\selenium\selenium-java\4.10.0\selenium-java-4.10.0.jar;C:\Users\user\.m2\repository\org\seleniumhq\selenium\selenium-api\4.10.0\selenium-api-4.10.0.jar;C:\Users\user\.m2\repository\org\seleniumhq\selenium\selenium-chrome-driver\4.10.0\selenium-chrome-driver-4.10.0.jar;C:\Users\user\.m2\repository\com\google\auto\service\auto-service-annotations\1.0.1\auto-service-annotations-1.0.1.jar;C:\Users\user\.m2\repository\com\google\auto\service\auto-service\1.0.1\auto-service-1.0.1.jar;C:\Users\user\.m2\repository\com\google\auto\auto-common\1.2\auto-common-1.2.jar;C:\Users\user\.m2\repository\com\google\guava\guava\31.1-jre\guava-31.1-jre.jar;C:\Users\user\.m2\repository\com\google\guava\failureaccess\1.0.1\failureaccess-1.0.1.jar;C:\Users\user\.m2\repository\com\google\guava\listenablefuture\9999.0-empty-to-avoid-conflict-with-guava\listenablefuture-9999.0-empty-to-avoid-conflict-with-guava.jar;C:\Users\user\.m2\repository\com\google\code\findbugs\jsr305\3.0.2\jsr305-3.0.2.jar;C:\Users\user\.m2\repository\org\checkerframework\checker-qual\3.12.0\checker-qual-3.12.0.jar;C:\Users\user\.m2\repository\com\google\errorprone\error_prone_annotations\2.11.0\error_prone_annotations-2.11.0.jar;C:\Users\user\.m2\repository\com\google\j2objc\j2objc-annotations\1.3\j2objc-annotations-1.3.jar;C:\Users\user\.m2\repository\org\seleniumhq\selenium\selenium-chromium-driver\4.10.0\selenium-chromium-driver-4.10.0.jar;C:\Users\user\.m2\repository\org\seleniumhq\selenium\selenium-json\4.10.0\selenium-json-4.10.0.jar;C:\Users\user\.m2\repository\org\seleniumhq\selenium\selenium-manager\4.10.0\selenium-manager-4.10.0.jar;C:\Users\u
Launcher Type: SUN_STANDARD

Environment Variables:
JAVA_HOME=C:\Program Files\Java\jdk-1.8
PATH=C:\Program Files\Java\jdk-1.8\jre\bin;C:/Users/user/Downloads/eclipse-java-2023-12-R-win32-x86_64/eclipse//plugins/org.eclipse.justj.openjdk.hotspot.jre.full.win32.x86_64_17.0.9.v20231028-0858/jre/bin/server;C:/Users/user/Downloads/eclipse-java-2023-12-R-win32-x86_64/eclipse//plugins/org.eclipse.justj.openjdk.hotspot.jre.full.win32.x86_64_17.0.9.v20231028-0858/jre/bin;C:\Program Files (x86)\Common Files\Oracle\Java\javapath;C:\Program Files\Java\jdk1.8.0_202\bin;C:\Program Files\Java\jdk-1.8\bin;C:\Program Files\Git\cmd;C:\Users\user\Downloads\apache-maven-3.9.6-bin\apache-maven-3.9.6\bin;C:\Program Files\Java\jdk-1.8\bin;C:\Program Files\Java\jre-1.8\bin;C:\Program Files\nodejs\;C:\Users\user\AppData\Local\Microsoft\WindowsApps;C:\Users\user\AppData\Local\Programs\Microsoft VS Code\bin;C:\Users\user\Downloads\apache-maven-3.9.6-bin\apache-maven-3.9.6\bin;C:\Users\user\AppData\Roaming\npm;C:\Users\user\Downloads\eclipse-java-2023-12-R-win32-x86_64\eclipse;
USERNAME=user
OS=Windows_NT
PROCESSOR_IDENTIFIER=Intel64 Family 6 Model 60 Stepping 3, GenuineIntel



---------------  S Y S T E M  ---------------

OS: Windows 10 , 64 bit Build 19041 (10.0.19041.3636)

CPU:total 4 (initial active 4) (4 cores per cpu, 1 threads per core) family 6 model 60 stepping 3, cmov, cx8, fxsr, mmx, sse, sse2, sse3, ssse3, sse4.1, sse4.2, popcnt, avx, avx2, aes, clmul, erms, lzcnt, tsc, tscinvbit, bmi1, bmi2

Memory: 4k page, physical 4100224k(706584k free), swap 13204144k(2255820k free)

vm_info: Java HotSpot(TM) 64-Bit Server VM (25.391-b13) for windows-amd64 JRE (1.8.0_391-b13), built on Oct  4 2023 07:54:08 by "java_re" with MS VC++ 17.1 (VS2022)

time: Mon Jun  3 18:54:20 2024
timezone: India Standard Time
elapsed time: 12623.344293 seconds (0d 3h 30m 23s)

