#
# A fatal error has been detected by the Java Runtime Environment:
#
#  Internal Error (javaCalls.cpp:51), pid=14540, tid=0x0000000000001a9c
#  guarantee(thread->is_Java_thread()) failed: crucial check - the VM thread cannot and must not escape to Java code
#
# JRE version: Java(TM) SE Runtime Environment (8.0_391) (build 1.8.0_391-b13)
# Java VM: Java HotSpot(TM) 64-Bit Server VM (25.391-b13 mixed mode windows-amd64 compressed oops)
# Failed to write core dump. Minidumps are not enabled by default on client versions of Windows
#
# If you would like to submit a bug report, please visit:
#   http://bugreport.java.com/bugreport/crash.jsp
#

---------------  T H R E A D  ---------------

Current thread (0x00000265b3c6d000):  VMThread [stack: 0x000000f2d1b00000,0x000000f2d1c00000] [id=6812]

Stack: [0x000000f2d1b00000,0x000000f2d1c00000]
[error occurred during error reporting (printing stack bounds), id 0xc0000005]

Native frames: (J=compiled Java code, j=interpreted, Vv=VM code, C=native code)
V  [jvm.dll+0x353049]
V  [jvm.dll+0x290062]
V  [jvm.dll+0x290c2d]
V  [jvm.dll+0x2aeda6]
V  [jvm.dll+0x2afa80]
V  [jvm.dll+0x352ca8]
C  [ntdll.dll+0xa247f]
C  [ntdll.dll+0x514b4]
C  [ntdll.dll+0xa0f8e]
C  0x00000265a1a40b4a

VM_Operation (0x000000f2d20ff0d0): GetOrSetLocal, mode: safepoint, requested by thread 0x00000265b3ceb800


---------------  P R O C E S S  ---------------

Java Threads: ( => current thread )
  0x00000265b764e000 JavaThread "AsyncHttpClient-1-4" daemon [_thread_in_native, id=2020, stack(0x000000f2d3500000,0x000000f2d3600000)]
  0x00000265b764f800 JavaThread "AsyncHttpClient-1-3" daemon [_thread_in_native, id=4912, stack(0x000000f2d3400000,0x000000f2d3500000)]
  0x00000265b7655000 JavaThread "AsyncHttpClient-1-2" daemon [_thread_in_native, id=16304, stack(0x000000f2d3300000,0x000000f2d3400000)]
  0x00000265b778c800 JavaThread "Driver Service Executor" daemon [_thread_blocked, id=10596, stack(0x000000f2d2f00000,0x000000f2d3000000)]
  0x00000265b699d800 JavaThread "Driver Service Executor" daemon [_thread_blocked, id=6672, stack(0x000000f2d2e00000,0x000000f2d2f00000)]
  0x00000265b7e4a800 JavaThread "Exec Stream Pumper" daemon [_thread_in_native, id=7092, stack(0x000000f2d2d00000,0x000000f2d2e00000)]
  0x00000265b667c000 JavaThread "Exec Stream Pumper" daemon [_thread_in_native, id=18292, stack(0x000000f2d2c00000,0x000000f2d2d00000)]
  0x00000265b8095800 JavaThread "Exec Default Executor" daemon [_thread_in_native, id=16876, stack(0x000000f2d2b00000,0x000000f2d2c00000)]
  0x00000265b7635800 JavaThread "AsyncHttpClient-1-1" daemon [_thread_blocked, id=19900, stack(0x000000f2d2a00000,0x000000f2d2b00000)]
  0x00000265b5a32000 JavaThread "ReaderThread" [_thread_in_native, id=17344, stack(0x000000f2d2800000,0x000000f2d2900000)]
  0x00000265b569f000 JavaThread "Service Thread" daemon [_thread_blocked, id=6748, stack(0x000000f2d2600000,0x000000f2d2700000)]
  0x00000265b5692800 JavaThread "C1 CompilerThread2" daemon [_thread_blocked, id=13120, stack(0x000000f2d2500000,0x000000f2d2600000)]
  0x00000265b561e000 JavaThread "C2 CompilerThread1" daemon [_thread_blocked, id=2260, stack(0x000000f2d2400000,0x000000f2d2500000)]
  0x00000265b561d000 JavaThread "C2 CompilerThread0" daemon [_thread_blocked, id=9224, stack(0x000000f2d2300000,0x000000f2d2400000)]
  0x00000265b3cf8000 JavaThread "JDWP Command Reader" daemon [_thread_in_native, id=6424, stack(0x000000f2d2200000,0x000000f2d2300000)]
  0x00000265b3cf4000 JavaThread "JDWP Event Helper Thread" daemon [_thread_blocked, id=8268, stack(0x000000f2d2100000,0x000000f2d2200000)]
  0x00000265b3ceb800 JavaThread "JDWP Transport Listener: dt_socket" daemon [_thread_blocked, id=13376, stack(0x000000f2d2000000,0x000000f2d2100000)]
  0x00000265b3cc9800 JavaThread "Attach Listener" daemon [_thread_blocked, id=17152, stack(0x000000f2d1f00000,0x000000f2d2000000)]
  0x00000265b3cc8000 JavaThread "Signal Dispatcher" daemon [_thread_blocked, id=14080, stack(0x000000f2d1e00000,0x000000f2d1f00000)]
  0x00000265b3ca2000 JavaThread "Finalizer" daemon [_thread_blocked, id=20360, stack(0x000000f2d1d00000,0x000000f2d1e00000)]
  0x00000265b3c9a000 JavaThread "Reference Handler" daemon [_thread_blocked, id=15616, stack(0x000000f2d1c00000,0x000000f2d1d00000)]
  0x00000265a0154000 JavaThread "main" [_thread_blocked, id=20156, stack(0x000000f2d1600000,0x000000f2d1700000)]

Other Threads:
=>0x00000265b3c6d000 VMThread [stack: 0x000000f2d1b00000,0x000000f2d1c00000] [id=6812]
  0x00000265b57a0000 WatcherThread [stack: 0x000000f2d2700000,0x000000f2d2800000] [id=10080]

VM state:at safepoint (normal execution)

VM Mutex/Monitor currently owned by a thread:  ([mutex/lock_event])
[0x00000265a01512e0] Threads_lock - owner thread: 0x00000265b3c6d000

heap address: 0x00000000c1600000, size: 1002 MB, Compressed Oops mode: 32-bit
Narrow klass base: 0x0000000000000000, Narrow klass shift: 3
Compressed class space size: 1073741824 Address: 0x0000000100000000

Heap:
 PSYoungGen      total 72192K, used 57402K [0x00000000eb200000, 0x00000000f3f00000, 0x0000000100000000)
  eden space 65024K, 88% used [0x00000000eb200000,0x00000000eea0eb30,0x00000000ef180000)
  from space 7168K, 0% used [0x00000000ef180000,0x00000000ef180000,0x00000000ef880000)
  to   space 7168K, 0% used [0x00000000f3800000,0x00000000f3800000,0x00000000f3f00000)
 ParOldGen       total 37888K, used 9762K [0x00000000c1600000, 0x00000000c3b00000, 0x00000000eb200000)
  object space 37888K, 25% used [0x00000000c1600000,0x00000000c1f88a18,0x00000000c3b00000)
 Metaspace       used 24422K, capacity 25372K, committed 25600K, reserved 1071104K
  class space    used 3029K, capacity 3248K, committed 3328K, reserved 1048576K

Card table byte_map: [0x00000265b0e00000,0x00000265b1000000] byte_map_base: 0x00000265b07f5000

Marking Bits: (ParMarkBitMap*) 0x00007ffab7b16040
 Begin Bits: [0x00000265b1150000, 0x00000265b20f8000)
 End Bits:   [0x00000265b20f8000, 0x00000265b30a0000)

Polling page: 0x00000265a1a10000

CodeCache: size=245760Kb used=7207Kb max_used=8220Kb free=238552Kb
 bounds [0x00000265a1a40000, 0x00000265a2250000, 0x00000265b0a40000]
 total_blobs=2547 nmethods=2072 adapters=395
 compilation: enabled

Compilation events (10 events):
Event: 5685.687 Thread 0x00000265b561e000 2325       4       io.netty.util.HashedWheelTimer::newTimeout (167 bytes)
Event: 5685.722 Thread 0x00000265b561e000 nmethod 2325 0x00000265a1fbf3d0 code [0x00000265a1fbf580, 0x00000265a1fbff90]
Event: 5708.787 Thread 0x00000265b561d000 2326       4       io.netty.util.concurrent.ImmediateExecutor::execute (15 bytes)
Event: 5708.792 Thread 0x00000265b561e000 2327   !   4       io.netty.util.HashedWheelTimer$HashedWheelTimeout::run (63 bytes)
Event: 5708.885 Thread 0x00000265b561e000 nmethod 2327 0x00000265a1e13410 code [0x00000265a1e13620, 0x00000265a1e147f8]
Event: 5708.888 Thread 0x00000265b561d000 nmethod 2326 0x00000265a1b7f210 code [0x00000265a1b7f420, 0x00000265a1b80978]
Event: 6043.692 Thread 0x00000265b5692800 2328 %     3       io.netty.util.HashedWheelTimer$Worker::run @ 42 (204 bytes)
Event: 6043.817 Thread 0x00000265b5692800 nmethod 2328% 0x00000265a1fd74d0 code [0x00000265a1fd77a0, 0x00000265a1fd8b10]
Event: 6146.090 Thread 0x00000265b5692800 2329       3       io.netty.util.HashedWheelTimer$Worker::run (204 bytes)
Event: 6146.098 Thread 0x00000265b5692800 nmethod 2329 0x00000265a1fd5550 code [0x00000265a1fd5820, 0x00000265a1fd6af0]

GC Heap History (10 events):
Event: 1.510 GC heap before
{Heap before GC invocations=4 (full 0):
 PSYoungGen      total 18944K, used 18944K [0x00000000eb200000, 0x00000000ed700000, 0x0000000100000000)
  eden space 16384K, 100% used [0x00000000eb200000,0x00000000ec200000,0x00000000ec200000)
  from space 2560K, 100% used [0x00000000ec200000,0x00000000ec480000,0x00000000ec480000)
  to   space 2560K, 0% used [0x00000000ed480000,0x00000000ed480000,0x00000000ed700000)
 ParOldGen       total 44032K, used 2618K [0x00000000c1600000, 0x00000000c4100000, 0x00000000eb200000)
  object space 44032K, 5% used [0x00000000c1600000,0x00000000c188eb58,0x00000000c4100000)
 Metaspace       used 11880K, capacity 12156K, committed 12416K, reserved 1060864K
  class space    used 1299K, capacity 1398K, committed 1408K, reserved 1048576K
Event: 1.513 GC heap after
Heap after GC invocations=4 (full 0):
 PSYoungGen      total 35328K, used 2547K [0x00000000eb200000, 0x00000000ed700000, 0x0000000100000000)
  eden space 32768K, 0% used [0x00000000eb200000,0x00000000eb200000,0x00000000ed200000)
  from space 2560K, 99% used [0x00000000ed480000,0x00000000ed6fcf68,0x00000000ed700000)
  to   space 2560K, 0% used [0x00000000ed200000,0x00000000ed200000,0x00000000ed480000)
 ParOldGen       total 44032K, used 3591K [0x00000000c1600000, 0x00000000c4100000, 0x00000000eb200000)
  object space 44032K, 8% used [0x00000000c1600000,0x00000000c1981e98,0x00000000c4100000)
 Metaspace       used 11880K, capacity 12156K, committed 12416K, reserved 1060864K
  class space    used 1299K, capacity 1398K, committed 1408K, reserved 1048576K
}
Event: 1.982 GC heap before
{Heap before GC invocations=5 (full 0):
 PSYoungGen      total 35328K, used 35315K [0x00000000eb200000, 0x00000000ed700000, 0x0000000100000000)
  eden space 32768K, 100% used [0x00000000eb200000,0x00000000ed200000,0x00000000ed200000)
  from space 2560K, 99% used [0x00000000ed480000,0x00000000ed6fcf68,0x00000000ed700000)
  to   space 2560K, 0% used [0x00000000ed200000,0x00000000ed200000,0x00000000ed480000)
 ParOldGen       total 44032K, used 3591K [0x00000000c1600000, 0x00000000c4100000, 0x00000000eb200000)
  object space 44032K, 8% used [0x00000000c1600000,0x00000000c1981e98,0x00000000c4100000)
 Metaspace       used 14665K, capacity 15070K, committed 15232K, reserved 1062912K
  class space    used 1671K, capacity 1813K, committed 1920K, reserved 1048576K
Event: 1.989 GC heap after
Heap after GC invocations=5 (full 0):
 PSYoungGen      total 35328K, used 2528K [0x00000000eb200000, 0x00000000eff00000, 0x0000000100000000)
  eden space 32768K, 0% used [0x00000000eb200000,0x00000000eb200000,0x00000000ed200000)
  from space 2560K, 98% used [0x00000000ed200000,0x00000000ed478030,0x00000000ed480000)
  to   space 6656K, 0% used [0x00000000ef880000,0x00000000ef880000,0x00000000eff00000)
 ParOldGen       total 44032K, used 7268K [0x00000000c1600000, 0x00000000c4100000, 0x00000000eb200000)
  object space 44032K, 16% used [0x00000000c1600000,0x00000000c1d19058,0x00000000c4100000)
 Metaspace       used 14665K, capacity 15070K, committed 15232K, reserved 1062912K
  class space    used 1671K, capacity 1813K, committed 1920K, reserved 1048576K
}
Event: 2.323 GC heap before
{Heap before GC invocations=6 (full 0):
 PSYoungGen      total 35328K, used 35296K [0x00000000eb200000, 0x00000000eff00000, 0x0000000100000000)
  eden space 32768K, 100% used [0x00000000eb200000,0x00000000ed200000,0x00000000ed200000)
  from space 2560K, 98% used [0x00000000ed200000,0x00000000ed478030,0x00000000ed480000)
  to   space 6656K, 0% used [0x00000000ef880000,0x00000000ef880000,0x00000000eff00000)
 ParOldGen       total 44032K, used 7268K [0x00000000c1600000, 0x00000000c4100000, 0x00000000eb200000)
  object space 44032K, 16% used [0x00000000c1600000,0x00000000c1d19058,0x00000000c4100000)
 Metaspace       used 18129K, capacity 18436K, committed 18688K, reserved 1064960K
  class space    used 2111K, capacity 2230K, committed 2304K, reserved 1048576K
Event: 2.330 GC heap after
Heap after GC invocations=6 (full 0):
 PSYoungGen      total 71680K, used 5468K [0x00000000eb200000, 0x00000000f0000000, 0x0000000100000000)
  eden space 65024K, 0% used [0x00000000eb200000,0x00000000eb200000,0x00000000ef180000)
  from space 6656K, 82% used [0x00000000ef880000,0x00000000efdd71e0,0x00000000eff00000)
  to   space 7168K, 0% used [0x00000000ef180000,0x00000000ef180000,0x00000000ef880000)
 ParOldGen       total 44032K, used 7268K [0x00000000c1600000, 0x00000000c4100000, 0x00000000eb200000)
  object space 44032K, 16% used [0x00000000c1600000,0x00000000c1d19058,0x00000000c4100000)
 Metaspace       used 18129K, capacity 18436K, committed 18688K, reserved 1064960K
  class space    used 2111K, capacity 2230K, committed 2304K, reserved 1048576K
}
Event: 2.715 GC heap before
{Heap before GC invocations=7 (full 0):
 PSYoungGen      total 71680K, used 32099K [0x00000000eb200000, 0x00000000f0000000, 0x0000000100000000)
  eden space 65024K, 40% used [0x00000000eb200000,0x00000000ecc01d00,0x00000000ef180000)
  from space 6656K, 82% used [0x00000000ef880000,0x00000000efdd71e0,0x00000000eff00000)
  to   space 7168K, 0% used [0x00000000ef180000,0x00000000ef180000,0x00000000ef880000)
 ParOldGen       total 44032K, used 7268K [0x00000000c1600000, 0x00000000c4100000, 0x00000000eb200000)
  object space 44032K, 16% used [0x00000000c1600000,0x00000000c1d19058,0x00000000c4100000)
 Metaspace       used 20510K, capacity 21288K, committed 21296K, reserved 1069056K
  class space    used 2479K, capacity 2686K, committed 2688K, reserved 1048576K
Event: 2.723 GC heap after
Heap after GC invocations=7 (full 0):
 PSYoungGen      total 72192K, used 4535K [0x00000000eb200000, 0x00000000f3f00000, 0x0000000100000000)
  eden space 65024K, 0% used [0x00000000eb200000,0x00000000eb200000,0x00000000ef180000)
  from space 7168K, 63% used [0x00000000ef180000,0x00000000ef5edea8,0x00000000ef880000)
  to   space 7168K, 0% used [0x00000000f3800000,0x00000000f3800000,0x00000000f3f00000)
 ParOldGen       total 44032K, used 8092K [0x00000000c1600000, 0x00000000c4100000, 0x00000000eb200000)
  object space 44032K, 18% used [0x00000000c1600000,0x00000000c1de7060,0x00000000c4100000)
 Metaspace       used 20510K, capacity 21288K, committed 21296K, reserved 1069056K
  class space    used 2479K, capacity 2686K, committed 2688K, reserved 1048576K
}
Event: 2.723 GC heap before
{Heap before GC invocations=8 (full 1):
 PSYoungGen      total 72192K, used 4535K [0x00000000eb200000, 0x00000000f3f00000, 0x0000000100000000)
  eden space 65024K, 0% used [0x00000000eb200000,0x00000000eb200000,0x00000000ef180000)
  from space 7168K, 63% used [0x00000000ef180000,0x00000000ef5edea8,0x00000000ef880000)
  to   space 7168K, 0% used [0x00000000f3800000,0x00000000f3800000,0x00000000f3f00000)
 ParOldGen       total 44032K, used 8092K [0x00000000c1600000, 0x00000000c4100000, 0x00000000eb200000)
  object space 44032K, 18% used [0x00000000c1600000,0x00000000c1de7060,0x00000000c4100000)
 Metaspace       used 20510K, capacity 21288K, committed 21296K, reserved 1069056K
  class space    used 2479K, capacity 2686K, committed 2688K, reserved 1048576K
Event: 2.766 GC heap after
Heap after GC invocations=8 (full 1):
 PSYoungGen      total 72192K, used 0K [0x00000000eb200000, 0x00000000f3f00000, 0x0000000100000000)
  eden space 65024K, 0% used [0x00000000eb200000,0x00000000eb200000,0x00000000ef180000)
  from space 7168K, 0% used [0x00000000ef180000,0x00000000ef180000,0x00000000ef880000)
  to   space 7168K, 0% used [0x00000000f3800000,0x00000000f3800000,0x00000000f3f00000)
 ParOldGen       total 37888K, used 9762K [0x00000000c1600000, 0x00000000c3b00000, 0x00000000eb200000)
  object space 37888K, 25% used [0x00000000c1600000,0x00000000c1f88a18,0x00000000c3b00000)
 Metaspace       used 20510K, capacity 21288K, committed 21296K, reserved 1069056K
  class space    used 2479K, capacity 2686K, committed 2688K, reserved 1048576K
}

Deoptimization events (10 events):
Event: 2.052 Thread 0x00000265a0154000 Uncommon trap: reason=class_check action=maybe_recompile pc=0x00000265a1e7159c method=java.util.regex.Pattern$Curly.match(Ljava/util/regex/Matcher;ILjava/lang/CharSequence;)Z @ 19
Event: 2.052 Thread 0x00000265a0154000 Uncommon trap: reason=class_check action=maybe_recompile pc=0x00000265a1e7159c method=java.util.regex.Pattern$Curly.match(Ljava/util/regex/Matcher;ILjava/lang/CharSequence;)Z @ 19
Event: 2.055 Thread 0x00000265a0154000 Uncommon trap: reason=unstable_if action=reinterpret pc=0x00000265a1fc86a4 method=java.io.WinNTFileSystem.isLetter(C)Z @ 3
Event: 2.116 Thread 0x00000265a0154000 Uncommon trap: reason=unstable_if action=reinterpret pc=0x00000265a1f9bd58 method=java.lang.ThreadLocal$ThreadLocalMap.getEntry(Ljava/lang/ThreadLocal;)Ljava/lang/ThreadLocal$ThreadLocalMap$Entry; @ 29
Event: 2.119 Thread 0x00000265a0154000 Uncommon trap: reason=unstable_if action=reinterpret pc=0x00000265a1f9c330 method=java.lang.ThreadLocal$ThreadLocalMap.getEntry(Ljava/lang/ThreadLocal;)Ljava/lang/ThreadLocal$ThreadLocalMap$Entry; @ 29
Event: 2.235 Thread 0x00000265a0154000 Uncommon trap: reason=unstable_if action=reinterpret pc=0x00000265a20690f8 method=org.eclipse.jdt.launching.internal.org.objectweb.asm.ClassReader.readMethod(Lorg/eclipse/jdt/launching/internal/org/objectweb/asm/ClassVisitor;Lorg/eclipse/jdt/launching/int
Event: 2.438 Thread 0x00000265a0154000 Uncommon trap: reason=unstable_if action=reinterpret pc=0x00000265a1c065d0 method=java.lang.String.replace(CC)Ljava/lang/String; @ 2
Event: 3.086 Thread 0x00000265b7655000 Uncommon trap: reason=unstable_if action=reinterpret pc=0x00000265a1b56a40 method=java.lang.CharacterData.of(I)Ljava/lang/CharacterData; @ 4
Event: 4.448 Thread 0x00000265b7655000 Uncommon trap: reason=null_check action=make_not_entrant pc=0x00000265a1ff5b60 method=java.lang.StringCoding.deref(Ljava/lang/ThreadLocal;)Ljava/lang/Object; @ 4
Event: 4.593 Thread 0x00000265a0154000 Uncommon trap: reason=class_check action=maybe_recompile pc=0x00000265a1e9887c method=java.util.HashMap.putVal(ILjava/lang/Object;Ljava/lang/Object;ZZ)Ljava/lang/Object; @ 253

Classes redefined (6 events):
Event: 188.837 Thread 0x00000265b3c6d000 redefined class name=in.redbus.BusBooking, count=1
Event: 5240.520 Thread 0x00000265b3c6d000 redefined class name=in.redbus.BusBooking, count=2
Event: 6183.431 Thread 0x00000265b3c6d000 redefined class name=in.redbus.BusBooking, count=3
Event: 6275.107 Thread 0x00000265b3c6d000 redefined class name=in.redbus.BusBooking, count=4
Event: 6391.376 Thread 0x00000265b3c6d000 redefined class name=in.redbus.BusBooking, count=5
Event: 6720.358 Thread 0x00000265b3c6d000 redefined class name=in.redbus.BusBooking, count=6

Internal exceptions (10 events):
Event: 2.362 Thread 0x00000265a0154000 Exception <a 'java/lang/NoSuchMethodError': java.lang.Object.lambda$andFinally$1(Lorg/openqa/selenium/remote/http/HttpHandler;Lorg/openqa/selenium/remote/http/HttpRequest;)Lorg/openqa/selenium/remote/http/HttpResponse;> (0x00000000eb498198) thrown at [C:\
Event: 2.413 Thread 0x00000265a0154000 Exception <a 'java/lang/IncompatibleClassChangeError': Found class java.lang.Object, but interface was expected> (0x00000000eb7f9a40) thrown at [C:\jenkins\workspace\8-2-build-windows-x64-cygwin-sans-NAS\jdk8u391\514\hotspot\src\share\vm\interpreter\linkR
Event: 2.415 Thread 0x00000265a0154000 Exception <a 'java/lang/NoSuchMethodError': java.lang.Object.lambda$or$2(Ljava/util/function/Predicate;Ljava/lang/Object;)Z> (0x00000000eb805070) thrown at [C:\jenkins\workspace\8-2-build-windows-x64-cygwin-sans-NAS\jdk8u391\514\hotspot\src\share\vm\inter
Event: 2.548 Thread 0x00000265a0154000 Exception <a 'java/lang/NoSuchMethodError': java.lang.Object.lambda$andThen$1(Ljava/util/function/Function;Ljava/lang/Object;)Ljava/lang/Object;> (0x00000000ebefea08) thrown at [C:\jenkins\workspace\8-2-build-windows-x64-cygwin-sans-NAS\jdk8u391\514\hotsp
Event: 2.601 Thread 0x00000265a0154000 Exception <a 'java/lang/NoSuchMethodError': java.lang.Object.lambda$chars$0()Ljava/util/Spliterator$OfInt;> (0x00000000ec274650) thrown at [C:\jenkins\workspace\8-2-build-windows-x64-cygwin-sans-NAS\jdk8u391\514\hotspot\src\share\vm\interpreter\linkResolv
Event: 2.684 Thread 0x00000265a0154000 Exception <a 'java/lang/NoSuchMethodError': java.lang.Object.lambda$negate$1(Ljava/lang/Object;)Z> (0x00000000ec8a99c8) thrown at [C:\jenkins\workspace\8-2-build-windows-x64-cygwin-sans-NAS\jdk8u391\514\hotspot\src\share\vm\interpreter\linkResolver.cpp, l
Event: 4.448 Thread 0x00000265b7655000 Implicit null exception at 0x00000265a1ff28ae to 0x00000265a1ff5afd
Event: 4.579 Thread 0x00000265a0154000 Exception <a 'java/lang/NoSuchMethodError': java.lang.Object.lambda$getResponseFunction$0(Lorg/openqa/selenium/remote/InitialHandshakeResponse;)Lorg/openqa/selenium/remote/ProtocolHandshake$Result;> (0x00000000ed794760) thrown at [C:\jenkins\workspace\8-2
Event: 6.970 Thread 0x00000265a0154000 Exception <a 'java/lang/NoSuchMethodError': java.lang.Object.FIND_ELEMENT(Ljava/lang/String;Ljava/lang/Object;)Lorg/openqa/selenium/remote/CommandPayload;> (0x00000000ee4d5b68) thrown at [C:\jenkins\workspace\8-2-build-windows-x64-cygwin-sans-NAS\jdk8u391
Event: 8.985 Thread 0x00000265a0154000 Exception <a 'java/lang/NoSuchMethodError': java.lang.Object.FIND_ELEMENTS(Ljava/lang/String;Ljava/lang/Object;)Lorg/openqa/selenium/remote/CommandPayload;> (0x00000000ee6dd268) thrown at [C:\jenkins\workspace\8-2-build-windows-x64-cygwin-sans-NAS\jdk8u39

Events (10 events):
Event: 6720.369 Executing VM operation: ChangeBreakpoints done
Event: 6978.223 Executing VM operation: GetCurrentContendedMonitor
Event: 6978.223 Executing VM operation: GetCurrentContendedMonitor done
Event: 6978.223 Executing VM operation: GetOwnedMonitorInfo
Event: 6978.223 Executing VM operation: GetOwnedMonitorInfo done
Event: 6991.290 Executing VM operation: GetCurrentContendedMonitor
Event: 6991.291 Executing VM operation: GetCurrentContendedMonitor done
Event: 6991.291 Executing VM operation: GetOwnedMonitorInfo
Event: 6991.291 Executing VM operation: GetOwnedMonitorInfo done
Event: 6992.726 Executing VM operation: GetOrSetLocal


Dynamic libraries:
0x00007ff651aa0000 - 0x00007ff651aea000 	C:\Program Files\Java\jdk-1.8\bin\javaw.exe
0x00007ffaeb550000 - 0x00007ffaeb748000 	C:\WINDOWS\SYSTEM32\ntdll.dll
0x00007ffaea990000 - 0x00007ffaeaa4d000 	C:\WINDOWS\System32\KERNEL32.DLL
0x00007ffae8ca0000 - 0x00007ffae8f96000 	C:\WINDOWS\System32\KERNELBASE.dll
0x00007ffaea720000 - 0x00007ffaea7d0000 	C:\WINDOWS\System32\ADVAPI32.dll
0x00007ffaea8f0000 - 0x00007ffaea98e000 	C:\WINDOWS\System32\msvcrt.dll
0x00007ffae9c60000 - 0x00007ffae9d00000 	C:\WINDOWS\System32\sechost.dll
0x00007ffaeaa50000 - 0x00007ffaeab73000 	C:\WINDOWS\System32\RPCRT4.dll
0x00007ffae8c00000 - 0x00007ffae8c27000 	C:\WINDOWS\System32\bcrypt.dll
0x00007ffae96f0000 - 0x00007ffae988f000 	C:\WINDOWS\System32\USER32.dll
0x00007ffae9550000 - 0x00007ffae9572000 	C:\WINDOWS\System32\win32u.dll
0x00007ffaea7e0000 - 0x00007ffaea80b000 	C:\WINDOWS\System32\GDI32.dll
0x00007ffae9380000 - 0x00007ffae9497000 	C:\WINDOWS\System32\gdi32full.dll
0x00007ffae8fa0000 - 0x00007ffae903d000 	C:\WINDOWS\System32\msvcp_win.dll
0x00007ffae9090000 - 0x00007ffae9190000 	C:\WINDOWS\System32\ucrtbase.dll
0x00007ffac8f20000 - 0x00007ffac91ba000 	C:\WINDOWS\WinSxS\amd64_microsoft.windows.common-controls_6595b64144ccf1df_6.0.19041.4355_none_60b8b9eb71f62e16\COMCTL32.dll
0x00007ffae9c20000 - 0x00007ffae9c52000 	C:\WINDOWS\System32\IMM32.DLL
0x00007ffae4190000 - 0x00007ffae41ab000 	C:\Program Files\Java\jdk-1.8\jre\bin\vcruntime140.dll
0x00007ffae3910000 - 0x00007ffae391c000 	C:\Program Files\Java\jdk-1.8\jre\bin\vcruntime140_1.dll
0x00007ffad2ea0000 - 0x00007ffad2f2e000 	C:\Program Files\Java\jdk-1.8\jre\bin\msvcp140.dll
0x00007ffab72e0000 - 0x00007ffab7b90000 	C:\Program Files\Java\jdk-1.8\jre\bin\server\jvm.dll
0x00007ffaea2c0000 - 0x00007ffaea2c8000 	C:\WINDOWS\System32\PSAPI.DLL
0x00007ffae3900000 - 0x00007ffae3909000 	C:\WINDOWS\SYSTEM32\WSOCK32.dll
0x00007ffac9ec0000 - 0x00007ffac9ee7000 	C:\WINDOWS\SYSTEM32\WINMM.dll
0x00007ffaea2d0000 - 0x00007ffaea33b000 	C:\WINDOWS\System32\WS2_32.dll
0x00007ffae04f0000 - 0x00007ffae04fa000 	C:\WINDOWS\SYSTEM32\VERSION.dll
0x00007ffae6aa0000 - 0x00007ffae6ab2000 	C:\WINDOWS\SYSTEM32\kernel.appcore.dll
0x00007ffae28b0000 - 0x00007ffae28c0000 	C:\Program Files\Java\jdk-1.8\jre\bin\verify.dll
0x00007ffade640000 - 0x00007ffade66b000 	C:\Program Files\Java\jdk-1.8\jre\bin\java.dll
0x00007ffadb0b0000 - 0x00007ffadb0e6000 	C:\Program Files\Java\jdk-1.8\jre\bin\jdwp.dll
0x00007ffae1bd0000 - 0x00007ffae1bd9000 	C:\Program Files\Java\jdk-1.8\jre\bin\npt.dll
0x00007ffad5470000 - 0x00007ffad54a4000 	C:\Program Files\Java\jdk-1.8\jre\bin\instrument.dll
0x00007ffade620000 - 0x00007ffade638000 	C:\Program Files\Java\jdk-1.8\jre\bin\zip.dll
0x00007ffaeada0000 - 0x00007ffaeb50b000 	C:\WINDOWS\System32\SHELL32.dll
0x00007ffae6ca0000 - 0x00007ffae743d000 	C:\WINDOWS\SYSTEM32\windows.storage.dll
0x00007ffaea340000 - 0x00007ffaea693000 	C:\WINDOWS\System32\combase.dll
0x00007ffae8550000 - 0x00007ffae857e000 	C:\WINDOWS\SYSTEM32\Wldp.dll
0x00007ffaeaba0000 - 0x00007ffaeac6d000 	C:\WINDOWS\System32\OLEAUT32.dll
0x00007ffae9d10000 - 0x00007ffae9dbd000 	C:\WINDOWS\System32\SHCORE.dll
0x00007ffae9a40000 - 0x00007ffae9a95000 	C:\WINDOWS\System32\shlwapi.dll
0x00007ffae8b30000 - 0x00007ffae8b54000 	C:\WINDOWS\SYSTEM32\profapi.dll
0x00007ffae1bc0000 - 0x00007ffae1bca000 	C:\Program Files\Java\jdk-1.8\jre\bin\dt_socket.dll
0x00007ffaa7a50000 - 0x00007ffaa7a67000 	C:\WINDOWS\system32\napinsp.dll
0x00007ffaa7a30000 - 0x00007ffaa7a4b000 	C:\WINDOWS\system32\pnrpnsp.dll
0x00007ffadbb30000 - 0x00007ffadbb45000 	C:\WINDOWS\system32\wshbth.dll
0x00007ffae3ff0000 - 0x00007ffae400d000 	C:\WINDOWS\system32\NLAapi.dll
0x00007ffae7f90000 - 0x00007ffae7fcb000 	C:\WINDOWS\SYSTEM32\IPHLPAPI.DLL
0x00007ffae82b0000 - 0x00007ffae831a000 	C:\WINDOWS\System32\mswsock.dll
0x00007ffae7fd0000 - 0x00007ffae809b000 	C:\WINDOWS\SYSTEM32\DNSAPI.dll
0x00007ffae9d00000 - 0x00007ffae9d08000 	C:\WINDOWS\System32\NSI.dll
0x00007ffaa7a10000 - 0x00007ffaa7a22000 	C:\WINDOWS\System32\winrnr.dll
0x00007ffae1900000 - 0x00007ffae1980000 	C:\WINDOWS\System32\fwpuclnt.dll
0x00007ffae1810000 - 0x00007ffae181a000 	C:\Windows\System32\rasadhlp.dll
0x00007ffadb3e0000 - 0x00007ffadb3fc000 	C:\Program Files\Java\jdk-1.8\jre\bin\net.dll
0x00007ffadb370000 - 0x00007ffadb383000 	C:\Program Files\Java\jdk-1.8\jre\bin\nio.dll
0x00007ffad5440000 - 0x00007ffad5465000 	C:\Program Files\Java\jdk-1.8\jre\bin\sunec.dll
0x00007ffae3b70000 - 0x00007ffae3b87000 	C:\WINDOWS\SYSTEM32\dhcpcsvc6.DLL
0x00007ffae3a80000 - 0x00007ffae3a9d000 	C:\WINDOWS\SYSTEM32\dhcpcsvc.DLL
0x00007ffae84a0000 - 0x00007ffae84b8000 	C:\WINDOWS\SYSTEM32\CRYPTSP.dll
0x00007ffae7bd0000 - 0x00007ffae7c04000 	C:\WINDOWS\system32\rsaenh.dll
0x00007ffae8ae0000 - 0x00007ffae8b0e000 	C:\WINDOWS\SYSTEM32\USERENV.dll
0x00007ffae92f0000 - 0x00007ffae9372000 	C:\WINDOWS\System32\bcryptprimitives.dll
0x00007ffae84c0000 - 0x00007ffae84cc000 	C:\WINDOWS\SYSTEM32\CRYPTBASE.dll
0x00007ffadea60000 - 0x00007ffadea6d000 	C:\Program Files\Java\jdk-1.8\jre\bin\management.dll
0x00007ffae3d60000 - 0x00007ffae3f44000 	C:\WINDOWS\SYSTEM32\dbghelp.dll

VM Arguments:
jvm_args: -agentlib:jdwp=transport=dt_socket,suspend=y,address=localhost:55586 -ea -javaagent:C:\Users\user\Downloads\eclipse-java-2023-12-R-win32-x86_64\eclipse\configuration\org.eclipse.osgi\249\0\.cp\lib\javaagent-shaded.jar -Dfile.encoding=UTF-8 -Dstdout.encoding=UTF-8 -Dstderr.encoding=UTF-8 
java_command: org.eclipse.jdt.internal.junit.runner.RemoteTestRunner -version 3 -port 55585 -testLoaderClass org.eclipse.jdt.internal.junit4.runner.JUnit4TestLoader -loaderpluginname org.eclipse.jdt.junit4.runtime -classNames in.redbus.BusBooking
java_class_path (initial): C:\Users\user\Desktop\PRAVEEN\PROJECT CLASS 5 task\RedBus\target\test-classes;C:\Users\user\Desktop\PRAVEEN\PROJECT CLASS 5 task\RedBus\target\classes;C:\Users\user\.m2\repository\junit\junit\4.13.2\junit-4.13.2.jar;C:\Users\user\.m2\repository\org\hamcrest\hamcrest-core\1.3\hamcrest-core-1.3.jar;C:\Users\user\.m2\repository\org\seleniumhq\selenium\selenium-java\4.10.0\selenium-java-4.10.0.jar;C:\Users\user\.m2\repository\org\seleniumhq\selenium\selenium-api\4.10.0\selenium-api-4.10.0.jar;C:\Users\user\.m2\repository\org\seleniumhq\selenium\selenium-chrome-driver\4.10.0\selenium-chrome-driver-4.10.0.jar;C:\Users\user\.m2\repository\com\google\auto\service\auto-service-annotations\1.0.1\auto-service-annotations-1.0.1.jar;C:\Users\user\.m2\repository\com\google\auto\service\auto-service\1.0.1\auto-service-1.0.1.jar;C:\Users\user\.m2\repository\com\google\auto\auto-common\1.2\auto-common-1.2.jar;C:\Users\user\.m2\repository\com\google\guava\guava\31.1-jre\guava-31.1-jre.jar;C:\Users\user\.m2\repository\com\google\guava\failureaccess\1.0.1\failureaccess-1.0.1.jar;C:\Users\user\.m2\repository\com\google\guava\listenablefuture\9999.0-empty-to-avoid-conflict-with-guava\listenablefuture-9999.0-empty-to-avoid-conflict-with-guava.jar;C:\Users\user\.m2\repository\com\google\code\findbugs\jsr305\3.0.2\jsr305-3.0.2.jar;C:\Users\user\.m2\repository\org\checkerframework\checker-qual\3.12.0\checker-qual-3.12.0.jar;C:\Users\user\.m2\repository\com\google\errorprone\error_prone_annotations\2.11.0\error_prone_annotations-2.11.0.jar;C:\Users\user\.m2\repository\com\google\j2objc\j2objc-annotations\1.3\j2objc-annotations-1.3.jar;C:\Users\user\.m2\repository\org\seleniumhq\selenium\selenium-chromium-driver\4.10.0\selenium-chromium-driver-4.10.0.jar;C:\Users\user\.m2\repository\org\seleniumhq\selenium\selenium-json\4.10.0\selenium-json-4.10.0.jar;C:\Users\user\.m2\repository\org\seleniumhq\selenium\selenium-manager\4.10.0\selenium-manager-4.10.0.jar;C:\Users\u
Launcher Type: SUN_STANDARD

Environment Variables:
JAVA_HOME=C:\Program Files\Java\jdk-1.8
PATH=C:\Program Files\Java\jdk-1.8\jre\bin;C:/Users/user/Downloads/eclipse-java-2023-12-R-win32-x86_64/eclipse//plugins/org.eclipse.justj.openjdk.hotspot.jre.full.win32.x86_64_17.0.9.v20231028-0858/jre/bin/server;C:/Users/user/Downloads/eclipse-java-2023-12-R-win32-x86_64/eclipse//plugins/org.eclipse.justj.openjdk.hotspot.jre.full.win32.x86_64_17.0.9.v20231028-0858/jre/bin;C:\Program Files (x86)\Common Files\Oracle\Java\javapath;C:\Program Files\Java\jdk1.8.0_202\bin;C:\Program Files\Java\jdk-1.8\bin;C:\Program Files\Git\cmd;C:\Users\user\Downloads\apache-maven-3.9.6-bin\apache-maven-3.9.6\bin;C:\Program Files\Java\jdk-1.8\bin;C:\Program Files\Java\jre-1.8\bin;C:\Program Files\nodejs\;C:\Users\user\AppData\Local\Microsoft\WindowsApps;C:\Users\user\AppData\Local\Programs\Microsoft VS Code\bin;C:\Users\user\Downloads\apache-maven-3.9.6-bin\apache-maven-3.9.6\bin;C:\Users\user\AppData\Roaming\npm;C:\Users\user\Downloads\eclipse-java-2023-12-R-win32-x86_64\eclipse;
USERNAME=user
OS=Windows_NT
PROCESSOR_IDENTIFIER=Intel64 Family 6 Model 60 Stepping 3, GenuineIntel



---------------  S Y S T E M  ---------------

OS: Windows 10 , 64 bit Build 19041 (10.0.19041.3636)

CPU:total 4 (initial active 4) (4 cores per cpu, 1 threads per core) family 6 model 60 stepping 3, cmov, cx8, fxsr, mmx, sse, sse2, sse3, ssse3, sse4.1, sse4.2, popcnt, avx, avx2, aes, clmul, erms, lzcnt, tsc, tscinvbit, bmi1, bmi2

Memory: 4k page, physical 4100224k(363132k free), swap 14517188k(2024528k free)

vm_info: Java HotSpot(TM) 64-Bit Server VM (25.391-b13) for windows-amd64 JRE (1.8.0_391-b13), built on Oct  4 2023 07:54:08 by "java_re" with MS VC++ 17.1 (VS2022)

time: Mon Jun  3 17:27:36 2024
timezone: India Standard Time
elapsed time: 6992.836023 seconds (0d 1h 56m 32s)

