#
# A fatal error has been detected by the Java Runtime Environment:
#
#  EXCEPTION_ACCESS_VIOLATION (0xc0000005) at pc=0x00007ffab73efb5c, pid=4416, tid=0x0000000000004338
#
# JRE version: Java(TM) SE Runtime Environment (8.0_391) (build 1.8.0_391-b13)
# Java VM: Java HotSpot(TM) 64-Bit Server VM (25.391-b13 mixed mode windows-amd64 compressed oops)
# Problematic frame:
# V  [jvm.dll+0x10fb5c]
#
# Failed to write core dump. Minidumps are not enabled by default on client versions of Windows
#
# If you would like to submit a bug report, please visit:
#   http://bugreport.java.com/bugreport/crash.jsp
#

---------------  T H R E A D  ---------------

Current thread (0x0000027e38851000):  VMThread [stack: 0x000000d713000000,0x000000d713100000] [id=17208]

siginfo: ExceptionCode=0xc0000005, reading address 0x0000000000000008

Registers:
RAX=0x0000000000000000, RBX=0x000000d7130ff180, RCX=0x0000000000000000, RDX=0x0000000000003a5a
RSP=0x000000d7130feea0, RBP=0x0000000000000001, RSI=0x00007ffab7b05d98, RDI=0x0000027e383a0638
R8 =0x0000000000000000, R9 =0x0000027e383a0638, R10=0x0000027e24dcf910, R11=0x0000027e383a147f
R12=0x00000000000000d1, R13=0x0000027e387700b0, R14=0x0000000000000001, R15=0x00007ffab72e0000
RIP=0x00007ffab73efb5c, EFLAGS=0x0000000000010206

Top of Stack: (sp=0x000000d7130feea0)
0x000000d7130feea0:   0000027e38851000 00007ffab73696fc
0x000000d7130feeb0:   0000e22122f13702 0000027e383a1610
0x000000d7130feec0:   000000d700000000 00007ffab73f3df7
0x000000d7130feed0:   000000d7130fefd0 00007ffab73f08c2
0x000000d7130feee0:   0000e22122f134d2 000000d7130ff180
0x000000d7130feef0:   00000000000000b2 00000000000000b2
0x000000d7130fef00:   000000d7130ff180 00007ffab73f21af
0x000000d7130fef10:   000000d7130fefd0 000000d7130fefd0
0x000000d7130fef20:   0000000000000001 0000000000000000
0x000000d7130fef30:   0000027e000000b7 00007ffab73696fc
0x000000d7130fef40:   0000027e383a1610 0000027e38851000
0x000000d7130fef50:   0000027e383a14a4 000000d7000000e6
0x000000d7130fef60:   0000027e38851000 00007ffab73696fc
0x000000d7130fef70:   00007ffab72e0000 00000000000000b2
0x000000d7130fef80:   00000000000000b2 0000027e383a14af
0x000000d7130fef90:   000000d7130ff180 00007ffab73f28ff 

Instructions: (pc=0x00007ffab73efb5c)
0x00007ffab73efb3c:   8b cf e8 ad 98 ff ff 8b d0 48 8b cf e8 a3 c2 ff
0x00007ffab73efb4c:   ff 48 63 c8 48 8d 35 41 62 71 00 48 8b 44 cf 50
0x00007ffab73efb5c:   0f b6 48 08 8b 05 2e 62 71 00 80 f9 4c 74 3d 80
0x00007ffab73efb6c:   f9 5b 74 38 80 f9 4a 74 24 80 f9 44 74 1f 80 f9 


Register to memory mapping:

RAX=0x0000000000000000 is an unknown value
RBX=0x000000d7130ff180 is an unknown value
RCX=0x0000000000000000 is an unknown value
RDX=0x0000000000003a5a is an unknown value
RSP=0x000000d7130feea0 is an unknown value
RBP=0x0000000000000001 is an unknown value
RSI=0x00007ffab7b05d98 is an unknown value
RDI=0x0000027e383a0638 is pointing into metadata
R8 =0x0000000000000000 is an unknown value
R9 =0x0000027e383a0638 is pointing into metadata
R10=0x0000027e24dcf910 is an unknown value
R11=0x0000027e383a147f is pointing into metadata
R12=0x00000000000000d1 is an unknown value
R13=0x0000027e387700b0 is an unknown value
R14=0x0000000000000001 is an unknown value
R15=0x00007ffab72e0000 is an unknown value


Stack: [0x000000d713000000,0x000000d713100000],  sp=0x000000d7130feea0,  free space=1019k
Native frames: (J=compiled Java code, j=interpreted, Vv=VM code, C=native code)
V  [jvm.dll+0x10fb5c]
V  [jvm.dll+0x1121af]
V  [jvm.dll+0x1128ff]
V  [jvm.dll+0x10fe65]
V  [jvm.dll+0x10ef2d]
V  [jvm.dll+0xd3a4b]
V  [jvm.dll+0xd45b9]
V  [jvm.dll+0x11c7d4]
V  [jvm.dll+0x141427]
V  [jvm.dll+0x1c8151]
V  [jvm.dll+0x259a87]
V  [jvm.dll+0x2581af]
V  [jvm.dll+0x258938]
V  [jvm.dll+0x258c04]
V  [jvm.dll+0x2accfc]
C  [ucrtbase.dll+0x21bb2]
C  [KERNEL32.DLL+0x17344]
C  [ntdll.dll+0x526b1]

VM_Operation (0x000000d7135ff400): GetOrSetLocal, mode: safepoint, requested by thread 0x0000027e388cf800


---------------  P R O C E S S  ---------------

Java Threads: ( => current thread )
  0x0000027e3b194800 JavaThread "AsyncHttpClient-1-4" daemon [_thread_in_native, id=15124, stack(0x000000d714a00000,0x000000d714b00000)]
  0x0000027e3b193000 JavaThread "AsyncHttpClient-1-3" daemon [_thread_in_native, id=15980, stack(0x000000d714900000,0x000000d714a00000)]
  0x0000027e3b191000 JavaThread "AsyncHttpClient-1-2" daemon [_thread_in_native, id=12132, stack(0x000000d714800000,0x000000d714900000)]
  0x0000027e3b1ad000 JavaThread "Driver Service Executor" daemon [_thread_blocked, id=19016, stack(0x000000d714400000,0x000000d714500000)]
  0x0000027e3b1df800 JavaThread "Driver Service Executor" daemon [_thread_blocked, id=13012, stack(0x000000d714300000,0x000000d714400000)]
  0x0000027e3c846800 JavaThread "Exec Stream Pumper" daemon [_thread_in_native, id=16604, stack(0x000000d714200000,0x000000d714300000)]
  0x0000027e3d771800 JavaThread "Exec Stream Pumper" daemon [_thread_in_native, id=15180, stack(0x000000d714100000,0x000000d714200000)]
  0x0000027e3b1ee000 JavaThread "Exec Default Executor" daemon [_thread_in_native, id=11832, stack(0x000000d714000000,0x000000d714100000)]
  0x0000027e3b8b9000 JavaThread "AsyncHttpClient-1-1" daemon [_thread_blocked, id=17264, stack(0x000000d713f00000,0x000000d714000000)]
  0x0000027e3a629800 JavaThread "ReaderThread" [_thread_in_native, id=2748, stack(0x000000d713d00000,0x000000d713e00000)]
  0x0000027e3a2c6000 JavaThread "Service Thread" daemon [_thread_blocked, id=11712, stack(0x000000d713b00000,0x000000d713c00000)]
  0x0000027e3a153000 JavaThread "C1 CompilerThread2" daemon [_thread_blocked, id=19424, stack(0x000000d713a00000,0x000000d713b00000)]
  0x0000027e3a152000 JavaThread "C2 CompilerThread1" daemon [_thread_blocked, id=5888, stack(0x000000d713900000,0x000000d713a00000)]
  0x0000027e3a1b9800 JavaThread "C2 CompilerThread0" daemon [_thread_blocked, id=11612, stack(0x000000d713800000,0x000000d713900000)]
  0x0000027e388d7000 JavaThread "JDWP Command Reader" daemon [_thread_in_native, id=696, stack(0x000000d713700000,0x000000d713800000)]
  0x0000027e388d3800 JavaThread "JDWP Event Helper Thread" daemon [_thread_blocked, id=11416, stack(0x000000d713600000,0x000000d713700000)]
  0x0000027e388cf800 JavaThread "JDWP Transport Listener: dt_socket" daemon [_thread_blocked, id=16752, stack(0x000000d713500000,0x000000d713600000)]
  0x0000027e388ab000 JavaThread "Attach Listener" daemon [_thread_blocked, id=10668, stack(0x000000d713400000,0x000000d713500000)]
  0x0000027e388aa000 JavaThread "Signal Dispatcher" daemon [_thread_blocked, id=16648, stack(0x000000d713300000,0x000000d713400000)]
  0x0000027e38884000 JavaThread "Finalizer" daemon [_thread_blocked, id=17648, stack(0x000000d713200000,0x000000d713300000)]
  0x0000027e3887c000 JavaThread "Reference Handler" daemon [_thread_blocked, id=6608, stack(0x000000d713100000,0x000000d713200000)]
  0x0000027e24db6800 JavaThread "main" [_thread_blocked, id=17856, stack(0x000000d712b00000,0x000000d712c00000)]

Other Threads:
=>0x0000027e38851000 VMThread [stack: 0x000000d713000000,0x000000d713100000] [id=17208]
  0x0000027e3a3a3800 WatcherThread [stack: 0x000000d713c00000,0x000000d713d00000] [id=8608]

VM state:at safepoint (normal execution)

VM Mutex/Monitor currently owned by a thread:  ([mutex/lock_event])
[0x0000027e24db5360] Threads_lock - owner thread: 0x0000027e38851000

heap address: 0x00000000c1600000, size: 1002 MB, Compressed Oops mode: 32-bit
Narrow klass base: 0x0000000000000000, Narrow klass shift: 3
Compressed class space size: 1073741824 Address: 0x0000000100000000

Heap:
 PSYoungGen      total 72192K, used 57425K [0x00000000eb200000, 0x00000000f3f00000, 0x0000000100000000)
  eden space 65024K, 88% used [0x00000000eb200000,0x00000000eea147e8,0x00000000ef180000)
  from space 7168K, 0% used [0x00000000ef180000,0x00000000ef180000,0x00000000ef880000)
  to   space 7168K, 0% used [0x00000000f3800000,0x00000000f3800000,0x00000000f3f00000)
 ParOldGen       total 36864K, used 9769K [0x00000000c1600000, 0x00000000c3a00000, 0x00000000eb200000)
  object space 36864K, 26% used [0x00000000c1600000,0x00000000c1f8a510,0x00000000c3a00000)
 Metaspace       used 24389K, capacity 25372K, committed 25600K, reserved 1071104K
  class space    used 3030K, capacity 3248K, committed 3328K, reserved 1048576K

Card table byte_map: [0x0000027e35a00000,0x0000027e35c00000] byte_map_base: 0x0000027e353f5000

Marking Bits: (ParMarkBitMap*) 0x00007ffab7b16040
 Begin Bits: [0x0000027e35d50000, 0x0000027e36cf8000)
 End Bits:   [0x0000027e36cf8000, 0x0000027e37ca0000)

Polling page: 0x0000027e24d30000

CodeCache: size=245760Kb used=7129Kb max_used=8236Kb free=238630Kb
 bounds [0x0000027e26640000, 0x0000027e26e50000, 0x0000027e35640000]
 total_blobs=2506 nmethods=2031 adapters=395
 compilation: enabled

Compilation events (10 events):
Event: 5686.431 Thread 0x0000027e3a1b9800 2281   !   4       io.netty.util.HashedWheelTimer::start (103 bytes)
Event: 5686.444 Thread 0x0000027e3a1b9800 nmethod 2281 0x0000027e26bc26d0 code [0x0000027e26bc2820, 0x0000027e26bc2998]
Event: 5687.532 Thread 0x0000027e3a152000 2282       4       io.netty.util.HashedWheelTimer::newTimeout (167 bytes)
Event: 5687.585 Thread 0x0000027e3a152000 nmethod 2282 0x0000027e26938050 code [0x0000027e26938200, 0x0000027e26938c10]
Event: 5708.425 Thread 0x0000027e3a1b9800 2283       4       io.netty.util.concurrent.ImmediateExecutor::execute (15 bytes)
Event: 5708.493 Thread 0x0000027e3a1b9800 nmethod 2283 0x0000027e2677f050 code [0x0000027e2677f260, 0x0000027e267807b8]
Event: 6043.634 Thread 0x0000027e3a153000 2284 %     3       io.netty.util.HashedWheelTimer$Worker::run @ 42 (204 bytes)
Event: 6043.648 Thread 0x0000027e3a153000 nmethod 2284% 0x0000027e26787450 code [0x0000027e26787720, 0x0000027e26788a90]
Event: 6146.033 Thread 0x0000027e3a153000 2285       3       io.netty.util.HashedWheelTimer$Worker::run (204 bytes)
Event: 6146.038 Thread 0x0000027e3a153000 nmethod 2285 0x0000027e26ac1090 code [0x0000027e26ac1360, 0x0000027e26ac2630]

GC Heap History (10 events):
Event: 1.479 GC heap before
{Heap before GC invocations=4 (full 0):
 PSYoungGen      total 18944K, used 18928K [0x00000000eb200000, 0x00000000ed700000, 0x0000000100000000)
  eden space 16384K, 100% used [0x00000000eb200000,0x00000000ec200000,0x00000000ec200000)
  from space 2560K, 99% used [0x00000000ec200000,0x00000000ec47c030,0x00000000ec480000)
  to   space 2560K, 0% used [0x00000000ed480000,0x00000000ed480000,0x00000000ed700000)
 ParOldGen       total 44032K, used 2621K [0x00000000c1600000, 0x00000000c4100000, 0x00000000eb200000)
  object space 44032K, 5% used [0x00000000c1600000,0x00000000c188f588,0x00000000c4100000)
 Metaspace       used 11876K, capacity 12092K, committed 12160K, reserved 1060864K
  class space    used 1299K, capacity 1398K, committed 1408K, reserved 1048576K
Event: 1.484 GC heap after
Heap after GC invocations=4 (full 0):
 PSYoungGen      total 35328K, used 2544K [0x00000000eb200000, 0x00000000ed700000, 0x0000000100000000)
  eden space 32768K, 0% used [0x00000000eb200000,0x00000000eb200000,0x00000000ed200000)
  from space 2560K, 99% used [0x00000000ed480000,0x00000000ed6fc010,0x00000000ed700000)
  to   space 2560K, 0% used [0x00000000ed200000,0x00000000ed200000,0x00000000ed480000)
 ParOldGen       total 44032K, used 3576K [0x00000000c1600000, 0x00000000c4100000, 0x00000000eb200000)
  object space 44032K, 8% used [0x00000000c1600000,0x00000000c197e228,0x00000000c4100000)
 Metaspace       used 11876K, capacity 12092K, committed 12160K, reserved 1060864K
  class space    used 1299K, capacity 1398K, committed 1408K, reserved 1048576K
}
Event: 1.919 GC heap before
{Heap before GC invocations=5 (full 0):
 PSYoungGen      total 35328K, used 35312K [0x00000000eb200000, 0x00000000ed700000, 0x0000000100000000)
  eden space 32768K, 100% used [0x00000000eb200000,0x00000000ed200000,0x00000000ed200000)
  from space 2560K, 99% used [0x00000000ed480000,0x00000000ed6fc010,0x00000000ed700000)
  to   space 2560K, 0% used [0x00000000ed200000,0x00000000ed200000,0x00000000ed480000)
 ParOldGen       total 44032K, used 3576K [0x00000000c1600000, 0x00000000c4100000, 0x00000000eb200000)
  object space 44032K, 8% used [0x00000000c1600000,0x00000000c197e228,0x00000000c4100000)
 Metaspace       used 14663K, capacity 15070K, committed 15232K, reserved 1062912K
  class space    used 1671K, capacity 1813K, committed 1920K, reserved 1048576K
Event: 1.928 GC heap after
Heap after GC invocations=5 (full 0):
 PSYoungGen      total 35328K, used 2547K [0x00000000eb200000, 0x00000000eff00000, 0x0000000100000000)
  eden space 32768K, 0% used [0x00000000eb200000,0x00000000eb200000,0x00000000ed200000)
  from space 2560K, 99% used [0x00000000ed200000,0x00000000ed47cf98,0x00000000ed480000)
  to   space 6656K, 0% used [0x00000000ef880000,0x00000000ef880000,0x00000000eff00000)
 ParOldGen       total 44032K, used 7244K [0x00000000c1600000, 0x00000000c4100000, 0x00000000eb200000)
  object space 44032K, 16% used [0x00000000c1600000,0x00000000c1d13160,0x00000000c4100000)
 Metaspace       used 14663K, capacity 15070K, committed 15232K, reserved 1062912K
  class space    used 1671K, capacity 1813K, committed 1920K, reserved 1048576K
}
Event: 2.285 GC heap before
{Heap before GC invocations=6 (full 0):
 PSYoungGen      total 35328K, used 35315K [0x00000000eb200000, 0x00000000eff00000, 0x0000000100000000)
  eden space 32768K, 100% used [0x00000000eb200000,0x00000000ed200000,0x00000000ed200000)
  from space 2560K, 99% used [0x00000000ed200000,0x00000000ed47cf98,0x00000000ed480000)
  to   space 6656K, 0% used [0x00000000ef880000,0x00000000ef880000,0x00000000eff00000)
 ParOldGen       total 44032K, used 7244K [0x00000000c1600000, 0x00000000c4100000, 0x00000000eb200000)
  object space 44032K, 16% used [0x00000000c1600000,0x00000000c1d13160,0x00000000c4100000)
 Metaspace       used 18120K, capacity 18436K, committed 18688K, reserved 1064960K
  class space    used 2111K, capacity 2230K, committed 2304K, reserved 1048576K
Event: 2.292 GC heap after
Heap after GC invocations=6 (full 0):
 PSYoungGen      total 71680K, used 5406K [0x00000000eb200000, 0x00000000f0000000, 0x0000000100000000)
  eden space 65024K, 0% used [0x00000000eb200000,0x00000000eb200000,0x00000000ef180000)
  from space 6656K, 81% used [0x00000000ef880000,0x00000000efdc79b0,0x00000000eff00000)
  to   space 7168K, 0% used [0x00000000ef180000,0x00000000ef180000,0x00000000ef880000)
 ParOldGen       total 44032K, used 7252K [0x00000000c1600000, 0x00000000c4100000, 0x00000000eb200000)
  object space 44032K, 16% used [0x00000000c1600000,0x00000000c1d15160,0x00000000c4100000)
 Metaspace       used 18120K, capacity 18436K, committed 18688K, reserved 1064960K
  class space    used 2111K, capacity 2230K, committed 2304K, reserved 1048576K
}
Event: 3.231 GC heap before
{Heap before GC invocations=7 (full 0):
 PSYoungGen      total 71680K, used 32459K [0x00000000eb200000, 0x00000000f0000000, 0x0000000100000000)
  eden space 65024K, 41% used [0x00000000eb200000,0x00000000ecc6b2a8,0x00000000ef180000)
  from space 6656K, 81% used [0x00000000ef880000,0x00000000efdc79b0,0x00000000eff00000)
  to   space 7168K, 0% used [0x00000000ef180000,0x00000000ef180000,0x00000000ef880000)
 ParOldGen       total 44032K, used 7252K [0x00000000c1600000, 0x00000000c4100000, 0x00000000eb200000)
  object space 44032K, 16% used [0x00000000c1600000,0x00000000c1d15160,0x00000000c4100000)
 Metaspace       used 20504K, capacity 21288K, committed 21296K, reserved 1069056K
  class space    used 2481K, capacity 2686K, committed 2688K, reserved 1048576K
Event: 3.241 GC heap after
Heap after GC invocations=7 (full 0):
 PSYoungGen      total 72192K, used 4591K [0x00000000eb200000, 0x00000000f3f00000, 0x0000000100000000)
  eden space 65024K, 0% used [0x00000000eb200000,0x00000000eb200000,0x00000000ef180000)
  from space 7168K, 64% used [0x00000000ef180000,0x00000000ef5fbd28,0x00000000ef880000)
  to   space 7168K, 0% used [0x00000000f3800000,0x00000000f3800000,0x00000000f3f00000)
 ParOldGen       total 44032K, used 8036K [0x00000000c1600000, 0x00000000c4100000, 0x00000000eb200000)
  object space 44032K, 18% used [0x00000000c1600000,0x00000000c1dd9168,0x00000000c4100000)
 Metaspace       used 20504K, capacity 21288K, committed 21296K, reserved 1069056K
  class space    used 2481K, capacity 2686K, committed 2688K, reserved 1048576K
}
Event: 3.241 GC heap before
{Heap before GC invocations=8 (full 1):
 PSYoungGen      total 72192K, used 4591K [0x00000000eb200000, 0x00000000f3f00000, 0x0000000100000000)
  eden space 65024K, 0% used [0x00000000eb200000,0x00000000eb200000,0x00000000ef180000)
  from space 7168K, 64% used [0x00000000ef180000,0x00000000ef5fbd28,0x00000000ef880000)
  to   space 7168K, 0% used [0x00000000f3800000,0x00000000f3800000,0x00000000f3f00000)
 ParOldGen       total 44032K, used 8036K [0x00000000c1600000, 0x00000000c4100000, 0x00000000eb200000)
  object space 44032K, 18% used [0x00000000c1600000,0x00000000c1dd9168,0x00000000c4100000)
 Metaspace       used 20504K, capacity 21288K, committed 21296K, reserved 1069056K
  class space    used 2481K, capacity 2686K, committed 2688K, reserved 1048576K
Event: 3.278 GC heap after
Heap after GC invocations=8 (full 1):
 PSYoungGen      total 72192K, used 0K [0x00000000eb200000, 0x00000000f3f00000, 0x0000000100000000)
  eden space 65024K, 0% used [0x00000000eb200000,0x00000000eb200000,0x00000000ef180000)
  from space 7168K, 0% used [0x00000000ef180000,0x00000000ef180000,0x00000000ef880000)
  to   space 7168K, 0% used [0x00000000f3800000,0x00000000f3800000,0x00000000f3f00000)
 ParOldGen       total 36864K, used 9769K [0x00000000c1600000, 0x00000000c3a00000, 0x00000000eb200000)
  object space 36864K, 26% used [0x00000000c1600000,0x00000000c1f8a510,0x00000000c3a00000)
 Metaspace       used 20504K, capacity 21288K, committed 21296K, reserved 1069056K
  class space    used 2481K, capacity 2686K, committed 2688K, reserved 1048576K
}

Deoptimization events (10 events):
Event: 1.989 Thread 0x0000027e24db6800 Uncommon trap: reason=class_check action=maybe_recompile pc=0x0000027e26a61c5c method=java.util.regex.Pattern$Curly.match(Ljava/util/regex/Matcher;ILjava/lang/CharSequence;)Z @ 19
Event: 1.989 Thread 0x0000027e24db6800 Uncommon trap: reason=class_check action=maybe_recompile pc=0x0000027e26a61c5c method=java.util.regex.Pattern$Curly.match(Ljava/util/regex/Matcher;ILjava/lang/CharSequence;)Z @ 19
Event: 1.989 Thread 0x0000027e24db6800 Uncommon trap: reason=class_check action=maybe_recompile pc=0x0000027e26a61c5c method=java.util.regex.Pattern$Curly.match(Ljava/util/regex/Matcher;ILjava/lang/CharSequence;)Z @ 19
Event: 1.989 Thread 0x0000027e24db6800 Uncommon trap: reason=class_check action=maybe_recompile pc=0x0000027e26a61c5c method=java.util.regex.Pattern$Curly.match(Ljava/util/regex/Matcher;ILjava/lang/CharSequence;)Z @ 19
Event: 1.992 Thread 0x0000027e24db6800 Uncommon trap: reason=unstable_if action=reinterpret pc=0x0000027e26bcef64 method=java.io.WinNTFileSystem.isLetter(C)Z @ 3
Event: 2.072 Thread 0x0000027e24db6800 Uncommon trap: reason=unstable_if action=reinterpret pc=0x0000027e26b9bdd8 method=java.lang.ThreadLocal$ThreadLocalMap.getEntry(Ljava/lang/ThreadLocal;)Ljava/lang/ThreadLocal$ThreadLocalMap$Entry; @ 29
Event: 2.073 Thread 0x0000027e24db6800 Uncommon trap: reason=unstable_if action=reinterpret pc=0x0000027e26b9c3b0 method=java.lang.ThreadLocal$ThreadLocalMap.getEntry(Ljava/lang/ThreadLocal;)Ljava/lang/ThreadLocal$ThreadLocalMap$Entry; @ 29
Event: 2.403 Thread 0x0000027e24db6800 Uncommon trap: reason=unstable_if action=reinterpret pc=0x0000027e268072e8 method=java.lang.String.replace(CC)Ljava/lang/String; @ 2
Event: 3.496 Thread 0x0000027e3b191000 Uncommon trap: reason=unstable_if action=reinterpret pc=0x0000027e26762100 method=java.lang.CharacterData.of(I)Ljava/lang/CharacterData; @ 4
Event: 6.204 Thread 0x0000027e24db6800 Uncommon trap: reason=class_check action=maybe_recompile pc=0x0000027e26a9ae18 method=java.util.HashMap.putVal(ILjava/lang/Object;Ljava/lang/Object;ZZ)Ljava/lang/Object; @ 253

Classes redefined (6 events):
Event: 4486.366 Thread 0x0000027e38851000 redefined class name=in.redbus.BusBooking, count=1
Event: 5428.760 Thread 0x0000027e38851000 redefined class name=in.redbus.BusBooking, count=2
Event: 5519.096 Thread 0x0000027e38851000 redefined class name=in.redbus.BusBooking, count=3
Event: 5636.005 Thread 0x0000027e38851000 redefined class name=in.redbus.BusBooking, count=4
Event: 5964.577 Thread 0x0000027e38851000 redefined class name=in.redbus.BusBooking, count=5
Event: 6391.096 Thread 0x0000027e38851000 redefined class name=in.redbus.BusBooking, count=6

Internal exceptions (10 events):
Event: 2.320 Thread 0x0000027e24db6800 Exception <a 'java/lang/NoSuchMethodError': java.lang.Object.lambda$andFinally$1(Lorg/openqa/selenium/remote/http/HttpHandler;Lorg/openqa/selenium/remote/http/HttpRequest;)Lorg/openqa/selenium/remote/http/HttpResponse;> (0x00000000eb4a0fc8) thrown at [C:\
Event: 2.373 Thread 0x0000027e24db6800 Exception <a 'java/lang/IncompatibleClassChangeError': Found class java.lang.Object, but interface was expected> (0x00000000eb815590) thrown at [C:\jenkins\workspace\8-2-build-windows-x64-cygwin-sans-NAS\jdk8u391\514\hotspot\src\share\vm\interpreter\linkR
Event: 2.375 Thread 0x0000027e24db6800 Exception <a 'java/lang/NoSuchMethodError': java.lang.Object.lambda$or$2(Ljava/util/function/Predicate;Ljava/lang/Object;)Z> (0x00000000eb820bc0) thrown at [C:\jenkins\workspace\8-2-build-windows-x64-cygwin-sans-NAS\jdk8u391\514\hotspot\src\share\vm\inter
Event: 3.023 Thread 0x0000027e3b817800 Exception <a 'java/net/SocketTimeoutException': connect timed out> (0x00000000ebd9d2b0) thrown at [C:\jenkins\workspace\8-2-build-windows-x64-cygwin-sans-NAS\jdk8u391\514\hotspot\src\share\vm\prims\jni.cpp, line 737]
Event: 3.061 Thread 0x0000027e24db6800 Exception <a 'java/lang/NoSuchMethodError': java.lang.Object.lambda$andThen$1(Ljava/util/function/Function;Ljava/lang/Object;)Ljava/lang/Object;> (0x00000000ebf1d190) thrown at [C:\jenkins\workspace\8-2-build-windows-x64-cygwin-sans-NAS\jdk8u391\514\hotsp
Event: 3.115 Thread 0x0000027e24db6800 Exception <a 'java/lang/NoSuchMethodError': java.lang.Object.lambda$chars$0()Ljava/util/Spliterator$OfInt;> (0x00000000ec27c6d0) thrown at [C:\jenkins\workspace\8-2-build-windows-x64-cygwin-sans-NAS\jdk8u391\514\hotspot\src\share\vm\interpreter\linkResolv
Event: 3.201 Thread 0x0000027e24db6800 Exception <a 'java/lang/NoSuchMethodError': java.lang.Object.lambda$negate$1(Ljava/lang/Object;)Z> (0x00000000ec8b46b8) thrown at [C:\jenkins\workspace\8-2-build-windows-x64-cygwin-sans-NAS\jdk8u391\514\hotspot\src\share\vm\interpreter\linkResolver.cpp, l
Event: 6.190 Thread 0x0000027e24db6800 Exception <a 'java/lang/NoSuchMethodError': java.lang.Object.lambda$getResponseFunction$0(Lorg/openqa/selenium/remote/InitialHandshakeResponse;)Lorg/openqa/selenium/remote/ProtocolHandshake$Result;> (0x00000000ed8051a0) thrown at [C:\jenkins\workspace\8-2
Event: 8.293 Thread 0x0000027e24db6800 Exception <a 'java/lang/NoSuchMethodError': java.lang.Object.FIND_ELEMENT(Ljava/lang/String;Ljava/lang/Object;)Lorg/openqa/selenium/remote/CommandPayload;> (0x00000000ee57cc48) thrown at [C:\jenkins\workspace\8-2-build-windows-x64-cygwin-sans-NAS\jdk8u391
Event: 10.216 Thread 0x0000027e24db6800 Exception <a 'java/lang/NoSuchMethodError': java.lang.Object.FIND_ELEMENTS(Ljava/lang/String;Ljava/lang/Object;)Lorg/openqa/selenium/remote/CommandPayload;> (0x00000000ee6e1688) thrown at [C:\jenkins\workspace\8-2-build-windows-x64-cygwin-sans-NAS\jdk8u39

Events (10 events):
Event: 6431.842 Executing VM operation: GetOwnedMonitorInfo done
Event: 6462.974 Executing VM operation: GetCurrentContendedMonitor
Event: 6462.974 Executing VM operation: GetCurrentContendedMonitor done
Event: 6462.974 Executing VM operation: GetOwnedMonitorInfo
Event: 6462.975 Executing VM operation: GetOwnedMonitorInfo done
Event: 6464.243 Executing VM operation: GetOwnedMonitorInfo
Event: 6464.243 Executing VM operation: GetOwnedMonitorInfo done
Event: 6464.243 Executing VM operation: GetCurrentContendedMonitor
Event: 6464.243 Executing VM operation: GetCurrentContendedMonitor done
Event: 6464.274 Executing VM operation: GetOrSetLocal


Dynamic libraries:
0x00007ff651aa0000 - 0x00007ff651aea000 	C:\Program Files\Java\jdk-1.8\bin\javaw.exe
0x00007ffaeb550000 - 0x00007ffaeb748000 	C:\WINDOWS\SYSTEM32\ntdll.dll
0x00007ffaea990000 - 0x00007ffaeaa4d000 	C:\WINDOWS\System32\KERNEL32.DLL
0x00007ffae8ca0000 - 0x00007ffae8f96000 	C:\WINDOWS\System32\KERNELBASE.dll
0x00007ffaea720000 - 0x00007ffaea7d0000 	C:\WINDOWS\System32\ADVAPI32.dll
0x00007ffaea8f0000 - 0x00007ffaea98e000 	C:\WINDOWS\System32\msvcrt.dll
0x00007ffae9c60000 - 0x00007ffae9d00000 	C:\WINDOWS\System32\sechost.dll
0x00007ffaeaa50000 - 0x00007ffaeab73000 	C:\WINDOWS\System32\RPCRT4.dll
0x00007ffae8c00000 - 0x00007ffae8c27000 	C:\WINDOWS\System32\bcrypt.dll
0x00007ffae96f0000 - 0x00007ffae988f000 	C:\WINDOWS\System32\USER32.dll
0x00007ffae9550000 - 0x00007ffae9572000 	C:\WINDOWS\System32\win32u.dll
0x00007ffaea7e0000 - 0x00007ffaea80b000 	C:\WINDOWS\System32\GDI32.dll
0x00007ffae9380000 - 0x00007ffae9497000 	C:\WINDOWS\System32\gdi32full.dll
0x00007ffae8fa0000 - 0x00007ffae903d000 	C:\WINDOWS\System32\msvcp_win.dll
0x00007ffae9090000 - 0x00007ffae9190000 	C:\WINDOWS\System32\ucrtbase.dll
0x00007ffac8f20000 - 0x00007ffac91ba000 	C:\WINDOWS\WinSxS\amd64_microsoft.windows.common-controls_6595b64144ccf1df_6.0.19041.4355_none_60b8b9eb71f62e16\COMCTL32.dll
0x00007ffae9c20000 - 0x00007ffae9c52000 	C:\WINDOWS\System32\IMM32.DLL
0x00007ffae4190000 - 0x00007ffae41ab000 	C:\Program Files\Java\jdk-1.8\jre\bin\vcruntime140.dll
0x00007ffae3910000 - 0x00007ffae391c000 	C:\Program Files\Java\jdk-1.8\jre\bin\vcruntime140_1.dll
0x00007ffad2ea0000 - 0x00007ffad2f2e000 	C:\Program Files\Java\jdk-1.8\jre\bin\msvcp140.dll
0x00007ffab72e0000 - 0x00007ffab7b90000 	C:\Program Files\Java\jdk-1.8\jre\bin\server\jvm.dll
0x00007ffaea2c0000 - 0x00007ffaea2c8000 	C:\WINDOWS\System32\PSAPI.DLL
0x00007ffae04f0000 - 0x00007ffae04fa000 	C:\WINDOWS\SYSTEM32\VERSION.dll
0x00007ffac9ec0000 - 0x00007ffac9ee7000 	C:\WINDOWS\SYSTEM32\WINMM.dll
0x00007ffae3900000 - 0x00007ffae3909000 	C:\WINDOWS\SYSTEM32\WSOCK32.dll
0x00007ffaea2d0000 - 0x00007ffaea33b000 	C:\WINDOWS\System32\WS2_32.dll
0x00007ffae6aa0000 - 0x00007ffae6ab2000 	C:\WINDOWS\SYSTEM32\kernel.appcore.dll
0x00007ffae28b0000 - 0x00007ffae28c0000 	C:\Program Files\Java\jdk-1.8\jre\bin\verify.dll
0x00007ffade640000 - 0x00007ffade66b000 	C:\Program Files\Java\jdk-1.8\jre\bin\java.dll
0x00007ffadb0b0000 - 0x00007ffadb0e6000 	C:\Program Files\Java\jdk-1.8\jre\bin\jdwp.dll
0x00007ffae1bd0000 - 0x00007ffae1bd9000 	C:\Program Files\Java\jdk-1.8\jre\bin\npt.dll
0x00007ffad5470000 - 0x00007ffad54a4000 	C:\Program Files\Java\jdk-1.8\jre\bin\instrument.dll
0x00007ffade620000 - 0x00007ffade638000 	C:\Program Files\Java\jdk-1.8\jre\bin\zip.dll
0x00007ffaeada0000 - 0x00007ffaeb50b000 	C:\WINDOWS\System32\SHELL32.dll
0x00007ffae6ca0000 - 0x00007ffae743d000 	C:\WINDOWS\SYSTEM32\windows.storage.dll
0x00007ffaea340000 - 0x00007ffaea693000 	C:\WINDOWS\System32\combase.dll
0x00007ffae8550000 - 0x00007ffae857e000 	C:\WINDOWS\SYSTEM32\Wldp.dll
0x00007ffaeaba0000 - 0x00007ffaeac6d000 	C:\WINDOWS\System32\OLEAUT32.dll
0x00007ffae9d10000 - 0x00007ffae9dbd000 	C:\WINDOWS\System32\SHCORE.dll
0x00007ffae9a40000 - 0x00007ffae9a95000 	C:\WINDOWS\System32\shlwapi.dll
0x00007ffae8b30000 - 0x00007ffae8b54000 	C:\WINDOWS\SYSTEM32\profapi.dll
0x00007ffae1bc0000 - 0x00007ffae1bca000 	C:\Program Files\Java\jdk-1.8\jre\bin\dt_socket.dll
0x00007ffaa7a50000 - 0x00007ffaa7a67000 	C:\WINDOWS\system32\napinsp.dll
0x00007ffaa7a30000 - 0x00007ffaa7a4b000 	C:\WINDOWS\system32\pnrpnsp.dll
0x00007ffadbb30000 - 0x00007ffadbb45000 	C:\WINDOWS\system32\wshbth.dll
0x00007ffae3ff0000 - 0x00007ffae400d000 	C:\WINDOWS\system32\NLAapi.dll
0x00007ffae7f90000 - 0x00007ffae7fcb000 	C:\WINDOWS\SYSTEM32\IPHLPAPI.DLL
0x00007ffae82b0000 - 0x00007ffae831a000 	C:\WINDOWS\System32\mswsock.dll
0x00007ffae7fd0000 - 0x00007ffae809b000 	C:\WINDOWS\SYSTEM32\DNSAPI.dll
0x00007ffae9d00000 - 0x00007ffae9d08000 	C:\WINDOWS\System32\NSI.dll
0x00007ffaa7a10000 - 0x00007ffaa7a22000 	C:\WINDOWS\System32\winrnr.dll
0x00007ffae1900000 - 0x00007ffae1980000 	C:\WINDOWS\System32\fwpuclnt.dll
0x00007ffae1810000 - 0x00007ffae181a000 	C:\Windows\System32\rasadhlp.dll
0x00007ffadb3e0000 - 0x00007ffadb3fc000 	C:\Program Files\Java\jdk-1.8\jre\bin\net.dll
0x00007ffadb370000 - 0x00007ffadb383000 	C:\Program Files\Java\jdk-1.8\jre\bin\nio.dll
0x00007ffad5440000 - 0x00007ffad5465000 	C:\Program Files\Java\jdk-1.8\jre\bin\sunec.dll
0x00007ffae3b70000 - 0x00007ffae3b87000 	C:\WINDOWS\SYSTEM32\dhcpcsvc6.DLL
0x00007ffae3a80000 - 0x00007ffae3a9d000 	C:\WINDOWS\SYSTEM32\dhcpcsvc.DLL
0x00007ffae84a0000 - 0x00007ffae84b8000 	C:\WINDOWS\SYSTEM32\CRYPTSP.dll
0x00007ffae7bd0000 - 0x00007ffae7c04000 	C:\WINDOWS\system32\rsaenh.dll
0x00007ffae8ae0000 - 0x00007ffae8b0e000 	C:\WINDOWS\SYSTEM32\USERENV.dll
0x00007ffae92f0000 - 0x00007ffae9372000 	C:\WINDOWS\System32\bcryptprimitives.dll
0x00007ffae84c0000 - 0x00007ffae84cc000 	C:\WINDOWS\SYSTEM32\CRYPTBASE.dll
0x00007ffadea60000 - 0x00007ffadea6d000 	C:\Program Files\Java\jdk-1.8\jre\bin\management.dll
0x00007ffae3d60000 - 0x00007ffae3f44000 	C:\WINDOWS\SYSTEM32\dbghelp.dll

VM Arguments:
jvm_args: -agentlib:jdwp=transport=dt_socket,suspend=y,address=localhost:57282 -ea -javaagent:C:\Users\user\Downloads\eclipse-java-2023-12-R-win32-x86_64\eclipse\configuration\org.eclipse.osgi\249\0\.cp\lib\javaagent-shaded.jar -Dfile.encoding=UTF-8 -Dstdout.encoding=UTF-8 -Dstderr.encoding=UTF-8 
java_command: org.eclipse.jdt.internal.junit.runner.RemoteTestRunner -version 3 -port 57281 -testLoaderClass org.eclipse.jdt.internal.junit4.runner.JUnit4TestLoader -loaderpluginname org.eclipse.jdt.junit4.runtime -classNames in.redbus.BusBooking
java_class_path (initial): C:\Users\user\Desktop\PRAVEEN\PROJECT CLASS 5 task\RedBus\target\test-classes;C:\Users\user\Desktop\PRAVEEN\PROJECT CLASS 5 task\RedBus\target\classes;C:\Users\user\.m2\repository\junit\junit\4.13.2\junit-4.13.2.jar;C:\Users\user\.m2\repository\org\hamcrest\hamcrest-core\1.3\hamcrest-core-1.3.jar;C:\Users\user\.m2\repository\org\seleniumhq\selenium\selenium-java\4.10.0\selenium-java-4.10.0.jar;C:\Users\user\.m2\repository\org\seleniumhq\selenium\selenium-api\4.10.0\selenium-api-4.10.0.jar;C:\Users\user\.m2\repository\org\seleniumhq\selenium\selenium-chrome-driver\4.10.0\selenium-chrome-driver-4.10.0.jar;C:\Users\user\.m2\repository\com\google\auto\service\auto-service-annotations\1.0.1\auto-service-annotations-1.0.1.jar;C:\Users\user\.m2\repository\com\google\auto\service\auto-service\1.0.1\auto-service-1.0.1.jar;C:\Users\user\.m2\repository\com\google\auto\auto-common\1.2\auto-common-1.2.jar;C:\Users\user\.m2\repository\com\google\guava\guava\31.1-jre\guava-31.1-jre.jar;C:\Users\user\.m2\repository\com\google\guava\failureaccess\1.0.1\failureaccess-1.0.1.jar;C:\Users\user\.m2\repository\com\google\guava\listenablefuture\9999.0-empty-to-avoid-conflict-with-guava\listenablefuture-9999.0-empty-to-avoid-conflict-with-guava.jar;C:\Users\user\.m2\repository\com\google\code\findbugs\jsr305\3.0.2\jsr305-3.0.2.jar;C:\Users\user\.m2\repository\org\checkerframework\checker-qual\3.12.0\checker-qual-3.12.0.jar;C:\Users\user\.m2\repository\com\google\errorprone\error_prone_annotations\2.11.0\error_prone_annotations-2.11.0.jar;C:\Users\user\.m2\repository\com\google\j2objc\j2objc-annotations\1.3\j2objc-annotations-1.3.jar;C:\Users\user\.m2\repository\org\seleniumhq\selenium\selenium-chromium-driver\4.10.0\selenium-chromium-driver-4.10.0.jar;C:\Users\user\.m2\repository\org\seleniumhq\selenium\selenium-json\4.10.0\selenium-json-4.10.0.jar;C:\Users\user\.m2\repository\org\seleniumhq\selenium\selenium-manager\4.10.0\selenium-manager-4.10.0.jar;C:\Users\u
Launcher Type: SUN_STANDARD

Environment Variables:
JAVA_HOME=C:\Program Files\Java\jdk-1.8
PATH=C:\Program Files\Java\jdk-1.8\jre\bin;C:/Users/user/Downloads/eclipse-java-2023-12-R-win32-x86_64/eclipse//plugins/org.eclipse.justj.openjdk.hotspot.jre.full.win32.x86_64_17.0.9.v20231028-0858/jre/bin/server;C:/Users/user/Downloads/eclipse-java-2023-12-R-win32-x86_64/eclipse//plugins/org.eclipse.justj.openjdk.hotspot.jre.full.win32.x86_64_17.0.9.v20231028-0858/jre/bin;C:\Program Files (x86)\Common Files\Oracle\Java\javapath;C:\Program Files\Java\jdk1.8.0_202\bin;C:\Program Files\Java\jdk-1.8\bin;C:\Program Files\Git\cmd;C:\Users\user\Downloads\apache-maven-3.9.6-bin\apache-maven-3.9.6\bin;C:\Program Files\Java\jdk-1.8\bin;C:\Program Files\Java\jre-1.8\bin;C:\Program Files\nodejs\;C:\Users\user\AppData\Local\Microsoft\WindowsApps;C:\Users\user\AppData\Local\Programs\Microsoft VS Code\bin;C:\Users\user\Downloads\apache-maven-3.9.6-bin\apache-maven-3.9.6\bin;C:\Users\user\AppData\Roaming\npm;C:\Users\user\Downloads\eclipse-java-2023-12-R-win32-x86_64\eclipse;
USERNAME=user
OS=Windows_NT
PROCESSOR_IDENTIFIER=Intel64 Family 6 Model 60 Stepping 3, GenuineIntel



---------------  S Y S T E M  ---------------

OS: Windows 10 , 64 bit Build 19041 (10.0.19041.3636)

CPU:total 4 (initial active 4) (4 cores per cpu, 1 threads per core) family 6 model 60 stepping 3, cmov, cx8, fxsr, mmx, sse, sse2, sse3, ssse3, sse4.1, sse4.2, popcnt, avx, avx2, aes, clmul, erms, lzcnt, tsc, tscinvbit, bmi1, bmi2

Memory: 4k page, physical 4100224k(493048k free), swap 13204144k(1996132k free)

vm_info: Java HotSpot(TM) 64-Bit Server VM (25.391-b13) for windows-amd64 JRE (1.8.0_391-b13), built on Oct  4 2023 07:54:08 by "java_re" with MS VC++ 17.1 (VS2022)

time: Mon Jun  3 17:31:23 2024
timezone: India Standard Time
elapsed time: 6464.387910 seconds (0d 1h 47m 44s)

